#
# There is insufficient memory for the Java Runtime Environment to continue.
# Native memory allocation (malloc) failed to allocate 1121296 bytes for Chunk::new
# Possible reasons:
#   The system is out of physical RAM or swap space
#   The process is running with CompressedOops enabled, and the Java Heap may be blocking the growth of the native heap
# Possible solutions:
#   Reduce memory load on the system
#   Increase physical memory or swap space
#   Check if swap backing store is full
#   Decrease Java heap size (-Xmx/-Xms)
#   Decrease number of Java threads
#   Decrease Java thread stack sizes (-Xss)
#   Set larger code cache with -XX:ReservedCodeCacheSize=
#   JVM is running with Unscaled Compressed Oops mode in which the Java heap is
#     placed in the first 4GB address space. The Java Heap base address is the
#     maximum limit for the native heap growth. Please use -XX:HeapBaseMinAddress
#     to set the Java Heap base and to place the Java Heap above 4GB virtual address.
# This output file may be truncated or incomplete.
#
#  Out of Memory Error (arena.cpp:189), pid=1168, tid=9992
#
# JRE version: OpenJDK Runtime Environment (17.0.6) (build 17.0.6+0-b2043.56-10027231)
# Java VM: OpenJDK 64-Bit Server VM (17.0.6+0-b2043.56-10027231, mixed mode, tiered, compressed oops, compressed class ptrs, g1 gc, windows-amd64)
# No core dump will be written. Minidumps are not enabled by default on client versions of Windows
#

---------------  S U M M A R Y ------------

Command Line: --add-opens=java.base/java.util=ALL-UNNAMED --add-opens=java.base/java.lang=ALL-UNNAMED --add-opens=java.base/java.lang.invoke=ALL-UNNAMED --add-opens=java.prefs/java.util.prefs=ALL-UNNAMED --add-opens=java.base/java.nio.charset=ALL-UNNAMED --add-opens=java.base/java.net=ALL-UNNAMED --add-opens=java.base/java.util.concurrent.atomic=ALL-UNNAMED -Xmx2048m -Dfile.encoding=UTF-8 -Duser.country=BR -Duser.language=pt -Duser.variant org.gradle.launcher.daemon.bootstrap.GradleDaemon 8.0

Host: Intel(R) Core(TM) i5-9400F CPU @ 2.90GHz, 6 cores, 15G,  Windows 10 , 64 bit Build 19041 (10.0.19041.3636)
Time: Wed Nov 29 18:53:30 2023 Hora Padrão de Buenos Aires elapsed time: 8.262551 seconds (0d 0h 0m 8s)

---------------  T H R E A D  ---------------

Current thread (0x000002015cc74280):  JavaThread "C2 CompilerThread0" daemon [_thread_in_native, id=9992, stack(0x0000006c3f600000,0x0000006c3f700000)]


Current CompileTask:
C2:   8262 8270       4       org.gradle.internal.instantiation.generator.AbstractClassGenerator::inspectType (560 bytes)

Stack: [0x0000006c3f600000,0x0000006c3f700000]
Native frames: (J=compiled Java code, j=interpreted, Vv=VM code, C=native code)
V  [jvm.dll+0x683c9a]
V  [jvm.dll+0x8427a4]
V  [jvm.dll+0x843f9e]
V  [jvm.dll+0x844603]
V  [jvm.dll+0x249b75]
V  [jvm.dll+0xabcac]
V  [jvm.dll+0xac27c]
V  [jvm.dll+0x2b0eef]
V  [jvm.dll+0x58a267]
V  [jvm.dll+0x2243b2]
V  [jvm.dll+0x22478f]
V  [jvm.dll+0x21e055]
V  [jvm.dll+0x21b51b]
V  [jvm.dll+0x1a4fdd]
V  [jvm.dll+0x22b098]
V  [jvm.dll+0x229159]
V  [jvm.dll+0x7f81ec]
V  [jvm.dll+0x7f274a]
V  [jvm.dll+0x682ad5]
C  [ucrtbase.dll+0x21bb2]
C  [KERNEL32.DLL+0x17344]
C  [ntdll.dll+0x526b1]


---------------  P R O C E S S  ---------------

Threads class SMR info:
_java_thread_list=0x0000020165f21630, length=105, elements={
0x000002014269a6c0, 0x000002015cc21a40, 0x000002015cc231e0, 0x000002015cc68be0,
0x000002015cc6b4b0, 0x000002015cc6cd20, 0x000002015cc70190, 0x000002015cc74280,
0x000002015cc75320, 0x000002015cc89ad0, 0x000002015ce102b0, 0x000002015cdfa3b0,
0x000002015cf7eac0, 0x000002015f437510, 0x000002015e05bf90, 0x000002015e6e5030,
0x000002015fb61020, 0x000002015e109c60, 0x000002015e10a130, 0x000002015f096f90,
0x000002015f2b0190, 0x000002015f2b0660, 0x000002015f2b0b30, 0x000002015f2b1000,
0x000002015f2b14d0, 0x000002015f2b19a0, 0x00000201606f5160, 0x00000201606f3950,
0x00000201606eec50, 0x00000201606f5630, 0x00000201606f2610, 0x00000201606f2ae0,
0x00000201606ef120, 0x00000201606f3480, 0x00000201606ef5f0, 0x00000201606efac0,
0x00000201606f2140, 0x00000201606f2fb0, 0x00000201606f5b00, 0x00000201606f42f0,
0x00000201606f0460, 0x00000201606f0930, 0x00000201606f4c90, 0x00000201606f0e00,
0x00000201606f5fd0, 0x00000201606f64a0, 0x00000201606f12d0, 0x00000201606f1c70,
0x0000020160655110, 0x00000201606555e0, 0x00000201606525c0, 0x000002016064fa70,
0x0000020160656450, 0x00000201606520f0, 0x0000020160652a90, 0x00000201606542a0,
0x0000020160654770, 0x0000020160652f60, 0x0000020160654c40, 0x0000020160655ab0,
0x000002016064ff40, 0x0000020160655f80, 0x0000020160653dd0, 0x000002016064ec00,
0x000002016064f5a0, 0x000002016064f0d0, 0x0000020160650db0, 0x0000020160650410,
0x0000020160651280, 0x0000020160653430, 0x00000201606508e0, 0x0000020160651750,
0x0000020160653900, 0x0000020160651c20, 0x0000020162b3f3d0, 0x0000020162b3c880,
0x0000020162b40be0, 0x0000020162b40240, 0x0000020162b410b0, 0x0000020162b3ef00,
0x0000020162b3f8a0, 0x0000020162b41f20, 0x0000020162b3bee0, 0x0000020162b3c3b0,
0x0000020162b423f0, 0x0000020162b3b540, 0x0000020162b3ba10, 0x0000020162b3d220,
0x0000020162b41580, 0x0000020162b3ea30, 0x0000020162b41a50, 0x0000020162b428c0,
0x0000020162b3fd70, 0x0000020162b3b070, 0x0000020162b40710, 0x0000020162b3cd50,
0x0000020162b3d6f0, 0x0000020162b3dbc0, 0x0000020162b3e090, 0x0000020162b3e560,
0x000002016241d670, 0x000002016241ee80, 0x000002016241a180, 0x00000201624197e0,
0x000002016241b990
}

Java Threads: ( => current thread )
  0x000002014269a6c0 JavaThread "main" [_thread_blocked, id=15788, stack(0x0000006c3e900000,0x0000006c3ea00000)]
  0x000002015cc21a40 JavaThread "Reference Handler" daemon [_thread_blocked, id=21108, stack(0x0000006c3f000000,0x0000006c3f100000)]
  0x000002015cc231e0 JavaThread "Finalizer" daemon [_thread_blocked, id=18324, stack(0x0000006c3f100000,0x0000006c3f200000)]
  0x000002015cc68be0 JavaThread "Signal Dispatcher" daemon [_thread_blocked, id=14008, stack(0x0000006c3f200000,0x0000006c3f300000)]
  0x000002015cc6b4b0 JavaThread "Attach Listener" daemon [_thread_blocked, id=15968, stack(0x0000006c3f300000,0x0000006c3f400000)]
  0x000002015cc6cd20 JavaThread "Service Thread" daemon [_thread_blocked, id=9120, stack(0x0000006c3f400000,0x0000006c3f500000)]
  0x000002015cc70190 JavaThread "Monitor Deflation Thread" daemon [_thread_blocked, id=15340, stack(0x0000006c3f500000,0x0000006c3f600000)]
=>0x000002015cc74280 JavaThread "C2 CompilerThread0" daemon [_thread_in_native, id=9992, stack(0x0000006c3f600000,0x0000006c3f700000)]
  0x000002015cc75320 JavaThread "C1 CompilerThread0" daemon [_thread_in_native, id=20768, stack(0x0000006c3f700000,0x0000006c3f800000)]
  0x000002015cc89ad0 JavaThread "Sweeper thread" daemon [_thread_blocked, id=16696, stack(0x0000006c3f800000,0x0000006c3f900000)]
  0x000002015ce102b0 JavaThread "Common-Cleaner" daemon [_thread_blocked, id=8920, stack(0x0000006c3f900000,0x0000006c3fa00000)]
  0x000002015cdfa3b0 JavaThread "Notification Thread" daemon [_thread_blocked, id=6592, stack(0x0000006c3fa00000,0x0000006c3fb00000)]
  0x000002015cf7eac0 JavaThread "C2 CompilerThread1" daemon [_thread_blocked, id=11452, stack(0x0000006c3fc00000,0x0000006c3fd00000)]
  0x000002015f437510 JavaThread "Daemon health stats" [_thread_blocked, id=12984, stack(0x0000006c40200000,0x0000006c40300000)]
  0x000002015e05bf90 JavaThread "Incoming local TCP Connector on port 53241" [_thread_in_native, id=13544, stack(0x0000006c40300000,0x0000006c40400000)]
  0x000002015e6e5030 JavaThread "Daemon periodic checks" [_thread_blocked, id=7108, stack(0x0000006c40400000,0x0000006c40500000)]
  0x000002015fb61020 JavaThread "Daemon" [_thread_blocked, id=11496, stack(0x0000006c40500000,0x0000006c40600000)]
  0x000002015e109c60 JavaThread "Handler for socket connection from /127.0.0.1:53241 to /127.0.0.1:53242" [_thread_in_native, id=13492, stack(0x0000006c40600000,0x0000006c40700000)]
  0x000002015e10a130 JavaThread "Cancel handler" [_thread_blocked, id=12476, stack(0x0000006c40700000,0x0000006c40800000)]
  0x000002015f096f90 JavaThread "Daemon worker" [_thread_in_vm, id=18908, stack(0x0000006c40800000,0x0000006c40900000)]
  0x000002015f2b0190 JavaThread "Asynchronous log dispatcher for DefaultDaemonConnection: socket connection from /127.0.0.1:53241 to /127.0.0.1:53242" [_thread_blocked, id=17416, stack(0x0000006c40900000,0x0000006c40a00000)]
  0x000002015f2b0660 JavaThread "Stdin handler" [_thread_blocked, id=2224, stack(0x0000006c40a00000,0x0000006c40b00000)]
  0x000002015f2b0b30 JavaThread "Daemon client event forwarder" [_thread_blocked, id=17728, stack(0x0000006c40b00000,0x0000006c40c00000)]
  0x000002015f2b1000 JavaThread "Cache worker for journal cache (C:\Users\marco\.gradle\caches\journal-1)" [_thread_blocked, id=18148, stack(0x0000006c40d00000,0x0000006c40e00000)]
  0x000002015f2b14d0 JavaThread "File lock request listener" [_thread_in_native, id=20116, stack(0x0000006c40e00000,0x0000006c40f00000)]
  0x000002015f2b19a0 JavaThread "Cache worker for file hash cache (C:\Users\marco\.gradle\caches\8.0\fileHashes)" [_thread_blocked, id=11724, stack(0x0000006c40f00000,0x0000006c41000000)]
  0x00000201606f5160 JavaThread "File watcher server" daemon [_thread_in_native, id=13764, stack(0x0000006c41000000,0x0000006c41100000)]
  0x00000201606f3950 JavaThread "File watcher consumer" daemon [_thread_blocked, id=1464, stack(0x0000006c41100000,0x0000006c41200000)]
  0x00000201606eec50 JavaThread "Cache worker for checksums cache (D:\AplicativosAndroid\.gradle\8.0\checksums)" [_thread_blocked, id=10428, stack(0x0000006c41200000,0x0000006c41300000)]
  0x00000201606f5630 JavaThread "Cache worker for cache directory md-rule (C:\Users\marco\.gradle\caches\8.0\md-rule)" [_thread_blocked, id=3596, stack(0x0000006c41300000,0x0000006c41400000)]
  0x00000201606f2610 JavaThread "Cache worker for file content cache (C:\Users\marco\.gradle\caches\8.0\fileContent)" [_thread_blocked, id=4736, stack(0x0000006c41400000,0x0000006c41500000)]
  0x00000201606f2ae0 JavaThread "Cache worker for file hash cache (D:\AplicativosAndroid\.gradle\8.0\fileHashes)" [_thread_blocked, id=10320, stack(0x0000006c41500000,0x0000006c41600000)]
  0x00000201606ef120 JavaThread "Cache worker for cache directory md-supplier (C:\Users\marco\.gradle\caches\8.0\md-supplier)" [_thread_blocked, id=5788, stack(0x0000006c41600000,0x0000006c41700000)]
  0x00000201606f3480 JavaThread "Cache worker for execution history cache (C:\Users\marco\.gradle\caches\8.0\executionHistory)" [_thread_blocked, id=11336, stack(0x0000006c41700000,0x0000006c41800000)]
  0x00000201606ef5f0 JavaThread "jar transforms" [_thread_blocked, id=16352, stack(0x0000006c41800000,0x0000006c41900000)]
  0x00000201606efac0 JavaThread "jar transforms Thread 2" [_thread_blocked, id=13072, stack(0x0000006c41900000,0x0000006c41a00000)]
  0x00000201606f2140 JavaThread "Cache worker for kotlin-dsl (C:\Users\marco\.gradle\caches\8.0\kotlin-dsl)" [_thread_blocked, id=17776, stack(0x0000006c41b00000,0x0000006c41c00000)]
  0x00000201606f2fb0 JavaThread "jar transforms Thread 3" [_thread_blocked, id=14112, stack(0x0000006c41c00000,0x0000006c41d00000)]
  0x00000201606f5b00 JavaThread "jar transforms Thread 4" [_thread_blocked, id=12188, stack(0x0000006c41d00000,0x0000006c41e00000)]
  0x00000201606f42f0 JavaThread "Cache worker for dependencies-accessors (D:\AplicativosAndroid\.gradle\8.0\dependencies-accessors)" [_thread_blocked, id=2316, stack(0x0000006c41e00000,0x0000006c41f00000)]
  0x00000201606f0460 JavaThread "Cache worker for Build Output Cleanup Cache (D:\AplicativosAndroid\.gradle\buildOutputCleanup)" [_thread_blocked, id=13508, stack(0x0000006c41f00000,0x0000006c42000000)]
  0x00000201606f0930 JavaThread "jar transforms Thread 5" [_thread_blocked, id=12088, stack(0x0000006c42000000,0x0000006c42100000)]
  0x00000201606f4c90 JavaThread "Unconstrained build operations" [_thread_blocked, id=16056, stack(0x0000006c42100000,0x0000006c42200000)]
  0x00000201606f0e00 JavaThread "Unconstrained build operations Thread 2" [_thread_blocked, id=12684, stack(0x0000006c42200000,0x0000006c42300000)]
  0x00000201606f5fd0 JavaThread "Unconstrained build operations Thread 3" [_thread_blocked, id=5792, stack(0x0000006c42300000,0x0000006c42400000)]
  0x00000201606f64a0 JavaThread "Unconstrained build operations Thread 4" [_thread_blocked, id=9340, stack(0x0000006c42400000,0x0000006c42500000)]
  0x00000201606f12d0 JavaThread "Unconstrained build operations Thread 5" [_thread_blocked, id=972, stack(0x0000006c42500000,0x0000006c42600000)]
  0x00000201606f1c70 JavaThread "Unconstrained build operations Thread 6" [_thread_blocked, id=15588, stack(0x0000006c42600000,0x0000006c42700000)]
  0x0000020160655110 JavaThread "Unconstrained build operations Thread 7" [_thread_blocked, id=11076, stack(0x0000006c42700000,0x0000006c42800000)]
  0x00000201606555e0 JavaThread "Unconstrained build operations Thread 8" [_thread_blocked, id=5264, stack(0x0000006c42800000,0x0000006c42900000)]
  0x00000201606525c0 JavaThread "Unconstrained build operations Thread 9" [_thread_blocked, id=3408, stack(0x0000006c42900000,0x0000006c42a00000)]
  0x000002016064fa70 JavaThread "Unconstrained build operations Thread 10" [_thread_blocked, id=3060, stack(0x0000006c42a00000,0x0000006c42b00000)]
  0x0000020160656450 JavaThread "Unconstrained build operations Thread 11" [_thread_blocked, id=13640, stack(0x0000006c42b00000,0x0000006c42c00000)]
  0x00000201606520f0 JavaThread "Unconstrained build operations Thread 12" [_thread_blocked, id=3000, stack(0x0000006c42c00000,0x0000006c42d00000)]
  0x0000020160652a90 JavaThread "Unconstrained build operations Thread 13" [_thread_blocked, id=18856, stack(0x0000006c42d00000,0x0000006c42e00000)]
  0x00000201606542a0 JavaThread "Unconstrained build operations Thread 14" [_thread_blocked, id=5668, stack(0x0000006c42e00000,0x0000006c42f00000)]
  0x0000020160654770 JavaThread "Unconstrained build operations Thread 15" [_thread_blocked, id=8316, stack(0x0000006c42f00000,0x0000006c43000000)]
  0x0000020160652f60 JavaThread "Unconstrained build operations Thread 16" [_thread_blocked, id=14904, stack(0x0000006c43000000,0x0000006c43100000)]
  0x0000020160654c40 JavaThread "Unconstrained build operations Thread 17" [_thread_blocked, id=19136, stack(0x0000006c43100000,0x0000006c43200000)]
  0x0000020160655ab0 JavaThread "Unconstrained build operations Thread 18" [_thread_blocked, id=11136, stack(0x0000006c43200000,0x0000006c43300000)]
  0x000002016064ff40 JavaThread "Unconstrained build operations Thread 19" [_thread_blocked, id=11940, stack(0x0000006c43300000,0x0000006c43400000)]
  0x0000020160655f80 JavaThread "Unconstrained build operations Thread 20" [_thread_blocked, id=11456, stack(0x0000006c43400000,0x0000006c43500000)]
  0x0000020160653dd0 JavaThread "Unconstrained build operations Thread 21" [_thread_blocked, id=19200, stack(0x0000006c43500000,0x0000006c43600000)]
  0x000002016064ec00 JavaThread "Unconstrained build operations Thread 22" [_thread_blocked, id=15804, stack(0x0000006c43600000,0x0000006c43700000)]
  0x000002016064f5a0 JavaThread "Unconstrained build operations Thread 23" [_thread_blocked, id=9284, stack(0x0000006c43700000,0x0000006c43800000)]
  0x000002016064f0d0 JavaThread "Unconstrained build operations Thread 24" [_thread_blocked, id=18720, stack(0x0000006c43800000,0x0000006c43900000)]
  0x0000020160650db0 JavaThread "Unconstrained build operations Thread 25" [_thread_blocked, id=17640, stack(0x0000006c43900000,0x0000006c43a00000)]
  0x0000020160650410 JavaThread "Unconstrained build operations Thread 26" [_thread_blocked, id=3136, stack(0x0000006c43a00000,0x0000006c43b00000)]
  0x0000020160651280 JavaThread "Unconstrained build operations Thread 27" [_thread_blocked, id=2456, stack(0x0000006c43b00000,0x0000006c43c00000)]
  0x0000020160653430 JavaThread "Unconstrained build operations Thread 28" [_thread_blocked, id=4956, stack(0x0000006c43c00000,0x0000006c43d00000)]
  0x00000201606508e0 JavaThread "Unconstrained build operations Thread 29" [_thread_blocked, id=18108, stack(0x0000006c43d00000,0x0000006c43e00000)]
  0x0000020160651750 JavaThread "Unconstrained build operations Thread 30" [_thread_blocked, id=3768, stack(0x0000006c43e00000,0x0000006c43f00000)]
  0x0000020160653900 JavaThread "Unconstrained build operations Thread 31" [_thread_blocked, id=17428, stack(0x0000006c43f00000,0x0000006c44000000)]
  0x0000020160651c20 JavaThread "Unconstrained build operations Thread 32" [_thread_blocked, id=17500, stack(0x0000006c44000000,0x0000006c44100000)]
  0x0000020162b3f3d0 JavaThread "Unconstrained build operations Thread 33" [_thread_blocked, id=12460, stack(0x0000006c44100000,0x0000006c44200000)]
  0x0000020162b3c880 JavaThread "Unconstrained build operations Thread 34" [_thread_blocked, id=19748, stack(0x0000006c44200000,0x0000006c44300000)]
  0x0000020162b40be0 JavaThread "Unconstrained build operations Thread 35" [_thread_blocked, id=10720, stack(0x0000006c44300000,0x0000006c44400000)]
  0x0000020162b40240 JavaThread "Unconstrained build operations Thread 36" [_thread_blocked, id=1704, stack(0x0000006c44400000,0x0000006c44500000)]
  0x0000020162b410b0 JavaThread "Unconstrained build operations Thread 37" [_thread_blocked, id=4792, stack(0x0000006c44500000,0x0000006c44600000)]
  0x0000020162b3ef00 JavaThread "Unconstrained build operations Thread 38" [_thread_blocked, id=3312, stack(0x0000006c44600000,0x0000006c44700000)]
  0x0000020162b3f8a0 JavaThread "Unconstrained build operations Thread 39" [_thread_blocked, id=4372, stack(0x0000006c44700000,0x0000006c44800000)]
  0x0000020162b41f20 JavaThread "Unconstrained build operations Thread 40" [_thread_blocked, id=11028, stack(0x0000006c44800000,0x0000006c44900000)]
  0x0000020162b3bee0 JavaThread "Unconstrained build operations Thread 41" [_thread_blocked, id=11576, stack(0x0000006c44900000,0x0000006c44a00000)]
  0x0000020162b3c3b0 JavaThread "Unconstrained build operations Thread 42" [_thread_blocked, id=5880, stack(0x0000006c44a00000,0x0000006c44b00000)]
  0x0000020162b423f0 JavaThread "Unconstrained build operations Thread 43" [_thread_blocked, id=16048, stack(0x0000006c44b00000,0x0000006c44c00000)]
  0x0000020162b3b540 JavaThread "Unconstrained build operations Thread 44" [_thread_blocked, id=12708, stack(0x0000006c44c00000,0x0000006c44d00000)]
  0x0000020162b3ba10 JavaThread "Unconstrained build operations Thread 45" [_thread_blocked, id=11068, stack(0x0000006c44d00000,0x0000006c44e00000)]
  0x0000020162b3d220 JavaThread "Unconstrained build operations Thread 46" [_thread_blocked, id=8400, stack(0x0000006c44e00000,0x0000006c44f00000)]
  0x0000020162b41580 JavaThread "Unconstrained build operations Thread 47" [_thread_blocked, id=15724, stack(0x0000006c44f00000,0x0000006c45000000)]
  0x0000020162b3ea30 JavaThread "Unconstrained build operations Thread 48" [_thread_blocked, id=15348, stack(0x0000006c45000000,0x0000006c45100000)]
  0x0000020162b41a50 JavaThread "Unconstrained build operations Thread 49" [_thread_blocked, id=20088, stack(0x0000006c45100000,0x0000006c45200000)]
  0x0000020162b428c0 JavaThread "Unconstrained build operations Thread 50" [_thread_blocked, id=20012, stack(0x0000006c45200000,0x0000006c45300000)]
  0x0000020162b3fd70 JavaThread "Unconstrained build operations Thread 51" [_thread_blocked, id=11900, stack(0x0000006c45300000,0x0000006c45400000)]
  0x0000020162b3b070 JavaThread "Unconstrained build operations Thread 52" [_thread_blocked, id=1192, stack(0x0000006c45400000,0x0000006c45500000)]
  0x0000020162b40710 JavaThread "Unconstrained build operations Thread 53" [_thread_blocked, id=10032, stack(0x0000006c45500000,0x0000006c45600000)]
  0x0000020162b3cd50 JavaThread "Unconstrained build operations Thread 54" [_thread_blocked, id=12524, stack(0x0000006c45600000,0x0000006c45700000)]
  0x0000020162b3d6f0 JavaThread "Unconstrained build operations Thread 55" [_thread_blocked, id=548, stack(0x0000006c45700000,0x0000006c45800000)]
  0x0000020162b3dbc0 JavaThread "Unconstrained build operations Thread 56" [_thread_blocked, id=10804, stack(0x0000006c45800000,0x0000006c45900000)]
  0x0000020162b3e090 JavaThread "Unconstrained build operations Thread 57" [_thread_blocked, id=3160, stack(0x0000006c45900000,0x0000006c45a00000)]
  0x0000020162b3e560 JavaThread "Unconstrained build operations Thread 58" [_thread_blocked, id=17908, stack(0x0000006c45a00000,0x0000006c45b00000)]
  0x000002016241d670 JavaThread "Unconstrained build operations Thread 59" [_thread_blocked, id=10880, stack(0x0000006c45b00000,0x0000006c45c00000)]
  0x000002016241ee80 JavaThread "Unconstrained build operations Thread 60" [_thread_blocked, id=15668, stack(0x0000006c45c00000,0x0000006c45d00000)]
  0x000002016241a180 JavaThread "jar transforms Thread 6" [_thread_blocked, id=16340, stack(0x0000006c45d00000,0x0000006c45e00000)]
  0x00000201624197e0 JavaThread "build event listener" [_thread_blocked, id=11204, stack(0x0000006c45e00000,0x0000006c45f00000)]
  0x000002016241b990 JavaThread "Memory manager" [_thread_blocked, id=18264, stack(0x0000006c45f00000,0x0000006c46000000)]

Other Threads:
  0x000002015c0ee620 VMThread "VM Thread" [stack: 0x0000006c3ef00000,0x0000006c3f000000] [id=12132]
  0x000002014271b2f0 WatcherThread [stack: 0x0000006c3fb00000,0x0000006c3fc00000] [id=11032]
  0x00000201426f9320 GCTaskThread "GC Thread#0" [stack: 0x0000006c3ea00000,0x0000006c3eb00000] [id=9740]
  0x000002015d87ff00 GCTaskThread "GC Thread#1" [stack: 0x0000006c3fd00000,0x0000006c3fe00000] [id=12384]
  0x000002015dbed6f0 GCTaskThread "GC Thread#2" [stack: 0x0000006c3fe00000,0x0000006c3ff00000] [id=13268]
  0x000002015dbed9a0 GCTaskThread "GC Thread#3" [stack: 0x0000006c3ff00000,0x0000006c40000000] [id=13372]
  0x000002015dbedc50 GCTaskThread "GC Thread#4" [stack: 0x0000006c40000000,0x0000006c40100000] [id=12372]
  0x000002015dbedf00 GCTaskThread "GC Thread#5" [stack: 0x0000006c40100000,0x0000006c40200000] [id=17668]
  0x000002014270a170 ConcurrentGCThread "G1 Main Marker" [stack: 0x0000006c3eb00000,0x0000006c3ec00000] [id=7808]
  0x000002014270baa0 ConcurrentGCThread "G1 Conc#0" [stack: 0x0000006c3ec00000,0x0000006c3ed00000] [id=2336]
  0x000002015e7cecb0 ConcurrentGCThread "G1 Conc#1" [stack: 0x0000006c40c00000,0x0000006c40d00000] [id=14836]
  0x000002014276e620 ConcurrentGCThread "G1 Refine#0" [stack: 0x0000006c3ed00000,0x0000006c3ee00000] [id=6004]
  0x0000020160199c90 ConcurrentGCThread "G1 Refine#1" [stack: 0x0000006c41a00000,0x0000006c41b00000] [id=1184]
  0x000002015bf64170 ConcurrentGCThread "G1 Service" [stack: 0x0000006c3ee00000,0x0000006c3ef00000] [id=18528]

Threads with active compile tasks:
C2 CompilerThread0     8298 8270       4       org.gradle.internal.instantiation.generator.AbstractClassGenerator::inspectType (560 bytes)
C2 CompilerThread1     8298 8339       4       org.gradle.internal.instantiation.generator.AbstractClassGenerator$PropertyMetadata::isReadableWithoutSetterOfPropertyType (36 bytes)

VM state: not at safepoint (normal execution)

VM Mutex/Monitor currently owned by a thread: None

Heap address: 0x0000000080000000, size: 2048 MB, Compressed Oops mode: 32-bit

CDS archive(s) not mapped
Compressed class space mapped at: 0x0000000100000000-0x0000000140000000, reserved size: 1073741824
Narrow klass base: 0x0000000000000000, Narrow klass shift: 3, Narrow klass range: 0x140000000

GC Precious Log:
 CPUs: 6 total, 6 available
 Memory: 16315M
 Large Page Support: Disabled
 NUMA Support: Disabled
 Compressed Oops: Enabled (32-bit)
 Heap Region Size: 1M
 Heap Min Capacity: 8M
 Heap Initial Capacity: 256M
 Heap Max Capacity: 2G
 Pre-touch: Disabled
 Parallel Workers: 6
 Concurrent Workers: 2
 Concurrent Refinement Workers: 6
 Periodic GC: Disabled

Heap:
 garbage-first heap   total 139264K, used 90570K [0x0000000080000000, 0x0000000100000000)
  region size 1024K, 21 young (21504K), 1 survivors (1024K)
 Metaspace       used 84611K, committed 85184K, reserved 1130496K
  class space    used 11409K, committed 11712K, reserved 1048576K

Heap Regions: E=young(eden), S=young(survivor), O=old, HS=humongous(starts), HC=humongous(continues), CS=collection set, F=free, OA=open archive, CA=closed archive, TAMS=top-at-mark-start (previous, next)
|   0|0x0000000080000000, 0x0000000080100000, 0x0000000080100000|100%|HS|  |TAMS 0x0000000080100000, 0x0000000080000000| Complete 
|   1|0x0000000080100000, 0x0000000080200000, 0x0000000080200000|100%|HC|  |TAMS 0x0000000080200000, 0x0000000080100000| Complete 
|   2|0x0000000080200000, 0x0000000080300000, 0x0000000080300000|100%|HC|  |TAMS 0x0000000080300000, 0x0000000080200000| Complete 
|   3|0x0000000080300000, 0x0000000080400000, 0x0000000080400000|100%|HC|  |TAMS 0x0000000080400000, 0x0000000080300000| Complete 
|   4|0x0000000080400000, 0x0000000080500000, 0x0000000080500000|100%| O|  |TAMS 0x0000000080500000, 0x0000000080400000| Untracked 
|   5|0x0000000080500000, 0x0000000080600000, 0x0000000080600000|100%| O|  |TAMS 0x0000000080600000, 0x0000000080500000| Untracked 
|   6|0x0000000080600000, 0x0000000080700000, 0x0000000080700000|100%| O|  |TAMS 0x0000000080700000, 0x0000000080600000| Untracked 
|   7|0x0000000080700000, 0x0000000080800000, 0x0000000080800000|100%| O|  |TAMS 0x0000000080800000, 0x0000000080700000| Untracked 
|   8|0x0000000080800000, 0x0000000080900000, 0x0000000080900000|100%| O|  |TAMS 0x0000000080900000, 0x0000000080800000| Untracked 
|   9|0x0000000080900000, 0x0000000080a00000, 0x0000000080a00000|100%| O|  |TAMS 0x0000000080a00000, 0x0000000080900000| Untracked 
|  10|0x0000000080a00000, 0x0000000080b00000, 0x0000000080b00000|100%| O|  |TAMS 0x0000000080b00000, 0x0000000080a00000| Untracked 
|  11|0x0000000080b00000, 0x0000000080c00000, 0x0000000080c00000|100%| O|  |TAMS 0x0000000080c00000, 0x0000000080b00000| Untracked 
|  12|0x0000000080c00000, 0x0000000080d00000, 0x0000000080d00000|100%| O|  |TAMS 0x0000000080d00000, 0x0000000080c00000| Untracked 
|  13|0x0000000080d00000, 0x0000000080e00000, 0x0000000080e00000|100%| O|  |TAMS 0x0000000080e00000, 0x0000000080d00000| Untracked 
|  14|0x0000000080e00000, 0x0000000080f00000, 0x0000000080f00000|100%| O|  |TAMS 0x0000000080f00000, 0x0000000080e00000| Untracked 
|  15|0x0000000080f00000, 0x0000000081000000, 0x0000000081000000|100%| O|  |TAMS 0x0000000081000000, 0x0000000080f00000| Untracked 
|  16|0x0000000081000000, 0x0000000081100000, 0x0000000081100000|100%| O|  |TAMS 0x0000000081100000, 0x0000000081000000| Untracked 
|  17|0x0000000081100000, 0x0000000081200000, 0x0000000081200000|100%| O|  |TAMS 0x0000000081200000, 0x0000000081100000| Untracked 
|  18|0x0000000081200000, 0x0000000081300000, 0x0000000081300000|100%| O|  |TAMS 0x0000000081300000, 0x0000000081200000| Untracked 
|  19|0x0000000081300000, 0x0000000081400000, 0x0000000081400000|100%| O|  |TAMS 0x0000000081400000, 0x0000000081300000| Untracked 
|  20|0x0000000081400000, 0x0000000081500000, 0x0000000081500000|100%| O|  |TAMS 0x0000000081500000, 0x0000000081400000| Untracked 
|  21|0x0000000081500000, 0x0000000081600000, 0x0000000081600000|100%| O|  |TAMS 0x0000000081600000, 0x0000000081500000| Untracked 
|  22|0x0000000081600000, 0x0000000081700000, 0x0000000081700000|100%| O|  |TAMS 0x0000000081700000, 0x0000000081600000| Untracked 
|  23|0x0000000081700000, 0x0000000081800000, 0x0000000081800000|100%| O|  |TAMS 0x0000000081800000, 0x0000000081700000| Untracked 
|  24|0x0000000081800000, 0x0000000081900000, 0x0000000081900000|100%| O|  |TAMS 0x0000000081900000, 0x0000000081800000| Untracked 
|  25|0x0000000081900000, 0x0000000081a00000, 0x0000000081a00000|100%| O|  |TAMS 0x0000000081a00000, 0x0000000081900000| Untracked 
|  26|0x0000000081a00000, 0x0000000081b00000, 0x0000000081b00000|100%| O|  |TAMS 0x0000000081b00000, 0x0000000081a00000| Untracked 
|  27|0x0000000081b00000, 0x0000000081c00000, 0x0000000081c00000|100%| O|  |TAMS 0x0000000081c00000, 0x0000000081b00000| Untracked 
|  28|0x0000000081c00000, 0x0000000081d00000, 0x0000000081d00000|100%| O|  |TAMS 0x0000000081d00000, 0x0000000081c00000| Untracked 
|  29|0x0000000081d00000, 0x0000000081e00000, 0x0000000081e00000|100%| O|  |TAMS 0x0000000081e00000, 0x0000000081d00000| Untracked 
|  30|0x0000000081e00000, 0x0000000081f00000, 0x0000000081f00000|100%| O|  |TAMS 0x0000000081f00000, 0x0000000081e00000| Untracked 
|  31|0x0000000081f00000, 0x0000000082000000, 0x0000000082000000|100%|HS|  |TAMS 0x0000000082000000, 0x0000000081f00000| Complete 
|  32|0x0000000082000000, 0x0000000082100000, 0x0000000082100000|100%| O|  |TAMS 0x0000000082100000, 0x0000000082000000| Untracked 
|  33|0x0000000082100000, 0x0000000082200000, 0x0000000082200000|100%|HS|  |TAMS 0x0000000082200000, 0x0000000082100000| Complete 
|  34|0x0000000082200000, 0x0000000082300000, 0x0000000082300000|100%|HS|  |TAMS 0x0000000082300000, 0x0000000082200000| Complete 
|  35|0x0000000082300000, 0x0000000082400000, 0x0000000082400000|100%|HC|  |TAMS 0x0000000082400000, 0x0000000082300000| Complete 
|  36|0x0000000082400000, 0x0000000082500000, 0x0000000082500000|100%| O|  |TAMS 0x0000000082500000, 0x0000000082400000| Untracked 
|  37|0x0000000082500000, 0x0000000082600000, 0x0000000082600000|100%| O|  |TAMS 0x0000000082600000, 0x0000000082500000| Untracked 
|  38|0x0000000082600000, 0x0000000082600000, 0x0000000082700000|  0%| F|  |TAMS 0x0000000082600000, 0x0000000082600000| Untracked 
|  39|0x0000000082700000, 0x0000000082800000, 0x0000000082800000|100%| O|  |TAMS 0x0000000082800000, 0x0000000082700000| Untracked 
|  40|0x0000000082800000, 0x0000000082900000, 0x0000000082900000|100%| O|  |TAMS 0x0000000082900000, 0x0000000082800000| Untracked 
|  41|0x0000000082900000, 0x0000000082a00000, 0x0000000082a00000|100%|HS|  |TAMS 0x0000000082a00000, 0x0000000082900000| Complete 
|  42|0x0000000082a00000, 0x0000000082b00000, 0x0000000082b00000|100%| O|  |TAMS 0x0000000082b00000, 0x0000000082a00000| Untracked 
|  43|0x0000000082b00000, 0x0000000082c00000, 0x0000000082c00000|100%| O|  |TAMS 0x0000000082c00000, 0x0000000082b00000| Untracked 
|  44|0x0000000082c00000, 0x0000000082d00000, 0x0000000082d00000|100%|HS|  |TAMS 0x0000000082d00000, 0x0000000082c00000| Complete 
|  45|0x0000000082d00000, 0x0000000082e00000, 0x0000000082e00000|100%|HC|  |TAMS 0x0000000082e00000, 0x0000000082d00000| Complete 
|  46|0x0000000082e00000, 0x0000000082f00000, 0x0000000082f00000|100%|HC|  |TAMS 0x0000000082f00000, 0x0000000082e00000| Complete 
|  47|0x0000000082f00000, 0x0000000083000000, 0x0000000083000000|100%|HC|  |TAMS 0x0000000083000000, 0x0000000082f00000| Complete 
|  48|0x0000000083000000, 0x0000000083100000, 0x0000000083100000|100%| O|  |TAMS 0x0000000083100000, 0x0000000083000000| Untracked 
|  49|0x0000000083100000, 0x0000000083200000, 0x0000000083200000|100%| O|  |TAMS 0x0000000083200000, 0x0000000083100000| Untracked 
|  50|0x0000000083200000, 0x0000000083300000, 0x0000000083300000|100%| O|  |TAMS 0x0000000083300000, 0x0000000083200000| Untracked 
|  51|0x0000000083300000, 0x0000000083400000, 0x0000000083400000|100%| O|  |TAMS 0x0000000083400000, 0x0000000083300000| Untracked 
|  52|0x0000000083400000, 0x0000000083500000, 0x0000000083500000|100%| O|  |TAMS 0x0000000083500000, 0x0000000083400000| Untracked 
|  53|0x0000000083500000, 0x0000000083600000, 0x0000000083600000|100%| O|  |TAMS 0x0000000083600000, 0x0000000083500000| Untracked 
|  54|0x0000000083600000, 0x0000000083700000, 0x0000000083700000|100%| O|  |TAMS 0x0000000083700000, 0x0000000083600000| Untracked 
|  55|0x0000000083700000, 0x0000000083800000, 0x0000000083800000|100%| O|  |TAMS 0x0000000083800000, 0x0000000083700000| Untracked 
|  56|0x0000000083800000, 0x0000000083900000, 0x0000000083900000|100%| O|  |TAMS 0x0000000083900000, 0x0000000083800000| Untracked 
|  57|0x0000000083900000, 0x0000000083a00000, 0x0000000083a00000|100%| O|  |TAMS 0x0000000083a00000, 0x0000000083900000| Untracked 
|  58|0x0000000083a00000, 0x0000000083b00000, 0x0000000083b00000|100%| O|  |TAMS 0x0000000083b00000, 0x0000000083a00000| Untracked 
|  59|0x0000000083b00000, 0x0000000083c00000, 0x0000000083c00000|100%| O|  |TAMS 0x0000000083c00000, 0x0000000083b00000| Untracked 
|  60|0x0000000083c00000, 0x0000000083d00000, 0x0000000083d00000|100%| O|  |TAMS 0x0000000083d00000, 0x0000000083c00000| Untracked 
|  61|0x0000000083d00000, 0x0000000083e00000, 0x0000000083e00000|100%| O|  |TAMS 0x0000000083daa600, 0x0000000083d00000| Untracked 
|  62|0x0000000083e00000, 0x0000000083f00000, 0x0000000083f00000|100%| O|  |TAMS 0x0000000083e00000, 0x0000000083e00000| Untracked 
|  63|0x0000000083f00000, 0x0000000084000000, 0x0000000084000000|100%| O|  |TAMS 0x0000000083f00000, 0x0000000083f00000| Untracked 
|  64|0x0000000084000000, 0x0000000084100000, 0x0000000084100000|100%| O|  |TAMS 0x0000000084000000, 0x0000000084000000| Untracked 
|  65|0x0000000084100000, 0x0000000084200000, 0x0000000084200000|100%| O|  |TAMS 0x0000000084100000, 0x0000000084100000| Untracked 
|  66|0x0000000084200000, 0x0000000084300000, 0x0000000084300000|100%| O|  |TAMS 0x0000000084200000, 0x0000000084200000| Untracked 
|  67|0x0000000084300000, 0x0000000084400000, 0x0000000084400000|100%| O|  |TAMS 0x0000000084300000, 0x0000000084300000| Untracked 
|  68|0x0000000084400000, 0x0000000084500000, 0x0000000084500000|100%| O|  |TAMS 0x0000000084400000, 0x0000000084400000| Untracked 
|  69|0x0000000084500000, 0x00000000845c0a00, 0x0000000084600000| 75%| O|  |TAMS 0x0000000084500000, 0x0000000084500000| Untracked 
|  70|0x0000000084600000, 0x0000000084600000, 0x0000000084700000|  0%| F|  |TAMS 0x0000000084600000, 0x0000000084600000| Untracked 
|  71|0x0000000084700000, 0x0000000084700000, 0x0000000084800000|  0%| F|  |TAMS 0x0000000084700000, 0x0000000084700000| Untracked 
|  72|0x0000000084800000, 0x0000000084800000, 0x0000000084900000|  0%| F|  |TAMS 0x0000000084800000, 0x0000000084800000| Untracked 
|  73|0x0000000084900000, 0x0000000084900000, 0x0000000084a00000|  0%| F|  |TAMS 0x0000000084900000, 0x0000000084900000| Untracked 
|  74|0x0000000084a00000, 0x0000000084a00000, 0x0000000084b00000|  0%| F|  |TAMS 0x0000000084a00000, 0x0000000084a00000| Untracked 
|  75|0x0000000084b00000, 0x0000000084b00000, 0x0000000084c00000|  0%| F|  |TAMS 0x0000000084b00000, 0x0000000084b00000| Untracked 
|  76|0x0000000084c00000, 0x0000000084c00000, 0x0000000084d00000|  0%| F|  |TAMS 0x0000000084c00000, 0x0000000084c00000| Untracked 
|  77|0x0000000084d00000, 0x0000000084d00000, 0x0000000084e00000|  0%| F|  |TAMS 0x0000000084d00000, 0x0000000084d00000| Untracked 
|  78|0x0000000084e00000, 0x0000000084e00000, 0x0000000084f00000|  0%| F|  |TAMS 0x0000000084e00000, 0x0000000084e00000| Untracked 
|  79|0x0000000084f00000, 0x0000000084f00000, 0x0000000085000000|  0%| F|  |TAMS 0x0000000084f00000, 0x0000000084f00000| Untracked 
|  80|0x0000000085000000, 0x0000000085000000, 0x0000000085100000|  0%| F|  |TAMS 0x0000000085000000, 0x0000000085000000| Untracked 
|  81|0x0000000085100000, 0x0000000085100000, 0x0000000085200000|  0%| F|  |TAMS 0x0000000085100000, 0x0000000085100000| Untracked 
|  82|0x0000000085200000, 0x0000000085200000, 0x0000000085300000|  0%| F|  |TAMS 0x0000000085200000, 0x0000000085200000| Untracked 
|  83|0x0000000085300000, 0x0000000085300000, 0x0000000085400000|  0%| F|  |TAMS 0x0000000085300000, 0x0000000085300000| Untracked 
|  84|0x0000000085400000, 0x0000000085400000, 0x0000000085500000|  0%| F|  |TAMS 0x0000000085400000, 0x0000000085400000| Untracked 
|  85|0x0000000085500000, 0x0000000085500000, 0x0000000085600000|  0%| F|  |TAMS 0x0000000085500000, 0x0000000085500000| Untracked 
|  86|0x0000000085600000, 0x0000000085600000, 0x0000000085700000|  0%| F|  |TAMS 0x0000000085600000, 0x0000000085600000| Untracked 
|  87|0x0000000085700000, 0x0000000085700000, 0x0000000085800000|  0%| F|  |TAMS 0x0000000085700000, 0x0000000085700000| Untracked 
|  88|0x0000000085800000, 0x0000000085800000, 0x0000000085900000|  0%| F|  |TAMS 0x0000000085800000, 0x0000000085800000| Untracked 
|  89|0x0000000085900000, 0x0000000085900000, 0x0000000085a00000|  0%| F|  |TAMS 0x0000000085900000, 0x0000000085900000| Untracked 
|  90|0x0000000085a00000, 0x0000000085a00000, 0x0000000085b00000|  0%| F|  |TAMS 0x0000000085a00000, 0x0000000085a00000| Untracked 
|  91|0x0000000085b00000, 0x0000000085b00000, 0x0000000085c00000|  0%| F|  |TAMS 0x0000000085b00000, 0x0000000085b00000| Untracked 
|  92|0x0000000085c00000, 0x0000000085c00000, 0x0000000085d00000|  0%| F|  |TAMS 0x0000000085c00000, 0x0000000085c00000| Untracked 
|  93|0x0000000085d00000, 0x0000000085d00000, 0x0000000085e00000|  0%| F|  |TAMS 0x0000000085d00000, 0x0000000085d00000| Untracked 
|  94|0x0000000085e00000, 0x0000000085e00000, 0x0000000085f00000|  0%| F|  |TAMS 0x0000000085e00000, 0x0000000085e00000| Untracked 
|  95|0x0000000085f00000, 0x0000000085f00000, 0x0000000086000000|  0%| F|  |TAMS 0x0000000085f00000, 0x0000000085f00000| Untracked 
|  96|0x0000000086000000, 0x0000000086000000, 0x0000000086100000|  0%| F|  |TAMS 0x0000000086000000, 0x0000000086000000| Untracked 
|  97|0x0000000086100000, 0x0000000086100000, 0x0000000086200000|  0%| F|  |TAMS 0x0000000086100000, 0x0000000086100000| Untracked 
|  98|0x0000000086200000, 0x0000000086200000, 0x0000000086300000|  0%| F|  |TAMS 0x0000000086200000, 0x0000000086200000| Untracked 
|  99|0x0000000086300000, 0x0000000086300000, 0x0000000086400000|  0%| F|  |TAMS 0x0000000086300000, 0x0000000086300000| Untracked 
| 100|0x0000000086400000, 0x0000000086400000, 0x0000000086500000|  0%| F|  |TAMS 0x0000000086400000, 0x0000000086400000| Untracked 
| 101|0x0000000086500000, 0x0000000086500000, 0x0000000086600000|  0%| F|  |TAMS 0x0000000086500000, 0x0000000086500000| Untracked 
| 102|0x0000000086600000, 0x0000000086600000, 0x0000000086700000|  0%| F|  |TAMS 0x0000000086600000, 0x0000000086600000| Untracked 
| 103|0x0000000086700000, 0x0000000086700000, 0x0000000086800000|  0%| F|  |TAMS 0x0000000086700000, 0x0000000086700000| Untracked 
| 104|0x0000000086800000, 0x0000000086800000, 0x0000000086900000|  0%| F|  |TAMS 0x0000000086800000, 0x0000000086800000| Untracked 
| 105|0x0000000086900000, 0x0000000086900000, 0x0000000086a00000|  0%| F|  |TAMS 0x0000000086900000, 0x0000000086900000| Untracked 
| 106|0x0000000086a00000, 0x0000000086a00000, 0x0000000086b00000|  0%| F|  |TAMS 0x0000000086a00000, 0x0000000086a00000| Untracked 
| 107|0x0000000086b00000, 0x0000000086b00000, 0x0000000086c00000|  0%| F|  |TAMS 0x0000000086b00000, 0x0000000086b00000| Untracked 
| 108|0x0000000086c00000, 0x0000000086c00000, 0x0000000086d00000|  0%| F|  |TAMS 0x0000000086c00000, 0x0000000086c00000| Untracked 
| 109|0x0000000086d00000, 0x0000000086d00000, 0x0000000086e00000|  0%| F|  |TAMS 0x0000000086d00000, 0x0000000086d00000| Untracked 
| 110|0x0000000086e00000, 0x0000000086e00000, 0x0000000086f00000|  0%| F|  |TAMS 0x0000000086e00000, 0x0000000086e00000| Untracked 
| 111|0x0000000086f00000, 0x0000000086f00000, 0x0000000087000000|  0%| F|  |TAMS 0x0000000086f00000, 0x0000000086f00000| Untracked 
| 112|0x0000000087000000, 0x0000000087000000, 0x0000000087100000|  0%| F|  |TAMS 0x0000000087000000, 0x0000000087000000| Untracked 
| 113|0x0000000087100000, 0x0000000087100000, 0x0000000087200000|  0%| F|  |TAMS 0x0000000087100000, 0x0000000087100000| Untracked 
| 114|0x0000000087200000, 0x0000000087200000, 0x0000000087300000|  0%| F|  |TAMS 0x0000000087200000, 0x0000000087200000| Untracked 
| 115|0x0000000087300000, 0x0000000087380800, 0x0000000087400000| 50%| E|  |TAMS 0x0000000087300000, 0x0000000087300000| Complete 
| 116|0x0000000087400000, 0x0000000087500000, 0x0000000087500000|100%| E|CS|TAMS 0x0000000087400000, 0x0000000087400000| Complete 
| 117|0x0000000087500000, 0x0000000087600000, 0x0000000087600000|100%| E|CS|TAMS 0x0000000087500000, 0x0000000087500000| Complete 
| 118|0x0000000087600000, 0x0000000087700000, 0x0000000087700000|100%| E|CS|TAMS 0x0000000087600000, 0x0000000087600000| Complete 
| 119|0x0000000087700000, 0x0000000087800000, 0x0000000087800000|100%| E|CS|TAMS 0x0000000087700000, 0x0000000087700000| Complete 
| 120|0x0000000087800000, 0x0000000087900000, 0x0000000087900000|100%| E|CS|TAMS 0x0000000087800000, 0x0000000087800000| Complete 
| 121|0x0000000087900000, 0x0000000087a00000, 0x0000000087a00000|100%| E|CS|TAMS 0x0000000087900000, 0x0000000087900000| Complete 
| 122|0x0000000087a00000, 0x0000000087b00000, 0x0000000087b00000|100%| E|CS|TAMS 0x0000000087a00000, 0x0000000087a00000| Complete 
| 123|0x0000000087b00000, 0x0000000087c00000, 0x0000000087c00000|100%| E|CS|TAMS 0x0000000087b00000, 0x0000000087b00000| Complete 
| 124|0x0000000087c00000, 0x0000000087d00000, 0x0000000087d00000|100%| E|CS|TAMS 0x0000000087c00000, 0x0000000087c00000| Complete 
| 125|0x0000000087d00000, 0x0000000087e00000, 0x0000000087e00000|100%| E|CS|TAMS 0x0000000087d00000, 0x0000000087d00000| Complete 
| 126|0x0000000087e00000, 0x0000000087f00000, 0x0000000087f00000|100%| E|CS|TAMS 0x0000000087e00000, 0x0000000087e00000| Complete 
| 203|0x000000008cb00000, 0x000000008cc00000, 0x000000008cc00000|100%| E|CS|TAMS 0x000000008cb00000, 0x000000008cb00000| Complete 
| 204|0x000000008cc00000, 0x000000008cd00000, 0x000000008cd00000|100%| E|CS|TAMS 0x000000008cc00000, 0x000000008cc00000| Complete 
| 205|0x000000008cd00000, 0x000000008ce00000, 0x000000008ce00000|100%| E|CS|TAMS 0x000000008cd00000, 0x000000008cd00000| Complete 
| 206|0x000000008ce00000, 0x000000008cf00000, 0x000000008cf00000|100%| E|CS|TAMS 0x000000008ce00000, 0x000000008ce00000| Complete 
| 207|0x000000008cf00000, 0x000000008d000000, 0x000000008d000000|100%| E|CS|TAMS 0x000000008cf00000, 0x000000008cf00000| Complete 
| 208|0x000000008d000000, 0x000000008d100000, 0x000000008d100000|100%| E|CS|TAMS 0x000000008d000000, 0x000000008d000000| Complete 
| 209|0x000000008d100000, 0x000000008d1b1f00, 0x000000008d200000| 69%| S|CS|TAMS 0x000000008d100000, 0x000000008d100000| Complete 
| 210|0x000000008d200000, 0x000000008d300000, 0x000000008d300000|100%| E|CS|TAMS 0x000000008d200000, 0x000000008d200000| Complete 
| 255|0x000000008ff00000, 0x0000000090000000, 0x0000000090000000|100%| E|CS|TAMS 0x000000008ff00000, 0x000000008ff00000| Complete 

Card table byte_map: [0x0000020155080000,0x0000020155480000] _byte_map_base: 0x0000020154c80000

Marking Bits (Prev, Next): (CMBitMap*) 0x00000201426f9840, (CMBitMap*) 0x00000201426f9880
 Prev Bits: [0x0000020155880000, 0x0000020157880000)
 Next Bits: [0x0000020157880000, 0x0000020159880000)

Polling page: 0x0000020140670000

Metaspace:

Usage:
  Non-class:     71.51 MB used.
      Class:     11.14 MB used.
       Both:     82.65 MB used.

Virtual space:
  Non-class space:       80.00 MB reserved,      71.81 MB ( 90%) committed,  10 nodes.
      Class space:        1.00 GB reserved,      11.44 MB (  1%) committed,  1 nodes.
             Both:        1.08 GB reserved,      83.25 MB (  8%) committed. 

Chunk freelists:
   Non-Class:  3.30 MB
       Class:  429.00 KB
        Both:  3.72 MB

MaxMetaspaceSize: unlimited
CompressedClassSpaceSize: 1.00 GB
Initial GC threshold: 21.00 MB
Current GC threshold: 128.06 MB
CDS: off
MetaspaceReclaimPolicy: balanced
 - commit_granule_bytes: 65536.
 - commit_granule_words: 8192.
 - virtual_space_node_default_size: 1048576.
 - enlarge_chunks_in_place: 1.
 - new_chunks_are_fully_committed: 0.
 - uncommit_free_chunks: 1.
 - use_allocation_guard: 0.
 - handle_deallocations: 1.


Internal statistics:

num_allocs_failed_limit: 6.
num_arena_births: 788.
num_arena_deaths: 0.
num_vsnodes_births: 11.
num_vsnodes_deaths: 0.
num_space_committed: 1332.
num_space_uncommitted: 0.
num_chunks_returned_to_freelist: 6.
num_chunks_taken_from_freelist: 3716.
num_chunk_merges: 6.
num_chunk_splits: 2563.
num_chunks_enlarged: 1817.
num_purges: 0.
num_inconsistent_stats: 0.

CodeHeap 'non-profiled nmethods': size=120000Kb used=4492Kb max_used=4492Kb free=115508Kb
 bounds [0x000002014d640000, 0x000002014dab0000, 0x0000020154b70000]
CodeHeap 'profiled nmethods': size=120000Kb used=14288Kb max_used=14288Kb free=105712Kb
 bounds [0x0000020145b70000, 0x0000020146970000, 0x000002014d0a0000]
CodeHeap 'non-nmethods': size=5760Kb used=2379Kb max_used=2472Kb free=3380Kb
 bounds [0x000002014d0a0000, 0x000002014d320000, 0x000002014d640000]
 total_blobs=8420 nmethods=7511 adapters=821
 compilation: enabled
              stopped_count=0, restarted_count=0
 full_count=0

Compilation events (20 events):
Event: 8.241 Thread 0x000002015cc75320 8308       3       org.gradle.internal.instantiation.generator.AsmBackedClassGenerator$ClassInspectionVisitorImpl::builder (244 bytes)
Event: 8.241 Thread 0x000002015cc75320 nmethod 8308 0x0000020146941b90 code [0x0000020146941e80, 0x0000020146943028]
Event: 8.242 Thread 0x000002015cc75320 8310       3       org.gradle.internal.instantiation.generator.AsmBackedClassGenerator$ClassBuilderImpl::addActionMethod (97 bytes)
Event: 8.243 Thread 0x000002015cc75320 nmethod 8310 0x0000020146943510 code [0x0000020146943800, 0x0000020146944c58]
Event: 8.243 Thread 0x000002015cc75320 8311       3       org.gradle.internal.instantiation.generator.AsmBackedClassGenerator$ClassBuilderImpl$$Lambda$131/0x0000000100278920::emit (29 bytes)
Event: 8.243 Thread 0x000002015cc75320 nmethod 8311 0x0000020146945210 code [0x00000201469453c0, 0x0000020146945528]
Event: 8.243 Thread 0x000002015cc75320 8312       3       org.gradle.internal.instantiation.generator.AsmBackedClassGenerator$ClassBuilderImpl$35::<init> (169 bytes)
Event: 8.244 Thread 0x000002015cc75320 nmethod 8312 0x0000020146945610 code [0x0000020146945960, 0x0000020146947128]
Event: 8.244 Thread 0x000002015cc75320 8313   !   3       jdk.proxy2.$Proxy1::value (29 bytes)
Event: 8.244 Thread 0x000002015cc75320 nmethod 8313 0x0000020146947990 code [0x0000020146947b60, 0x0000020146947f38]
Event: 8.245 Thread 0x000002015cc75320 8314       3       org.gradle.internal.instantiation.generator.AbstractClassGenerator$AbstractInjectedPropertyHandler::getInjectedServices (59 bytes)
Event: 8.245 Thread 0x000002015cc75320 nmethod 8314 0x0000020146948110 code [0x00000201469483c0, 0x0000020146949268]
Event: 8.245 Thread 0x000002015cc75320 8315       3       org.gradle.internal.instantiation.generator.AbstractClassGenerator$GeneratedClassImpl::<init> (128 bytes)
Event: 8.247 Thread 0x000002015cc75320 nmethod 8315 0x0000020146949710 code [0x0000020146949ba0, 0x000002014694c1a8]
Event: 8.247 Thread 0x000002015cc75320 8316       3       org.gradle.cache.internal.DefaultCrossBuildInMemoryCacheFactory$DefaultCrossBuildInMemoryCache::retainValue (20 bytes)
Event: 8.247 Thread 0x000002015cc75320 nmethod 8316 0x000002014694cf10 code [0x000002014694d0e0, 0x000002014694d588]
Event: 8.250 Thread 0x000002015cf7eac0 nmethod 8307 0x000002014da9ec10 code [0x000002014da9ede0, 0x000002014da9fa28]
Event: 8.250 Thread 0x000002015cf7eac0 8309       4       org.objectweb.asm.Label::put (83 bytes)
Event: 8.256 Thread 0x000002015cf7eac0 nmethod 8309 0x000002014da9ff10 code [0x000002014daa0100, 0x000002014daa0a00]
Event: 8.256 Thread 0x000002015cf7eac0 8317       4       java.util.regex.Pattern::escape (1327 bytes)

GC Heap History (20 events):
Event: 5.973 GC heap before
{Heap before GC invocations=26 (full 0):
 garbage-first heap   total 96256K, used 57351K [0x0000000080000000, 0x0000000100000000)
  region size 1024K, 5 young (5120K), 3 survivors (3072K)
 Metaspace       used 65258K, committed 65856K, reserved 1105920K
  class space    used 8623K, committed 8896K, reserved 1048576K
}
Event: 5.975 GC heap after
{Heap after GC invocations=27 (full 0):
 garbage-first heap   total 115712K, used 56518K [0x0000000080000000, 0x0000000100000000)
  region size 1024K, 1 young (1024K), 1 survivors (1024K)
 Metaspace       used 65258K, committed 65856K, reserved 1105920K
  class space    used 8623K, committed 8896K, reserved 1048576K
}
Event: 6.162 GC heap before
{Heap before GC invocations=28 (full 0):
 garbage-first heap   total 115712K, used 85190K [0x0000000080000000, 0x0000000100000000)
  region size 1024K, 23 young (23552K), 1 survivors (1024K)
 Metaspace       used 66539K, committed 67136K, reserved 1114112K
  class space    used 8790K, committed 9088K, reserved 1048576K
}
Event: 6.164 GC heap after
{Heap after GC invocations=29 (full 0):
 garbage-first heap   total 115712K, used 58744K [0x0000000080000000, 0x0000000100000000)
  region size 1024K, 3 young (3072K), 3 survivors (3072K)
 Metaspace       used 66539K, committed 67136K, reserved 1114112K
  class space    used 8790K, committed 9088K, reserved 1048576K
}
Event: 6.202 GC heap before
{Heap before GC invocations=29 (full 0):
 garbage-first heap   total 115712K, used 60792K [0x0000000080000000, 0x0000000100000000)
  region size 1024K, 5 young (5120K), 3 survivors (3072K)
 Metaspace       used 66726K, committed 67264K, reserved 1114112K
  class space    used 8821K, committed 9088K, reserved 1048576K
}
Event: 6.205 GC heap after
{Heap after GC invocations=30 (full 0):
 garbage-first heap   total 115712K, used 59135K [0x0000000080000000, 0x0000000100000000)
  region size 1024K, 1 young (1024K), 1 survivors (1024K)
 Metaspace       used 66726K, committed 67264K, reserved 1114112K
  class space    used 8821K, committed 9088K, reserved 1048576K
}
Event: 6.413 GC heap before
{Heap before GC invocations=30 (full 0):
 garbage-first heap   total 115712K, used 80639K [0x0000000080000000, 0x0000000100000000)
  region size 1024K, 23 young (23552K), 1 survivors (1024K)
 Metaspace       used 68766K, committed 69376K, reserved 1114112K
  class space    used 9061K, committed 9344K, reserved 1048576K
}
Event: 6.415 GC heap after
{Heap after GC invocations=31 (full 0):
 garbage-first heap   total 115712K, used 60349K [0x0000000080000000, 0x0000000100000000)
  region size 1024K, 2 young (2048K), 2 survivors (2048K)
 Metaspace       used 68766K, committed 69376K, reserved 1114112K
  class space    used 9061K, committed 9344K, reserved 1048576K
}
Event: 6.730 GC heap before
{Heap before GC invocations=32 (full 0):
 garbage-first heap   total 115712K, used 84925K [0x0000000080000000, 0x0000000100000000)
  region size 1024K, 26 young (26624K), 2 survivors (2048K)
 Metaspace       used 71250K, committed 71872K, reserved 1114112K
  class space    used 9419K, committed 9728K, reserved 1048576K
}
Event: 6.734 GC heap after
{Heap after GC invocations=33 (full 0):
 garbage-first heap   total 115712K, used 62287K [0x0000000080000000, 0x0000000100000000)
  region size 1024K, 4 young (4096K), 4 survivors (4096K)
 Metaspace       used 71250K, committed 71872K, reserved 1114112K
  class space    used 9419K, committed 9728K, reserved 1048576K
}
Event: 7.029 GC heap before
{Heap before GC invocations=33 (full 0):
 garbage-first heap   total 115712K, used 85839K [0x0000000080000000, 0x0000000100000000)
  region size 1024K, 28 young (28672K), 4 survivors (4096K)
 Metaspace       used 74304K, committed 74944K, reserved 1114112K
  class space    used 9824K, committed 10112K, reserved 1048576K
}
Event: 7.031 GC heap after
{Heap after GC invocations=34 (full 0):
 garbage-first heap   total 115712K, used 63635K [0x0000000080000000, 0x0000000100000000)
  region size 1024K, 4 young (4096K), 4 survivors (4096K)
 Metaspace       used 74304K, committed 74944K, reserved 1114112K
  class space    used 9824K, committed 10112K, reserved 1048576K
}
Event: 7.288 GC heap before
{Heap before GC invocations=35 (full 0):
 garbage-first heap   total 115712K, used 88211K [0x0000000080000000, 0x0000000100000000)
  region size 1024K, 29 young (29696K), 4 survivors (4096K)
 Metaspace       used 76535K, committed 77120K, reserved 1122304K
  class space    used 10104K, committed 10368K, reserved 1048576K
}
Event: 7.292 GC heap after
{Heap after GC invocations=36 (full 0):
 garbage-first heap   total 115712K, used 67241K [0x0000000080000000, 0x0000000100000000)
  region size 1024K, 4 young (4096K), 4 survivors (4096K)
 Metaspace       used 76535K, committed 77120K, reserved 1122304K
  class space    used 10104K, committed 10368K, reserved 1048576K
}
Event: 7.508 GC heap before
{Heap before GC invocations=36 (full 0):
 garbage-first heap   total 115712K, used 89769K [0x0000000080000000, 0x0000000100000000)
  region size 1024K, 27 young (27648K), 4 survivors (4096K)
 Metaspace       used 77987K, committed 78528K, reserved 1122304K
  class space    used 10297K, committed 10560K, reserved 1048576K
}
Event: 7.512 GC heap after
{Heap after GC invocations=37 (full 0):
 garbage-first heap   total 139264K, used 69717K [0x0000000080000000, 0x0000000100000000)
  region size 1024K, 3 young (3072K), 3 survivors (3072K)
 Metaspace       used 77987K, committed 78528K, reserved 1122304K
  class space    used 10297K, committed 10560K, reserved 1048576K
}
Event: 7.996 GC heap before
{Heap before GC invocations=38 (full 0):
 garbage-first heap   total 139264K, used 107605K [0x0000000080000000, 0x0000000100000000)
  region size 1024K, 39 young (39936K), 3 survivors (3072K)
 Metaspace       used 82395K, committed 83008K, reserved 1122304K
  class space    used 11092K, committed 11392K, reserved 1048576K
}
Event: 7.998 GC heap after
{Heap after GC invocations=39 (full 0):
 garbage-first heap   total 139264K, used 71078K [0x0000000080000000, 0x0000000100000000)
  region size 1024K, 4 young (4096K), 4 survivors (4096K)
 Metaspace       used 82395K, committed 83008K, reserved 1122304K
  class space    used 11092K, committed 11392K, reserved 1048576K
}
Event: 8.027 GC heap before
{Heap before GC invocations=39 (full 0):
 garbage-first heap   total 139264K, used 73126K [0x0000000080000000, 0x0000000100000000)
  region size 1024K, 6 young (6144K), 4 survivors (4096K)
 Metaspace       used 82636K, committed 83264K, reserved 1122304K
  class space    used 11142K, committed 11456K, reserved 1048576K
}
Event: 8.029 GC heap after
{Heap after GC invocations=40 (full 0):
 garbage-first heap   total 139264K, used 71114K [0x0000000080000000, 0x0000000100000000)
  region size 1024K, 1 young (1024K), 1 survivors (1024K)
 Metaspace       used 82636K, committed 83264K, reserved 1122304K
  class space    used 11142K, committed 11456K, reserved 1048576K
}

Dll operation events (2 events):
Event: 0.006 Loaded shared library C:\Program Files\Android\Android Studio\jbr\bin\java.dll
Event: 0.312 Loaded shared library C:\Program Files\Android\Android Studio\jbr\bin\verify.dll

Deoptimization events (20 events):
Event: 7.715 Thread 0x000002015f096f90 DEOPT PACKING pc=0x000002014d71a29c sp=0x0000006c408f76b0
Event: 7.715 Thread 0x000002015f096f90 DEOPT UNPACKING pc=0x000002014d0f69a3 sp=0x0000006c408f75e0 mode 2
Event: 7.715 Thread 0x000002015f096f90 Uncommon trap: trap_request=0xffffff45 fr.pc=0x000002014d6922c0 relative=0x0000000000000500
Event: 7.715 Thread 0x000002015f096f90 Uncommon trap: reason=unstable_if action=reinterpret pc=0x000002014d6922c0 method=java.lang.AbstractStringBuilder.putStringAt(ILjava/lang/String;II)V @ 8 c2
Event: 7.715 Thread 0x000002015f096f90 DEOPT PACKING pc=0x000002014d6922c0 sp=0x0000006c408f7700
Event: 7.715 Thread 0x000002015f096f90 DEOPT UNPACKING pc=0x000002014d0f69a3 sp=0x0000006c408f75e0 mode 2
Event: 7.715 Thread 0x000002015f096f90 Uncommon trap: trap_request=0xffffff45 fr.pc=0x000002014d67c514 relative=0x0000000000000114
Event: 7.715 Thread 0x000002015f096f90 Uncommon trap: reason=unstable_if action=reinterpret pc=0x000002014d67c514 method=java.lang.String.getBytes([BIIBI)V @ 6 c2
Event: 7.715 Thread 0x000002015f096f90 DEOPT PACKING pc=0x000002014d67c514 sp=0x0000006c408f7580
Event: 7.715 Thread 0x000002015f096f90 DEOPT UNPACKING pc=0x000002014d0f69a3 sp=0x0000006c408f7548 mode 2
Event: 7.715 Thread 0x000002015f096f90 Uncommon trap: trap_request=0xffffff45 fr.pc=0x000002014d67c054 relative=0x0000000000000134
Event: 7.715 Thread 0x000002015f096f90 Uncommon trap: reason=unstable_if action=reinterpret pc=0x000002014d67c054 method=java.lang.AbstractStringBuilder.putStringAt(ILjava/lang/String;II)V @ 8 c2
Event: 7.715 Thread 0x000002015f096f90 DEOPT PACKING pc=0x000002014d67c054 sp=0x0000006c408f7680
Event: 7.715 Thread 0x000002015f096f90 DEOPT UNPACKING pc=0x000002014d0f69a3 sp=0x0000006c408f75c8 mode 2
Event: 8.043 Thread 0x000002015f096f90 Uncommon trap: trap_request=0xffffff45 fr.pc=0x000002014d9571cc relative=0x000000000000028c
Event: 8.043 Thread 0x000002015f096f90 Uncommon trap: reason=unstable_if action=reinterpret pc=0x000002014d9571cc method=java.io.WinNTFileSystem.prefixLength(Ljava/lang/String;)I @ 11 c2
Event: 8.043 Thread 0x000002015f096f90 DEOPT PACKING pc=0x000002014d9571cc sp=0x0000006c408f8e00
Event: 8.043 Thread 0x000002015f096f90 DEOPT UNPACKING pc=0x000002014d0f69a3 sp=0x0000006c408f8d80 mode 2
Event: 8.170 Thread 0x000002015f096f90 DEOPT PACKING pc=0x0000020145facd2e sp=0x0000006c408f8970
Event: 8.170 Thread 0x000002015f096f90 DEOPT UNPACKING pc=0x000002014d0f7143 sp=0x0000006c408f7f10 mode 0

Classes unloaded (0 events):
No events

Classes redefined (0 events):
No events

Internal exceptions (20 events):
Event: 6.651 Thread 0x000002015f096f90 Exception <a 'java/lang/ClassNotFoundException'{0x0000000085f28788}: org/gradle/api/plugins/internal/DefaultJavaPluginConvention_DecoratedCustomizer> (0x0000000085f28788) 
thrown [s\src\hotspot\share\classfile\systemDictionary.cpp, line 256]
Event: 6.837 Thread 0x000002015f096f90 Exception <a 'java/lang/ClassNotFoundException'{0x000000008cd9c400}: org/jetbrains/kotlin/gradle/targets/js/npm/DefaultNpmDependencyExtensionBeanInfo> (0x000000008cd9c400) 
thrown [s\src\hotspot\share\classfile\systemDictionary.cpp, line 256]
Event: 6.838 Thread 0x000002015f096f90 Exception <a 'java/lang/ClassNotFoundException'{0x000000008cda7a70}: org/jetbrains/kotlin/gradle/targets/js/npm/DefaultNpmDependencyExtensionCustomizer> (0x000000008cda7a70) 
thrown [s\src\hotspot\share\classfile\systemDictionary.cpp, line 256]
Event: 6.841 Thread 0x000002015f096f90 Exception <a 'java/lang/ClassNotFoundException'{0x000000008cc1e028}: org/jetbrains/kotlin/gradle/targets/js/npm/NpmDependencyExtensionKt$defaultNpmDependencyDelegate$1BeanInfo> (0x000000008cc1e028) 
thrown [s\src\hotspot\share\classfile\systemDictionary.cpp, line 256]
Event: 6.842 Thread 0x000002015f096f90 Exception <a 'java/lang/ClassNotFoundException'{0x000000008cc296e0}: org/jetbrains/kotlin/gradle/targets/js/npm/NpmDependencyExtensionDelegateBeanInfo> (0x000000008cc296e0) 
thrown [s\src\hotspot\share\classfile\systemDictionary.cpp, line 256]
Event: 6.842 Thread 0x000002015f096f90 Exception <a 'java/lang/ClassNotFoundException'{0x000000008cc34d60}: org/jetbrains/kotlin/gradle/targets/js/npm/NpmDependencyExtensionDelegateCustomizer> (0x000000008cc34d60) 
thrown [s\src\hotspot\share\classfile\systemDictionary.cpp, line 256]
Event: 6.843 Thread 0x000002015f096f90 Exception <a 'java/lang/ClassNotFoundException'{0x000000008cc58848}: org/jetbrains/kotlin/gradle/targets/js/npm/NpmDependencyExtensionKt$defaultNpmDependencyDelegate$1Customizer> (0x000000008cc58848) 
thrown [s\src\hotspot\share\classfile\systemDictionary.cpp, line 256]
Event: 6.844 Thread 0x000002015f096f90 Exception <a 'java/lang/ClassNotFoundException'{0x000000008cc93230}: org/jetbrains/kotlin/gradle/targets/js/npm/DefaultDevNpmDependencyExtensionBeanInfo> (0x000000008cc93230) 
thrown [s\src\hotspot\share\classfile\systemDictionary.cpp, line 256]
Event: 6.845 Thread 0x000002015f096f90 Exception <a 'java/lang/ClassNotFoundException'{0x000000008cc9e8b8}: org/jetbrains/kotlin/gradle/targets/js/npm/DefaultDevNpmDependencyExtensionCustomizer> (0x000000008cc9e8b8) 
thrown [s\src\hotspot\share\classfile\systemDictionary.cpp, line 256]
Event: 6.847 Thread 0x000002015f096f90 Exception <a 'java/lang/ClassNotFoundException'{0x000000008ccdda90}: org/jetbrains/kotlin/gradle/targets/js/npm/DefaultPeerNpmDependencyExtensionBeanInfo> (0x000000008ccdda90) 
thrown [s\src\hotspot\share\classfile\systemDictionary.cpp, line 256]
Event: 6.847 Thread 0x000002015f096f90 Exception <a 'java/lang/ClassNotFoundException'{0x000000008cce9148}: org/jetbrains/kotlin/gradle/targets/js/npm/DefaultPeerNpmDependencyExtensionCustomizer> (0x000000008cce9148) 
thrown [s\src\hotspot\share\classfile\systemDictionary.cpp, line 256]
Event: 6.850 Thread 0x000002015f096f90 Exception <a 'java/lang/ClassNotFoundException'{0x000000008cb34b28}: org/jetbrains/kotlin/gradle/targets/js/npm/DefaultPeerNpmDependencyExtension$delegate$1BeanInfo> (0x000000008cb34b28) 
thrown [s\src\hotspot\share\classfile\systemDictionary.cpp, line 256]
Event: 6.850 Thread 0x000002015f096f90 Exception <a 'java/lang/ClassNotFoundException'{0x000000008cb403a8}: org/jetbrains/kotlin/gradle/targets/js/npm/DefaultPeerNpmDependencyExtension$delegate$1Customizer> (0x000000008cb403a8) 
thrown [s\src\hotspot\share\classfile\systemDictionary.cpp, line 256]
Event: 8.007 Thread 0x000002015f096f90 Exception <a 'java/lang/NoSuchMethodError'{0x000000008ffd62c8}: 'int java.lang.invoke.DirectMethodHandle$Holder.invokeSpecialIFC(java.lang.Object, java.lang.Object, java.lang.Object, java.lang.Object, java.lang.Object)'> (0x000000008ffd62c8) 
thrown [s\src\hotspot\share\interpreter\linkResolver.cpp, line 771]
Event: 8.187 Thread 0x000002015f096f90 Exception <a 'java/lang/ClassNotFoundException'{0x0000000087a31318}: com/android/build/gradle/internal/api/ApkVariantOutputImpl_DecoratedBeanInfo> (0x0000000087a31318) 
thrown [s\src\hotspot\share\classfile\systemDictionary.cpp, line 256]
Event: 8.188 Thread 0x000002015f096f90 Exception <a 'java/lang/ClassNotFoundException'{0x0000000087a3ea20}: com/android/build/gradle/internal/api/ApkVariantOutputImplBeanInfo> (0x0000000087a3ea20) 
thrown [s\src\hotspot\share\classfile\systemDictionary.cpp, line 256]
Event: 8.189 Thread 0x000002015f096f90 Exception <a 'java/lang/ClassNotFoundException'{0x0000000087a4c3e0}: com/android/build/gradle/internal/api/BaseVariantOutputImplBeanInfo> (0x0000000087a4c3e0) 
thrown [s\src\hotspot\share\classfile\systemDictionary.cpp, line 256]
Event: 8.189 Thread 0x000002015f096f90 Exception <a 'java/lang/ClassNotFoundException'{0x0000000087a59d78}: com/android/build/gradle/internal/api/BaseVariantOutputImplCustomizer> (0x0000000087a59d78) 
thrown [s\src\hotspot\share\classfile\systemDictionary.cpp, line 256]
Event: 8.191 Thread 0x000002015f096f90 Exception <a 'java/lang/ClassNotFoundException'{0x0000000087a7a610}: com/android/build/gradle/internal/api/ApkVariantOutputImplCustomizer> (0x0000000087a7a610) 
thrown [s\src\hotspot\share\classfile\systemDictionary.cpp, line 256]
Event: 8.193 Thread 0x000002015f096f90 Exception <a 'java/lang/ClassNotFoundException'{0x0000000087a95958}: com/android/build/gradle/internal/api/ApkVariantOutputImpl_DecoratedCustomizer> (0x0000000087a95958) 
thrown [s\src\hotspot\share\classfile\systemDictionary.cpp, line 256]

VM Operations (20 events):
Event: 7.056 Executing VM operation: G1Concurrent
Event: 7.058 Executing VM operation: G1Concurrent done
Event: 7.071 Executing VM operation: G1Concurrent
Event: 7.071 Executing VM operation: G1Concurrent done
Event: 7.288 Executing VM operation: G1CollectForAllocation
Event: 7.292 Executing VM operation: G1CollectForAllocation done
Event: 7.418 Executing VM operation: HandshakeAllThreads
Event: 7.418 Executing VM operation: HandshakeAllThreads done
Event: 7.508 Executing VM operation: G1CollectForAllocation
Event: 7.512 Executing VM operation: G1CollectForAllocation done
Event: 7.539 Executing VM operation: G1Concurrent
Event: 7.542 Executing VM operation: G1Concurrent done
Event: 7.556 Executing VM operation: G1Concurrent
Event: 7.557 Executing VM operation: G1Concurrent done
Event: 7.996 Executing VM operation: G1CollectForAllocation
Event: 7.998 Executing VM operation: G1CollectForAllocation done
Event: 8.016 Executing VM operation: HandshakeAllThreads
Event: 8.017 Executing VM operation: HandshakeAllThreads done
Event: 8.027 Executing VM operation: G1CollectForAllocation
Event: 8.029 Executing VM operation: G1CollectForAllocation done

Events (20 events):
Event: 6.573 loading class com/sun/jmx/mbeanserver/StandardMBeanSupport done
Event: 6.573 loading class com/sun/jmx/mbeanserver/StandardMBeanIntrospector
Event: 6.573 loading class com/sun/jmx/mbeanserver/StandardMBeanIntrospector done
Event: 6.854 loading class java/util/regex/Pattern$Neg
Event: 6.854 loading class java/util/regex/Pattern$Neg done
Event: 7.155 loading class java/util/ArrayList$SubList$1
Event: 7.155 loading class java/util/ArrayList$SubList$1 done
Event: 7.366 loading class jdk/internal/loader/URLClassPath$FileLoader
Event: 7.366 loading class jdk/internal/loader/URLClassPath$FileLoader done
Event: 7.366 loading class jdk/internal/loader/URLClassPath$FileLoader$1
Event: 7.367 loading class jdk/internal/loader/URLClassPath$FileLoader$1 done
Event: 7.669 loading class sun/reflect/generics/repository/FieldRepository
Event: 7.669 loading class sun/reflect/generics/repository/FieldRepository done
Event: 7.680 loading class jdk/internal/vm/annotation/ForceInline
Event: 7.680 loading class jdk/internal/vm/annotation/ForceInline done
Event: 7.715 loading class java/util/regex/Pattern$Caret
Event: 7.715 loading class java/util/regex/Pattern$Caret done
Event: 8.020 Thread 0x000002015cc89ad0 flushing nmethod 0x0000020145ff6590
Event: 8.021 Thread 0x000002015cc89ad0 flushing nmethod 0x00000201463b1890
Event: 8.022 Thread 0x000002015cc89ad0 flushing nmethod 0x0000020146413310


Dynamic libraries:
0x00007ff69b430000 - 0x00007ff69b43a000 	C:\Program Files\Android\Android Studio\jbr\bin\java.exe
0x00007ffacb550000 - 0x00007ffacb748000 	C:\WINDOWS\SYSTEM32\ntdll.dll
0x00007ffaca400000 - 0x00007ffaca4bd000 	C:\WINDOWS\System32\KERNEL32.DLL
0x00007ffac8ce0000 - 0x00007ffac8fd6000 	C:\WINDOWS\System32\KERNELBASE.dll
0x00007ffac9280000 - 0x00007ffac9380000 	C:\WINDOWS\System32\ucrtbase.dll
0x00007ffabdf30000 - 0x00007ffabdf4b000 	C:\Program Files\Android\Android Studio\jbr\bin\VCRUNTIME140.dll
0x00007ffabdd70000 - 0x00007ffabdd87000 	C:\Program Files\Android\Android Studio\jbr\bin\jli.dll
0x00007ffaca990000 - 0x00007ffacab2e000 	C:\WINDOWS\System32\USER32.dll
0x00007ffac9580000 - 0x00007ffac95a2000 	C:\WINDOWS\System32\win32u.dll
0x00007ffab4b20000 - 0x00007ffab4dba000 	C:\WINDOWS\WinSxS\amd64_microsoft.windows.common-controls_6595b64144ccf1df_6.0.19041.3636_none_60b6a03d71f818d5\COMCTL32.dll
0x00007ffac9610000 - 0x00007ffac963c000 	C:\WINDOWS\System32\GDI32.dll
0x00007ffac9a80000 - 0x00007ffac9b1e000 	C:\WINDOWS\System32\msvcrt.dll
0x00007ffac9160000 - 0x00007ffac927a000 	C:\WINDOWS\System32\gdi32full.dll
0x00007ffac9380000 - 0x00007ffac941d000 	C:\WINDOWS\System32\msvcp_win.dll
0x00007ffacb190000 - 0x00007ffacb1c0000 	C:\WINDOWS\System32\IMM32.DLL
0x00007ffac6440000 - 0x00007ffac644c000 	C:\Program Files\Android\Android Studio\jbr\bin\vcruntime140_1.dll
0x00007ffab5f80000 - 0x00007ffab600d000 	C:\Program Files\Android\Android Studio\jbr\bin\msvcp140.dll
0x00007ffa346d0000 - 0x00007ffa3533e000 	C:\Program Files\Android\Android Studio\jbr\bin\server\jvm.dll
0x00007ffaca860000 - 0x00007ffaca90f000 	C:\WINDOWS\System32\ADVAPI32.dll
0x00007ffacb250000 - 0x00007ffacb2ec000 	C:\WINDOWS\System32\sechost.dll
0x00007ffaca2d0000 - 0x00007ffaca3f6000 	C:\WINDOWS\System32\RPCRT4.dll
0x00007ffac3ff0000 - 0x00007ffac3ff9000 	C:\WINDOWS\SYSTEM32\WSOCK32.dll
0x00007ffac1750000 - 0x00007ffac1777000 	C:\WINDOWS\SYSTEM32\WINMM.dll
0x00007ffaca920000 - 0x00007ffaca98b000 	C:\WINDOWS\System32\WS2_32.dll
0x00007ffac3080000 - 0x00007ffac308a000 	C:\WINDOWS\SYSTEM32\VERSION.dll
0x00007ffac6b10000 - 0x00007ffac6b22000 	C:\WINDOWS\SYSTEM32\kernel.appcore.dll
0x00007ffac3dd0000 - 0x00007ffac3dda000 	C:\Program Files\Android\Android Studio\jbr\bin\jimage.dll
0x00007ffac1ab0000 - 0x00007ffac1c94000 	C:\WINDOWS\SYSTEM32\DBGHELP.DLL
0x00007ffaae850000 - 0x00007ffaae884000 	C:\WINDOWS\SYSTEM32\dbgcore.DLL
0x00007ffac90d0000 - 0x00007ffac9152000 	C:\WINDOWS\System32\bcryptPrimitives.dll
0x00007ffabf1e0000 - 0x00007ffabf205000 	C:\Program Files\Android\Android Studio\jbr\bin\java.dll
0x00007ffac3db0000 - 0x00007ffac3dc8000 	C:\Program Files\Android\Android Studio\jbr\bin\zip.dll
0x00007ffac9b20000 - 0x00007ffaca264000 	C:\WINDOWS\System32\SHELL32.dll
0x00007ffac6d10000 - 0x00007ffac74ab000 	C:\WINDOWS\SYSTEM32\windows.storage.dll
0x00007ffac9720000 - 0x00007ffac9a74000 	C:\WINDOWS\System32\combase.dll
0x00007ffac8670000 - 0x00007ffac869d000 	C:\WINDOWS\SYSTEM32\Wldp.dll
0x00007ffacab30000 - 0x00007ffacabdd000 	C:\WINDOWS\System32\SHCORE.dll
0x00007ffac96c0000 - 0x00007ffac9715000 	C:\WINDOWS\System32\shlwapi.dll
0x00007ffac8b60000 - 0x00007ffac8b85000 	C:\WINDOWS\SYSTEM32\profapi.dll
0x00007ffac3130000 - 0x00007ffac3149000 	C:\Program Files\Android\Android Studio\jbr\bin\net.dll
0x00007ffac2ba0000 - 0x00007ffac2caa000 	C:\WINDOWS\SYSTEM32\WINHTTP.dll
0x00007ffac83d0000 - 0x00007ffac843a000 	C:\WINDOWS\system32\mswsock.dll
0x00007ffabf1a0000 - 0x00007ffabf1b6000 	C:\Program Files\Android\Android Studio\jbr\bin\nio.dll
0x00007ffac46e0000 - 0x00007ffac46f0000 	C:\Program Files\Android\Android Studio\jbr\bin\verify.dll
0x00007ffab6c40000 - 0x00007ffab6c67000 	C:\Users\marco\.gradle\native\68d5fa5c4cc2d200863cafc0d521ce42e7d3e7ee720ec0a83991735586a16f82\windows-amd64\native-platform.dll
0x00007ffa92030000 - 0x00007ffa92174000 	C:\Users\marco\.gradle\native\e376f236ea51e6404a007f0833ffe2c6e607c4080706a723a18a27aeea778392\windows-amd64\native-platform-file-events.dll
0x00007ffac46d0000 - 0x00007ffac46d9000 	C:\Program Files\Android\Android Studio\jbr\bin\management.dll
0x00007ffac3d80000 - 0x00007ffac3d8b000 	C:\Program Files\Android\Android Studio\jbr\bin\management_ext.dll
0x00007ffaca910000 - 0x00007ffaca918000 	C:\WINDOWS\System32\PSAPI.DLL
0x00007ffac85c0000 - 0x00007ffac85d8000 	C:\WINDOWS\SYSTEM32\CRYPTSP.dll
0x00007ffac7c90000 - 0x00007ffac7cc4000 	C:\WINDOWS\system32\rsaenh.dll
0x00007ffac90a0000 - 0x00007ffac90c7000 	C:\WINDOWS\System32\bcrypt.dll
0x00007ffac8ae0000 - 0x00007ffac8b0e000 	C:\WINDOWS\SYSTEM32\USERENV.dll
0x00007ffac85e0000 - 0x00007ffac85ec000 	C:\WINDOWS\SYSTEM32\CRYPTBASE.dll
0x00007ffac8070000 - 0x00007ffac80ab000 	C:\WINDOWS\SYSTEM32\IPHLPAPI.DLL
0x00007ffacb2f0000 - 0x00007ffacb2f8000 	C:\WINDOWS\System32\NSI.dll
0x00007ffac3620000 - 0x00007ffac3637000 	C:\WINDOWS\SYSTEM32\dhcpcsvc6.DLL
0x00007ffac3600000 - 0x00007ffac361d000 	C:\WINDOWS\SYSTEM32\dhcpcsvc.DLL
0x00007ffac80b0000 - 0x00007ffac817a000 	C:\WINDOWS\SYSTEM32\DNSAPI.dll
0x00007ffab50a0000 - 0x00007ffab50a7000 	C:\WINDOWS\system32\wshunix.dll

dbghelp: loaded successfully - version: 4.0.5 - missing functions: none
symbol engine: initialized successfully - sym options: 0x614 - pdb path: .;C:\Program Files\Android\Android Studio\jbr\bin;C:\WINDOWS\SYSTEM32;C:\WINDOWS\WinSxS\amd64_microsoft.windows.common-controls_6595b64144ccf1df_6.0.19041.3636_none_60b6a03d71f818d5;C:\Program Files\Android\Android Studio\jbr\bin\server;C:\Users\marco\.gradle\native\68d5fa5c4cc2d200863cafc0d521ce42e7d3e7ee720ec0a83991735586a16f82\windows-amd64;C:\Users\marco\.gradle\native\e376f236ea51e6404a007f0833ffe2c6e607c4080706a723a18a27aeea778392\windows-amd64

VM Arguments:
jvm_args: --add-opens=java.base/java.util=ALL-UNNAMED --add-opens=java.base/java.lang=ALL-UNNAMED --add-opens=java.base/java.lang.invoke=ALL-UNNAMED --add-opens=java.prefs/java.util.prefs=ALL-UNNAMED --add-opens=java.base/java.nio.charset=ALL-UNNAMED --add-opens=java.base/java.net=ALL-UNNAMED --add-opens=java.base/java.util.concurrent.atomic=ALL-UNNAMED -Xmx2048m -Dfile.encoding=UTF-8 -Duser.country=BR -Duser.language=pt -Duser.variant 
java_command: org.gradle.launcher.daemon.bootstrap.GradleDaemon 8.0
java_class_path (initial): C:\Users\marco\.gradle\wrapper\dists\gradle-8.0-bin\ca5e32bp14vu59qr306oxotwh\gradle-8.0\lib\gradle-launcher-8.0.jar
Launcher Type: SUN_STANDARD

[Global flags]
     intx CICompilerCount                          = 3                                         {product} {ergonomic}
     uint ConcGCThreads                            = 2                                         {product} {ergonomic}
     uint G1ConcRefinementThreads                  = 6                                         {product} {ergonomic}
   size_t G1HeapRegionSize                         = 1048576                                   {product} {ergonomic}
    uintx GCDrainStackTargetSize                   = 64                                        {product} {ergonomic}
   size_t InitialHeapSize                          = 268435456                                 {product} {ergonomic}
   size_t MarkStackSize                            = 4194304                                   {product} {ergonomic}
   size_t MaxHeapSize                              = 2147483648                                {product} {command line}
   size_t MaxNewSize                               = 1287651328                                {product} {ergonomic}
   size_t MinHeapDeltaBytes                        = 1048576                                   {product} {ergonomic}
   size_t MinHeapSize                              = 8388608                                   {product} {ergonomic}
    uintx NonNMethodCodeHeapSize                   = 5832780                                {pd product} {ergonomic}
    uintx NonProfiledCodeHeapSize                  = 122912730                              {pd product} {ergonomic}
    uintx ProfiledCodeHeapSize                     = 122912730                              {pd product} {ergonomic}
    uintx ReservedCodeCacheSize                    = 251658240                              {pd product} {ergonomic}
     bool SegmentedCodeCache                       = true                                      {product} {ergonomic}
   size_t SoftMaxHeapSize                          = 2147483648                             {manageable} {ergonomic}
     bool UseCompressedClassPointers               = true                           {product lp64_product} {ergonomic}
     bool UseCompressedOops                        = true                           {product lp64_product} {ergonomic}
     bool UseG1GC                                  = true                                      {product} {ergonomic}
     bool UseLargePagesIndividualAllocation        = false                                  {pd product} {ergonomic}

Logging:
Log output configuration:
 #0: stdout all=warning uptime,level,tags
 #1: stderr all=off uptime,level,tags

Environment Variables:
JAVA_HOME=C:\Program Files\Java\jdk1.8.0_202
PATH=C:\Program Files\Common Files\Oracle\Java\javapath;C:\Program Files (x86)\Common Files\Oracle\Java\javapath;C:\Python310\Scripts\;C:\Python310\;C:\Windows\system32;C:\Windows;C:\Windows\System32\Wbem;C:\Windows\System32\WindowsPowerShell\v1.0\;C:\Windows\System32\OpenSSH\;C:\Users\marco\AppData\Roaming\itch\apps\butler\butler.exe;C:\Program Files (x86)\NVIDIA Corporation\PhysX\Common;C:\Program Files\NVIDIA Corporation\NVIDIA NvDLISR;C:\WINDOWS\system32;C:\WINDOWS;C:\WINDOWS\System32\Wbem;C:\WINDOWS\System32\WindowsPowerShell\v1.0\;C:\WINDOWS\System32\OpenSSH\;C:\Program Files\dotnet\;C:\Program Files (x86)\dotnet\;C:\ProgramData\chocolatey\bin;C:\Program Files\Git\cmd;C:\Program Files\Java\jdk1.8.0_202\bin;C:\Program Files\nodejs\;C:\xamppNovo\php;C:\ProgramData\ComposerSetup\bin;C:\Users\marco\AppData\Local\Programs\Python\Python39\Scripts\;C:\Users\marco\AppData\Local\Programs\Python\Python39\;C:\Users\marco\AppData\Local\Microsoft\WindowsApps;C:\Users\marco\AppData\Local\GitHubDesktop\bin;C:\Users\marco\.dotnet\tools;C:\Users\marco\AppData\Local\Programs\Microsoft VS Code\bin;C:\Users\marco\AppData\Roaming\npm;C:\Users\marco\AppData\Roaming\Composer\vendor\bin;D:\PyCharm\PyCharm Community Edition 2023.2.3\bin;
USERNAME=marco
OS=Windows_NT
PROCESSOR_IDENTIFIER=Intel64 Family 6 Model 158 Stepping 10, GenuineIntel
TMP=C:\Users\marco\AppData\Local\Temp
TEMP=C:\Users\marco\AppData\Local\Temp


JNI global refs:
JNI global refs: 26, weak refs: 1

JNI global refs memory usage: 843, weak refs: 841


---------------  S Y S T E M  ---------------

OS:
 Windows 10 , 64 bit Build 19041 (10.0.19041.3636)
OS uptime: 5 days 0:01 hours

CPU: total 6 (initial active 6) (6 cores per cpu, 1 threads per core) family 6 model 158 stepping 10 microcode 0xb4, cx8, cmov, fxsr, mmx, 3dnowpref, sse, sse2, sse3, ssse3, sse4.1, sse4.2, popcnt, lzcnt, tsc, tscinvbit, avx, avx2, aes, erms, clmul, bmi1, bmi2, adx, fma, vzeroupper, clflush, clflushopt

Memory: 4k page, system-wide physical 16315M (270M free)
TotalPageFile size 26555M (AvailPageFile size 6M)
current process WorkingSet (physical memory assigned to process): 366M, peak: 366M
current process commit charge ("private bytes"): 397M, peak: 398M

vm_info: OpenJDK 64-Bit Server VM (17.0.6+0-b2043.56-10027231) for windows-amd64 JRE (17.0.6+0-b2043.56-10027231), built on Apr 28 2023 00:43:19 by "androidbuild" with MS VC++ 16.10 / 16.11 (VS2019)

END.
