#
# There is insufficient memory for the Java Runtime Environment to continue.
# Native memory allocation (mmap) failed to map 216006656 bytes for G1 virtual space
# Possible reasons:
#   The system is out of physical RAM or swap space
#   The process is running with CompressedOops enabled, and the Java Heap may be blocking the growth of the native heap
# Possible solutions:
#   Reduce memory load on the system
#   Increase physical memory or swap space
#   Check if swap backing store is full
#   Decrease Java heap size (-Xmx/-Xms)
#   Decrease number of Java threads
#   Decrease Java thread stack sizes (-Xss)
#   Set larger code cache with -XX:ReservedCodeCacheSize=
#   JVM is running with Unscaled Compressed Oops mode in which the Java heap is
#     placed in the first 4GB address space. The Java Heap base address is the
#     maximum limit for the native heap growth. Please use -XX:HeapBaseMinAddress
#     to set the Java Heap base and to place the Java Heap above 4GB virtual address.
# This output file may be truncated or incomplete.
#
#  Out of Memory Error (os_windows.cpp:3769), pid=9476, tid=8088
#
# JRE version: OpenJDK Runtime Environment (17.0.6) (build 17.0.6+0-b2043.56-10027231)
# Java VM: OpenJDK 64-Bit Server VM (17.0.6+0-b2043.56-10027231, mixed mode, tiered, compressed oops, compressed class ptrs, g1 gc, windows-amd64)
# No core dump will be written. Minidumps are not enabled by default on client versions of Windows
#

---------------  S U M M A R Y ------------

Command Line: --add-opens=java.base/java.util=ALL-UNNAMED --add-opens=java.base/java.lang=ALL-UNNAMED --add-opens=java.base/java.lang.invoke=ALL-UNNAMED --add-opens=java.prefs/java.util.prefs=ALL-UNNAMED --add-opens=java.base/java.nio.charset=ALL-UNNAMED --add-opens=java.base/java.net=ALL-UNNAMED --add-opens=java.base/java.util.concurrent.atomic=ALL-UNNAMED -Xmx2048m -Dfile.encoding=UTF-8 -Duser.country=BR -Duser.language=pt -Duser.variant org.gradle.launcher.daemon.bootstrap.GradleDaemon 8.0

Host: Intel(R) Core(TM) i5-9400F CPU @ 2.90GHz, 6 cores, 15G,  Windows 10 , 64 bit Build 19041 (10.0.19041.3636)
Time: Wed Nov 29 18:52:42 2023 Hora Padrão de Buenos Aires elapsed time: 10.578197 seconds (0d 0h 0m 10s)

---------------  T H R E A D  ---------------

Current thread (0x000001b1f4e2c530):  VMThread "VM Thread" [stack: 0x0000002ad7600000,0x0000002ad7700000] [id=8088]

Stack: [0x0000002ad7600000,0x0000002ad7700000]
Native frames: (J=compiled Java code, j=interpreted, Vv=VM code, C=native code)
V  [jvm.dll+0x683c9a]
V  [jvm.dll+0x8427a4]
V  [jvm.dll+0x843f9e]
V  [jvm.dll+0x844603]
V  [jvm.dll+0x249b75]
V  [jvm.dll+0x680b69]
V  [jvm.dll+0x67505a]
V  [jvm.dll+0x309acb]
V  [jvm.dll+0x310f86]
V  [jvm.dll+0x3608ee]
V  [jvm.dll+0x360b1f]
V  [jvm.dll+0x2dfbf8]
V  [jvm.dll+0x2ddec4]
V  [jvm.dll+0x2dd4cc]
V  [jvm.dll+0x321f3b]
V  [jvm.dll+0x848ccb]
V  [jvm.dll+0x849a04]
V  [jvm.dll+0x849f1d]
V  [jvm.dll+0x84a2f4]
V  [jvm.dll+0x84a3c0]
V  [jvm.dll+0x7f274a]
V  [jvm.dll+0x682ad5]
C  [ucrtbase.dll+0x21bb2]
C  [KERNEL32.DLL+0x17344]
C  [ntdll.dll+0x526b1]

VM_Operation (0x0000002ad95fdde0): G1CollectForAllocation, mode: safepoint, requested by thread 0x000001b1f6d8b3c0


---------------  P R O C E S S  ---------------

Threads class SMR info:
_java_thread_list=0x000001b1fcf9c3c0, length=112, elements={
0x000001b1db42c890, 0x000001b1f581ece0, 0x000001b1f581f960, 0x000001b1f58653d0,
0x000001b1f5868cb0, 0x000001b1f5869570, 0x000001b1f5869e30, 0x000001b1f586aad0,
0x000001b1f586b480, 0x000001b1f58d5860, 0x000001b1f59f1270, 0x000001b1f5a230c0,
0x000001b1f6ed9140, 0x000001b1f6d96690, 0x000001b1f6fe05c0, 0x000001b1f7cc0ab0,
0x000001b1f7cc0f80, 0x000001b1f7c93be0, 0x000001b1f709d910, 0x000001b1f6d8b890,
0x000001b1f6d8a080, 0x000001b1f6d8a550, 0x000001b1f6d8aa20, 0x000001b1f6d8aef0,
0x000001b1f6d8b3c0, 0x000001b1f841d530, 0x000001b1f8422700, 0x000001b1f8420080,
0x000001b1f8422bd0, 0x000001b1f84213c0, 0x000001b1f841d060, 0x000001b1f8421d60,
0x000001b1f841ded0, 0x000001b1f841ed40, 0x000001b1f84248b0, 0x000001b1f841da00,
0x000001b1f8423a40, 0x000001b1f84230a0, 0x000001b1f8422230, 0x000001b1f8423570,
0x000001b1f8423f10, 0x000001b1f841e3a0, 0x000001b1f841e870, 0x000001b1f8421890,
0x000001b1f841f6e0, 0x000001b1f896a560, 0x000001b1f89636b0, 0x000001b1f8966200,
0x000001b1f8965390, 0x000001b1f8968880, 0x000001b1f8965860, 0x000001b1f89666d0,
0x000001b1f8967a10, 0x000001b1f8967070, 0x000001b1f8963b80, 0x000001b1f8965d30,
0x000001b1f8969bc0, 0x000001b1f8966ba0, 0x000001b1f8967540, 0x000001b1f8967ee0,
0x000001b1f89683b0, 0x000001b1f89649f0, 0x000001b1f89696f0, 0x000001b1f8964050,
0x000001b1f896a090, 0x000001b1f8968d50, 0x000001b1f8969220, 0x000001b1f896aa30,
0x000001b1f89631e0, 0x000001b1f8964520, 0x000001b1f8964ec0, 0x000001b1f5960ef0,
0x000001b1f595e3a0, 0x000001b1f595e870, 0x000001b1f595da00, 0x000001b1f595ed40,
0x000001b1f5960a20, 0x000001b1f5961d60, 0x000001b1f595fbb0, 0x000001b1f595c6c0,
0x000001b1f595f210, 0x000001b1f595f6e0, 0x000001b1f5962230, 0x000001b1f595b850,
0x000001b1f5962700, 0x000001b1f5960080, 0x000001b1f595c1f0, 0x000001b1f5962bd0,
0x000001b1f59613c0, 0x000001b1f595b380, 0x000001b1f595cb90, 0x000001b1f5960550,
0x000001b1f595d060, 0x000001b1f595d530, 0x000001b1f5961890, 0x000001b1f595bd20,
0x000001b1f595ded0, 0x000001b1f5d672d0, 0x000001b1f5d66930, 0x000001b1f5d6b160,
0x000001b1f5d65120, 0x000001b1f5d64c50, 0x000001b1f5d67c70, 0x000001b1f5d6ac90,
0x000001b1f5d68ae0, 0x000001b1f5d65ac0, 0x000001b1f5d68140, 0x000001b1f5d6a2f0,
0x000001b1f5d66460, 0x000001b1f5d69e20, 0x000001b1f5d68610, 0x000001b1f5d6a7c0
}

Java Threads: ( => current thread )
  0x000001b1db42c890 JavaThread "main" [_thread_blocked, id=12684, stack(0x0000002ad7000000,0x0000002ad7100000)]
  0x000001b1f581ece0 JavaThread "Reference Handler" daemon [_thread_blocked, id=10428, stack(0x0000002ad7700000,0x0000002ad7800000)]
  0x000001b1f581f960 JavaThread "Finalizer" daemon [_thread_blocked, id=3596, stack(0x0000002ad7800000,0x0000002ad7900000)]
  0x000001b1f58653d0 JavaThread "Signal Dispatcher" daemon [_thread_blocked, id=4736, stack(0x0000002ad7900000,0x0000002ad7a00000)]
  0x000001b1f5868cb0 JavaThread "Attach Listener" daemon [_thread_blocked, id=10320, stack(0x0000002ad7a00000,0x0000002ad7b00000)]
  0x000001b1f5869570 JavaThread "Service Thread" daemon [_thread_blocked, id=5788, stack(0x0000002ad7b00000,0x0000002ad7c00000)]
  0x000001b1f5869e30 JavaThread "Monitor Deflation Thread" daemon [_thread_blocked, id=11336, stack(0x0000002ad7c00000,0x0000002ad7d00000)]
  0x000001b1f586aad0 JavaThread "C2 CompilerThread0" daemon [_thread_blocked, id=4976, stack(0x0000002ad7d00000,0x0000002ad7e00000)]
  0x000001b1f586b480 JavaThread "C1 CompilerThread0" daemon [_thread_blocked, id=16352, stack(0x0000002ad7e00000,0x0000002ad7f00000)]
  0x000001b1f58d5860 JavaThread "Sweeper thread" daemon [_thread_blocked, id=13072, stack(0x0000002ad7f00000,0x0000002ad8000000)]
  0x000001b1f59f1270 JavaThread "Common-Cleaner" daemon [_thread_blocked, id=1184, stack(0x0000002ad8000000,0x0000002ad8100000)]
  0x000001b1f5a230c0 JavaThread "Notification Thread" daemon [_thread_blocked, id=10712, stack(0x0000002ad8100000,0x0000002ad8200000)]
  0x000001b1f6ed9140 JavaThread "Daemon health stats" [_thread_blocked, id=13508, stack(0x0000002ad8800000,0x0000002ad8900000)]
  0x000001b1f6d96690 JavaThread "Incoming local TCP Connector on port 53186" [_thread_in_native, id=16056, stack(0x0000002ad8900000,0x0000002ad8a00000)]
  0x000001b1f6fe05c0 JavaThread "Daemon periodic checks" [_thread_blocked, id=5792, stack(0x0000002ad8a00000,0x0000002ad8b00000)]
  0x000001b1f7cc0ab0 JavaThread "Daemon" [_thread_blocked, id=9340, stack(0x0000002ad8b00000,0x0000002ad8c00000)]
  0x000001b1f7cc0f80 JavaThread "Handler for socket connection from /127.0.0.1:53186 to /127.0.0.1:53187" [_thread_in_native, id=972, stack(0x0000002ad8c00000,0x0000002ad8d00000)]
  0x000001b1f7c93be0 JavaThread "Cancel handler" [_thread_blocked, id=15588, stack(0x0000002ad8d00000,0x0000002ad8e00000)]
  0x000001b1f709d910 JavaThread "Daemon worker" [_thread_blocked, id=11076, stack(0x0000002ad8e00000,0x0000002ad8f00000)]
  0x000001b1f6d8b890 JavaThread "Asynchronous log dispatcher for DefaultDaemonConnection: socket connection from /127.0.0.1:53186 to /127.0.0.1:53187" [_thread_blocked, id=13640, stack(0x0000002ad8f00000,0x0000002ad9000000)]
  0x000001b1f6d8a080 JavaThread "Stdin handler" [_thread_blocked, id=5264, stack(0x0000002ad9000000,0x0000002ad9100000)]
  0x000001b1f6d8a550 JavaThread "Daemon client event forwarder" [_thread_blocked, id=18228, stack(0x0000002ad9100000,0x0000002ad9200000)]
  0x000001b1f6d8aa20 JavaThread "Cache worker for journal cache (C:\Users\marco\.gradle\caches\journal-1)" [_thread_blocked, id=3408, stack(0x0000002ad9300000,0x0000002ad9400000)]
  0x000001b1f6d8aef0 JavaThread "File lock request listener" [_thread_in_native, id=3060, stack(0x0000002ad9400000,0x0000002ad9500000)]
  0x000001b1f6d8b3c0 JavaThread "Cache worker for file hash cache (C:\Users\marco\.gradle\caches\8.0\fileHashes)" [_thread_blocked, id=3000, stack(0x0000002ad9500000,0x0000002ad9600000)]
  0x000001b1f841d530 JavaThread "File watcher server" daemon [_thread_in_native, id=18856, stack(0x0000002ad9600000,0x0000002ad9700000)]
  0x000001b1f8422700 JavaThread "File watcher consumer" daemon [_thread_blocked, id=5668, stack(0x0000002ad9700000,0x0000002ad9800000)]
  0x000001b1f8420080 JavaThread "jar transforms" [_thread_blocked, id=8316, stack(0x0000002ad9800000,0x0000002ad9900000)]
  0x000001b1f8422bd0 JavaThread "jar transforms Thread 2" [_thread_blocked, id=14904, stack(0x0000002ad9900000,0x0000002ad9a00000)]
  0x000001b1f84213c0 JavaThread "jar transforms Thread 3" [_thread_blocked, id=19136, stack(0x0000002ad9a00000,0x0000002ad9b00000)]
  0x000001b1f841d060 JavaThread "jar transforms Thread 4" [_thread_blocked, id=11136, stack(0x0000002ad9b00000,0x0000002ad9c00000)]
  0x000001b1f8421d60 JavaThread "jar transforms Thread 5" [_thread_blocked, id=11940, stack(0x0000002ad9c00000,0x0000002ad9d00000)]
  0x000001b1f841ded0 JavaThread "jar transforms Thread 6" [_thread_blocked, id=11456, stack(0x0000002ad9d00000,0x0000002ad9e00000)]
  0x000001b1f841ed40 JavaThread "Cache worker for checksums cache (D:\AplicativosAndroid\.gradle\8.0\checksums)" [_thread_blocked, id=19200, stack(0x0000002ad9e00000,0x0000002ad9f00000)]
  0x000001b1f84248b0 JavaThread "Cache worker for cache directory md-rule (C:\Users\marco\.gradle\caches\8.0\md-rule)" [_thread_blocked, id=15804, stack(0x0000002ad9f00000,0x0000002ada000000)]
  0x000001b1f841da00 JavaThread "Cache worker for file content cache (C:\Users\marco\.gradle\caches\8.0\fileContent)" [_thread_blocked, id=9284, stack(0x0000002ada000000,0x0000002ada100000)]
  0x000001b1f8423a40 JavaThread "Cache worker for file hash cache (D:\AplicativosAndroid\.gradle\8.0\fileHashes)" [_thread_blocked, id=18720, stack(0x0000002ada100000,0x0000002ada200000)]
  0x000001b1f84230a0 JavaThread "Cache worker for cache directory md-supplier (C:\Users\marco\.gradle\caches\8.0\md-supplier)" [_thread_blocked, id=17640, stack(0x0000002ada200000,0x0000002ada300000)]
  0x000001b1f8422230 JavaThread "Cache worker for execution history cache (C:\Users\marco\.gradle\caches\8.0\executionHistory)" [_thread_blocked, id=3136, stack(0x0000002ada300000,0x0000002ada400000)]
  0x000001b1f8423570 JavaThread "Cache worker for kotlin-dsl (C:\Users\marco\.gradle\caches\8.0\kotlin-dsl)" [_thread_blocked, id=2456, stack(0x0000002ada400000,0x0000002ada500000)]
  0x000001b1f8423f10 JavaThread "Cache worker for dependencies-accessors (D:\AplicativosAndroid\.gradle\8.0\dependencies-accessors)" [_thread_blocked, id=4956, stack(0x0000002ada500000,0x0000002ada600000)]
  0x000001b1f841e3a0 JavaThread "Cache worker for Build Output Cleanup Cache (D:\AplicativosAndroid\.gradle\buildOutputCleanup)" [_thread_blocked, id=18108, stack(0x0000002ada600000,0x0000002ada700000)]
  0x000001b1f841e870 JavaThread "Unconstrained build operations" [_thread_blocked, id=3768, stack(0x0000002ada700000,0x0000002ada800000)]
  0x000001b1f8421890 JavaThread "Unconstrained build operations Thread 2" [_thread_blocked, id=17428, stack(0x0000002ada800000,0x0000002ada900000)]
  0x000001b1f841f6e0 JavaThread "Unconstrained build operations Thread 3" [_thread_blocked, id=17500, stack(0x0000002ada900000,0x0000002adaa00000)]
  0x000001b1f896a560 JavaThread "Unconstrained build operations Thread 4" [_thread_blocked, id=12460, stack(0x0000002adaa00000,0x0000002adab00000)]
  0x000001b1f89636b0 JavaThread "Unconstrained build operations Thread 5" [_thread_blocked, id=19748, stack(0x0000002adab00000,0x0000002adac00000)]
  0x000001b1f8966200 JavaThread "Unconstrained build operations Thread 6" [_thread_blocked, id=10720, stack(0x0000002adac00000,0x0000002adad00000)]
  0x000001b1f8965390 JavaThread "Unconstrained build operations Thread 7" [_thread_blocked, id=1704, stack(0x0000002adad00000,0x0000002adae00000)]
  0x000001b1f8968880 JavaThread "Unconstrained build operations Thread 8" [_thread_blocked, id=4792, stack(0x0000002adae00000,0x0000002adaf00000)]
  0x000001b1f8965860 JavaThread "Unconstrained build operations Thread 9" [_thread_blocked, id=3312, stack(0x0000002adaf00000,0x0000002adb000000)]
  0x000001b1f89666d0 JavaThread "Unconstrained build operations Thread 10" [_thread_blocked, id=4372, stack(0x0000002adb000000,0x0000002adb100000)]
  0x000001b1f8967a10 JavaThread "Unconstrained build operations Thread 11" [_thread_blocked, id=11028, stack(0x0000002adb100000,0x0000002adb200000)]
  0x000001b1f8967070 JavaThread "Unconstrained build operations Thread 12" [_thread_blocked, id=11576, stack(0x0000002adb200000,0x0000002adb300000)]
  0x000001b1f8963b80 JavaThread "Unconstrained build operations Thread 13" [_thread_blocked, id=5880, stack(0x0000002adb300000,0x0000002adb400000)]
  0x000001b1f8965d30 JavaThread "Unconstrained build operations Thread 14" [_thread_blocked, id=16048, stack(0x0000002adb400000,0x0000002adb500000)]
  0x000001b1f8969bc0 JavaThread "Unconstrained build operations Thread 15" [_thread_blocked, id=12708, stack(0x0000002adb500000,0x0000002adb600000)]
  0x000001b1f8966ba0 JavaThread "Unconstrained build operations Thread 16" [_thread_blocked, id=11068, stack(0x0000002adb600000,0x0000002adb700000)]
  0x000001b1f8967540 JavaThread "Unconstrained build operations Thread 17" [_thread_blocked, id=8400, stack(0x0000002adb700000,0x0000002adb800000)]
  0x000001b1f8967ee0 JavaThread "Unconstrained build operations Thread 18" [_thread_blocked, id=15724, stack(0x0000002adb800000,0x0000002adb900000)]
  0x000001b1f89683b0 JavaThread "Unconstrained build operations Thread 19" [_thread_blocked, id=15348, stack(0x0000002adb900000,0x0000002adba00000)]
  0x000001b1f89649f0 JavaThread "Unconstrained build operations Thread 20" [_thread_blocked, id=20088, stack(0x0000002adba00000,0x0000002adbb00000)]
  0x000001b1f89696f0 JavaThread "Unconstrained build operations Thread 21" [_thread_blocked, id=20012, stack(0x0000002adbb00000,0x0000002adbc00000)]
  0x000001b1f8964050 JavaThread "Unconstrained build operations Thread 22" [_thread_blocked, id=11900, stack(0x0000002adbc00000,0x0000002adbd00000)]
  0x000001b1f896a090 JavaThread "Unconstrained build operations Thread 23" [_thread_blocked, id=1192, stack(0x0000002adbd00000,0x0000002adbe00000)]
  0x000001b1f8968d50 JavaThread "Unconstrained build operations Thread 24" [_thread_blocked, id=10032, stack(0x0000002adbe00000,0x0000002adbf00000)]
  0x000001b1f8969220 JavaThread "Unconstrained build operations Thread 25" [_thread_blocked, id=12524, stack(0x0000002adbf00000,0x0000002adc000000)]
  0x000001b1f896aa30 JavaThread "Unconstrained build operations Thread 26" [_thread_blocked, id=548, stack(0x0000002adc000000,0x0000002adc100000)]
  0x000001b1f89631e0 JavaThread "Unconstrained build operations Thread 27" [_thread_blocked, id=7024, stack(0x0000002adc100000,0x0000002adc200000)]
  0x000001b1f8964520 JavaThread "Unconstrained build operations Thread 28" [_thread_blocked, id=10804, stack(0x0000002adc200000,0x0000002adc300000)]
  0x000001b1f8964ec0 JavaThread "Unconstrained build operations Thread 29" [_thread_blocked, id=3160, stack(0x0000002adc300000,0x0000002adc400000)]
  0x000001b1f5960ef0 JavaThread "Unconstrained build operations Thread 30" [_thread_blocked, id=17908, stack(0x0000002adc400000,0x0000002adc500000)]
  0x000001b1f595e3a0 JavaThread "Unconstrained build operations Thread 31" [_thread_blocked, id=10880, stack(0x0000002adc500000,0x0000002adc600000)]
  0x000001b1f595e870 JavaThread "Unconstrained build operations Thread 32" [_thread_blocked, id=15668, stack(0x0000002adc600000,0x0000002adc700000)]
  0x000001b1f595da00 JavaThread "Unconstrained build operations Thread 33" [_thread_blocked, id=16340, stack(0x0000002adc700000,0x0000002adc800000)]
  0x000001b1f595ed40 JavaThread "Unconstrained build operations Thread 34" [_thread_blocked, id=11204, stack(0x0000002adc800000,0x0000002adc900000)]
  0x000001b1f5960a20 JavaThread "Unconstrained build operations Thread 35" [_thread_blocked, id=18264, stack(0x0000002adc900000,0x0000002adca00000)]
  0x000001b1f5961d60 JavaThread "Unconstrained build operations Thread 36" [_thread_blocked, id=11932, stack(0x0000002adca00000,0x0000002adcb00000)]
  0x000001b1f595fbb0 JavaThread "Unconstrained build operations Thread 37" [_thread_blocked, id=21460, stack(0x0000002adcb00000,0x0000002adcc00000)]
  0x000001b1f595c6c0 JavaThread "Unconstrained build operations Thread 38" [_thread_blocked, id=13244, stack(0x0000002adcc00000,0x0000002adcd00000)]
  0x000001b1f595f210 JavaThread "Unconstrained build operations Thread 39" [_thread_blocked, id=13688, stack(0x0000002adcd00000,0x0000002adce00000)]
  0x000001b1f595f6e0 JavaThread "Unconstrained build operations Thread 40" [_thread_blocked, id=10084, stack(0x0000002adce00000,0x0000002adcf00000)]
  0x000001b1f5962230 JavaThread "Unconstrained build operations Thread 41" [_thread_blocked, id=15244, stack(0x0000002adcf00000,0x0000002add000000)]
  0x000001b1f595b850 JavaThread "Unconstrained build operations Thread 42" [_thread_blocked, id=10416, stack(0x0000002add000000,0x0000002add100000)]
  0x000001b1f5962700 JavaThread "Unconstrained build operations Thread 43" [_thread_blocked, id=16092, stack(0x0000002add100000,0x0000002add200000)]
  0x000001b1f5960080 JavaThread "Unconstrained build operations Thread 44" [_thread_blocked, id=11124, stack(0x0000002add200000,0x0000002add300000)]
  0x000001b1f595c1f0 JavaThread "Unconstrained build operations Thread 45" [_thread_blocked, id=2088, stack(0x0000002add300000,0x0000002add400000)]
  0x000001b1f5962bd0 JavaThread "Unconstrained build operations Thread 46" [_thread_blocked, id=12980, stack(0x0000002add400000,0x0000002add500000)]
  0x000001b1f59613c0 JavaThread "Unconstrained build operations Thread 47" [_thread_blocked, id=8652, stack(0x0000002add500000,0x0000002add600000)]
  0x000001b1f595b380 JavaThread "Unconstrained build operations Thread 48" [_thread_blocked, id=1120, stack(0x0000002add600000,0x0000002add700000)]
  0x000001b1f595cb90 JavaThread "Unconstrained build operations Thread 49" [_thread_blocked, id=15608, stack(0x0000002add700000,0x0000002add800000)]
  0x000001b1f5960550 JavaThread "Unconstrained build operations Thread 50" [_thread_blocked, id=6728, stack(0x0000002add800000,0x0000002add900000)]
  0x000001b1f595d060 JavaThread "Unconstrained build operations Thread 51" [_thread_blocked, id=14216, stack(0x0000002add900000,0x0000002adda00000)]
  0x000001b1f595d530 JavaThread "Unconstrained build operations Thread 52" [_thread_blocked, id=12216, stack(0x0000002adda00000,0x0000002addb00000)]
  0x000001b1f5961890 JavaThread "Unconstrained build operations Thread 53" [_thread_blocked, id=3560, stack(0x0000002addb00000,0x0000002addc00000)]
  0x000001b1f595bd20 JavaThread "Unconstrained build operations Thread 54" [_thread_blocked, id=4952, stack(0x0000002addc00000,0x0000002addd00000)]
  0x000001b1f595ded0 JavaThread "Unconstrained build operations Thread 55" [_thread_blocked, id=5768, stack(0x0000002addd00000,0x0000002adde00000)]
  0x000001b1f5d672d0 JavaThread "Unconstrained build operations Thread 56" [_thread_blocked, id=9684, stack(0x0000002adde00000,0x0000002addf00000)]
  0x000001b1f5d66930 JavaThread "Unconstrained build operations Thread 57" [_thread_blocked, id=17904, stack(0x0000002addf00000,0x0000002ade000000)]
  0x000001b1f5d6b160 JavaThread "Unconstrained build operations Thread 58" [_thread_blocked, id=12584, stack(0x0000002ade000000,0x0000002ade100000)]
  0x000001b1f5d65120 JavaThread "Unconstrained build operations Thread 59" [_thread_blocked, id=4732, stack(0x0000002ade100000,0x0000002ade200000)]
  0x000001b1f5d64c50 JavaThread "Unconstrained build operations Thread 60" [_thread_blocked, id=15532, stack(0x0000002ade200000,0x0000002ade300000)]
  0x000001b1f5d67c70 JavaThread "Memory manager" [_thread_blocked, id=1716, stack(0x0000002ade300000,0x0000002ade400000)]
  0x000001b1f5d6ac90 JavaThread "pool-3-thread-1" [_thread_blocked, id=8876, stack(0x0000002ade400000,0x0000002ade500000)]
  0x000001b1f5d68ae0 JavaThread "included builds" [_thread_blocked, id=12048, stack(0x0000002ade500000,0x0000002ade600000)]
  0x000001b1f5d65ac0 JavaThread "Execution worker" [_thread_blocked, id=10828, stack(0x0000002ade600000,0x0000002ade700000)]
  0x000001b1f5d68140 JavaThread "Execution worker Thread 2" [_thread_blocked, id=16480, stack(0x0000002ade700000,0x0000002ade800000)]
  0x000001b1f5d6a2f0 JavaThread "Execution worker Thread 3" [_thread_blocked, id=7604, stack(0x0000002ade800000,0x0000002ade900000)]
  0x000001b1f5d66460 JavaThread "Execution worker Thread 4" [_thread_blocked, id=21200, stack(0x0000002ade900000,0x0000002adea00000)]
  0x000001b1f5d69e20 JavaThread "Execution worker Thread 5" [_thread_blocked, id=1284, stack(0x0000002adea00000,0x0000002adeb00000)]
  0x000001b1f5d68610 JavaThread "Cache worker for execution history cache (D:\AplicativosAndroid\.gradle\8.0\executionHistory)" [_thread_blocked, id=9760, stack(0x0000002adeb00000,0x0000002adec00000)]
  0x000001b1f5d6a7c0 JavaThread "idea-tooling-model-converter" [_thread_blocked, id=1920, stack(0x0000002adec00000,0x0000002aded00000)]

Other Threads:
=>0x000001b1f4e2c530 VMThread "VM Thread" [stack: 0x0000002ad7600000,0x0000002ad7700000] [id=8088]
  0x000001b1f59f0980 WatcherThread [stack: 0x0000002ad8200000,0x0000002ad8300000] [id=14228]
  0x000001b1db489410 GCTaskThread "GC Thread#0" [stack: 0x0000002ad7100000,0x0000002ad7200000] [id=18148]
  0x000001b1f63864b0 GCTaskThread "GC Thread#1" [stack: 0x0000002ad8300000,0x0000002ad8400000] [id=6660]
  0x000001b1f6386760 GCTaskThread "GC Thread#2" [stack: 0x0000002ad8400000,0x0000002ad8500000] [id=17776]
  0x000001b1f6386a10 GCTaskThread "GC Thread#3" [stack: 0x0000002ad8500000,0x0000002ad8600000] [id=14112]
  0x000001b1f6386cc0 GCTaskThread "GC Thread#4" [stack: 0x0000002ad8600000,0x0000002ad8700000] [id=12188]
  0x000001b1f678bd70 GCTaskThread "GC Thread#5" [stack: 0x0000002ad8700000,0x0000002ad8800000] [id=2316]
  0x000001b1db49a260 ConcurrentGCThread "G1 Main Marker" [stack: 0x0000002ad7200000,0x0000002ad7300000] [id=20116]
  0x000001b1db49bb90 ConcurrentGCThread "G1 Conc#0" [stack: 0x0000002ad7300000,0x0000002ad7400000] [id=11724]
  0x000001b1f71f7030 ConcurrentGCThread "G1 Conc#1" [stack: 0x0000002ad9200000,0x0000002ad9300000] [id=12088]
  0x000001b1db4fec00 ConcurrentGCThread "G1 Refine#0" [stack: 0x0000002ad7400000,0x0000002ad7500000] [id=13764]
  0x000001b1f4ce0ba0 ConcurrentGCThread "G1 Service" [stack: 0x0000002ad7500000,0x0000002ad7600000] [id=1464]

Threads with active compile tasks:

VM state: at safepoint (normal execution)

VM Mutex/Monitor currently owned by a thread:  ([mutex/lock_event])
[0x000001b1db426990] Threads_lock - owner thread: 0x000001b1f4e2c530
[0x000001b1db426870] Heap_lock - owner thread: 0x000001b1f6d8b3c0

Heap address: 0x0000000080000000, size: 2048 MB, Compressed Oops mode: 32-bit

CDS archive(s) not mapped
Compressed class space mapped at: 0x0000000100000000-0x0000000140000000, reserved size: 1073741824
Narrow klass base: 0x0000000000000000, Narrow klass shift: 3, Narrow klass range: 0x140000000

GC Precious Log:
 CPUs: 6 total, 6 available
 Memory: 16315M
 Large Page Support: Disabled
 NUMA Support: Disabled
 Compressed Oops: Enabled (32-bit)
 Heap Region Size: 1M
 Heap Min Capacity: 8M
 Heap Initial Capacity: 256M
 Heap Max Capacity: 2G
 Pre-touch: Disabled
 Parallel Workers: 6
 Concurrent Workers: 2
 Concurrent Refinement Workers: 6
 Periodic GC: Disabled

Heap:
 garbage-first heap   total 262144K, used 168081K [0x0000000080000000, 0x0000000100000000)
  region size 1024K, 6 young (6144K), 6 survivors (6144K)
 Metaspace       used 95029K, committed 95808K, reserved 1138688K
  class space    used 12813K, committed 13184K, reserved 1048576K

Heap Regions: E=young(eden), S=young(survivor), O=old, HS=humongous(starts), HC=humongous(continues), CS=collection set, F=free, OA=open archive, CA=closed archive, TAMS=top-at-mark-start (previous, next)
|   0|0x0000000080000000, 0x0000000080100000, 0x0000000080100000|100%|HS|  |TAMS 0x0000000080100000, 0x0000000080100000| Complete 
|   1|0x0000000080100000, 0x0000000080200000, 0x0000000080200000|100%|HC|  |TAMS 0x0000000080200000, 0x0000000080200000| Complete 
|   2|0x0000000080200000, 0x0000000080300000, 0x0000000080300000|100%|HC|  |TAMS 0x0000000080300000, 0x0000000080300000| Complete 
|   3|0x0000000080300000, 0x0000000080400000, 0x0000000080400000|100%|HC|  |TAMS 0x0000000080400000, 0x0000000080400000| Complete 
|   4|0x0000000080400000, 0x0000000080500000, 0x0000000080500000|100%| O|  |TAMS 0x0000000080500000, 0x0000000080500000| Untracked 
|   5|0x0000000080500000, 0x0000000080600000, 0x0000000080600000|100%| O|  |TAMS 0x0000000080600000, 0x0000000080600000| Untracked 
|   6|0x0000000080600000, 0x00000000806ffff8, 0x0000000080700000| 99%| O|  |TAMS 0x00000000806ffff8, 0x00000000806ffff8| Untracked 
|   7|0x0000000080700000, 0x0000000080800000, 0x0000000080800000|100%| O|  |TAMS 0x0000000080800000, 0x0000000080800000| Untracked 
|   8|0x0000000080800000, 0x0000000080900000, 0x0000000080900000|100%| O|  |TAMS 0x0000000080900000, 0x0000000080900000| Untracked 
|   9|0x0000000080900000, 0x0000000080a00000, 0x0000000080a00000|100%| O|  |TAMS 0x0000000080a00000, 0x0000000080a00000| Untracked 
|  10|0x0000000080a00000, 0x0000000080b00000, 0x0000000080b00000|100%| O|  |TAMS 0x0000000080b00000, 0x0000000080b00000| Untracked 
|  11|0x0000000080b00000, 0x0000000080c00000, 0x0000000080c00000|100%| O|  |TAMS 0x0000000080c00000, 0x0000000080c00000| Untracked 
|  12|0x0000000080c00000, 0x0000000080d00000, 0x0000000080d00000|100%| O|  |TAMS 0x0000000080d00000, 0x0000000080d00000| Untracked 
|  13|0x0000000080d00000, 0x0000000080e00000, 0x0000000080e00000|100%| O|  |TAMS 0x0000000080e00000, 0x0000000080e00000| Untracked 
|  14|0x0000000080e00000, 0x0000000080f00000, 0x0000000080f00000|100%| O|  |TAMS 0x0000000080f00000, 0x0000000080f00000| Untracked 
|  15|0x0000000080f00000, 0x0000000081000000, 0x0000000081000000|100%| O|  |TAMS 0x0000000081000000, 0x0000000081000000| Untracked 
|  16|0x0000000081000000, 0x0000000081100000, 0x0000000081100000|100%| O|  |TAMS 0x0000000081100000, 0x0000000081100000| Untracked 
|  17|0x0000000081100000, 0x0000000081200000, 0x0000000081200000|100%| O|  |TAMS 0x0000000081200000, 0x0000000081200000| Untracked 
|  18|0x0000000081200000, 0x0000000081300000, 0x0000000081300000|100%| O|  |TAMS 0x0000000081300000, 0x0000000081300000| Untracked 
|  19|0x0000000081300000, 0x0000000081400000, 0x0000000081400000|100%| O|  |TAMS 0x0000000081400000, 0x0000000081400000| Untracked 
|  20|0x0000000081400000, 0x0000000081500000, 0x0000000081500000|100%| O|  |TAMS 0x0000000081500000, 0x0000000081500000| Untracked 
|  21|0x0000000081500000, 0x0000000081600000, 0x0000000081600000|100%|HS|  |TAMS 0x0000000081600000, 0x0000000081600000| Complete 
|  22|0x0000000081600000, 0x0000000081700000, 0x0000000081700000|100%|HC|  |TAMS 0x0000000081700000, 0x0000000081700000| Complete 
|  23|0x0000000081700000, 0x0000000081800000, 0x0000000081800000|100%|HS|  |TAMS 0x0000000081800000, 0x0000000081800000| Complete 
|  24|0x0000000081800000, 0x0000000081900000, 0x0000000081900000|100%|HC|  |TAMS 0x0000000081900000, 0x0000000081900000| Complete 
|  25|0x0000000081900000, 0x0000000081a00000, 0x0000000081a00000|100%|HC|  |TAMS 0x0000000081a00000, 0x0000000081a00000| Complete 
|  26|0x0000000081a00000, 0x0000000081b00000, 0x0000000081b00000|100%|HS|  |TAMS 0x0000000081b00000, 0x0000000081b00000| Complete 
|  27|0x0000000081b00000, 0x0000000081c00000, 0x0000000081c00000|100%|HC|  |TAMS 0x0000000081c00000, 0x0000000081c00000| Complete 
|  28|0x0000000081c00000, 0x0000000081d00000, 0x0000000081d00000|100%|HC|  |TAMS 0x0000000081d00000, 0x0000000081d00000| Complete 
|  29|0x0000000081d00000, 0x0000000081e00000, 0x0000000081e00000|100%| O|  |TAMS 0x0000000081e00000, 0x0000000081e00000| Untracked 
|  30|0x0000000081e00000, 0x0000000081f00000, 0x0000000081f00000|100%| O|  |TAMS 0x0000000081f00000, 0x0000000081f00000| Untracked 
|  31|0x0000000081f00000, 0x0000000082000000, 0x0000000082000000|100%| O|  |TAMS 0x0000000082000000, 0x0000000082000000| Untracked 
|  32|0x0000000082000000, 0x0000000082100000, 0x0000000082100000|100%|HS|  |TAMS 0x0000000082100000, 0x0000000082100000| Complete 
|  33|0x0000000082100000, 0x0000000082200000, 0x0000000082200000|100%|HC|  |TAMS 0x0000000082200000, 0x0000000082200000| Complete 
|  34|0x0000000082200000, 0x0000000082300000, 0x0000000082300000|100%| O|  |TAMS 0x0000000082300000, 0x0000000082300000| Untracked 
|  35|0x0000000082300000, 0x0000000082400000, 0x0000000082400000|100%| O|  |TAMS 0x0000000082400000, 0x0000000082400000| Untracked 
|  36|0x0000000082400000, 0x0000000082500000, 0x0000000082500000|100%| O|  |TAMS 0x0000000082500000, 0x0000000082500000| Untracked 
|  37|0x0000000082500000, 0x0000000082600000, 0x0000000082600000|100%|HS|  |TAMS 0x0000000082600000, 0x0000000082600000| Complete 
|  38|0x0000000082600000, 0x0000000082700000, 0x0000000082700000|100%|HC|  |TAMS 0x0000000082700000, 0x0000000082700000| Complete 
|  39|0x0000000082700000, 0x0000000082800000, 0x0000000082800000|100%|HC|  |TAMS 0x0000000082800000, 0x0000000082800000| Complete 
|  40|0x0000000082800000, 0x0000000082900000, 0x0000000082900000|100%| O|  |TAMS 0x0000000082900000, 0x0000000082900000| Untracked 
|  41|0x0000000082900000, 0x0000000082a00000, 0x0000000082a00000|100%|HS|  |TAMS 0x0000000082a00000, 0x0000000082a00000| Complete 
|  42|0x0000000082a00000, 0x0000000082b00000, 0x0000000082b00000|100%|HC|  |TAMS 0x0000000082b00000, 0x0000000082b00000| Complete 
|  43|0x0000000082b00000, 0x0000000082c00000, 0x0000000082c00000|100%|HC|  |TAMS 0x0000000082c00000, 0x0000000082c00000| Complete 
|  44|0x0000000082c00000, 0x0000000082d00000, 0x0000000082d00000|100%|HC|  |TAMS 0x0000000082d00000, 0x0000000082d00000| Complete 
|  45|0x0000000082d00000, 0x0000000082e00000, 0x0000000082e00000|100%|HC|  |TAMS 0x0000000082e00000, 0x0000000082e00000| Complete 
|  46|0x0000000082e00000, 0x0000000082f00000, 0x0000000082f00000|100%|HC|  |TAMS 0x0000000082f00000, 0x0000000082f00000| Complete 
|  47|0x0000000082f00000, 0x0000000083000000, 0x0000000083000000|100%|HC|  |TAMS 0x0000000083000000, 0x0000000083000000| Complete 
|  48|0x0000000083000000, 0x0000000083100000, 0x0000000083100000|100%|HC|  |TAMS 0x0000000083100000, 0x0000000083100000| Complete 
|  49|0x0000000083100000, 0x0000000083200000, 0x0000000083200000|100%|HC|  |TAMS 0x0000000083200000, 0x0000000083200000| Complete 
|  50|0x0000000083200000, 0x0000000083300000, 0x0000000083300000|100%|HC|  |TAMS 0x0000000083300000, 0x0000000083300000| Complete 
|  51|0x0000000083300000, 0x0000000083400000, 0x0000000083400000|100%|HC|  |TAMS 0x0000000083400000, 0x0000000083400000| Complete 
|  52|0x0000000083400000, 0x0000000083500000, 0x0000000083500000|100%|HC|  |TAMS 0x0000000083500000, 0x0000000083500000| Complete 
|  53|0x0000000083500000, 0x0000000083600000, 0x0000000083600000|100%|HS|  |TAMS 0x0000000083600000, 0x0000000083600000| Complete 
|  54|0x0000000083600000, 0x0000000083700000, 0x0000000083700000|100%|HC|  |TAMS 0x0000000083700000, 0x0000000083700000| Complete 
|  55|0x0000000083700000, 0x0000000083800000, 0x0000000083800000|100%|HC|  |TAMS 0x0000000083800000, 0x0000000083800000| Complete 
|  56|0x0000000083800000, 0x0000000083900000, 0x0000000083900000|100%| O|  |TAMS 0x0000000083900000, 0x0000000083900000| Untracked 
|  57|0x0000000083900000, 0x0000000083a00000, 0x0000000083a00000|100%| O|  |TAMS 0x0000000083a00000, 0x0000000083a00000| Untracked 
|  58|0x0000000083a00000, 0x0000000083b00000, 0x0000000083b00000|100%| O|  |TAMS 0x0000000083b00000, 0x0000000083b00000| Untracked 
|  59|0x0000000083b00000, 0x0000000083c00000, 0x0000000083c00000|100%| O|  |TAMS 0x0000000083c00000, 0x0000000083c00000| Untracked 
|  60|0x0000000083c00000, 0x0000000083d00000, 0x0000000083d00000|100%| O|  |TAMS 0x0000000083d00000, 0x0000000083d00000| Untracked 
|  61|0x0000000083d00000, 0x0000000083e00000, 0x0000000083e00000|100%| O|  |TAMS 0x0000000083e00000, 0x0000000083e00000| Untracked 
|  62|0x0000000083e00000, 0x0000000083f00000, 0x0000000083f00000|100%| O|  |TAMS 0x0000000083f00000, 0x0000000083f00000| Untracked 
|  63|0x0000000083f00000, 0x0000000084000000, 0x0000000084000000|100%| O|  |TAMS 0x0000000084000000, 0x0000000084000000| Untracked 
|  64|0x0000000084000000, 0x0000000084100000, 0x0000000084100000|100%| O|  |TAMS 0x0000000084100000, 0x0000000084100000| Untracked 
|  65|0x0000000084100000, 0x0000000084200000, 0x0000000084200000|100%| O|  |TAMS 0x0000000084200000, 0x0000000084200000| Untracked 
|  66|0x0000000084200000, 0x0000000084300000, 0x0000000084300000|100%| O|  |TAMS 0x0000000084300000, 0x0000000084300000| Untracked 
|  67|0x0000000084300000, 0x0000000084400000, 0x0000000084400000|100%| O|  |TAMS 0x0000000084400000, 0x0000000084400000| Untracked 
|  68|0x0000000084400000, 0x0000000084500000, 0x0000000084500000|100%| O|  |TAMS 0x0000000084500000, 0x0000000084500000| Untracked 
|  69|0x0000000084500000, 0x0000000084600000, 0x0000000084600000|100%|HS|  |TAMS 0x0000000084600000, 0x0000000084600000| Complete 
|  70|0x0000000084600000, 0x0000000084700000, 0x0000000084700000|100%|HS|  |TAMS 0x0000000084700000, 0x0000000084700000| Complete 
|  71|0x0000000084700000, 0x0000000084800000, 0x0000000084800000|100%|HS|  |TAMS 0x0000000084800000, 0x0000000084800000| Complete 
|  72|0x0000000084800000, 0x0000000084900000, 0x0000000084900000|100%|HC|  |TAMS 0x0000000084900000, 0x0000000084900000| Complete 
|  73|0x0000000084900000, 0x0000000084a00000, 0x0000000084a00000|100%| O|  |TAMS 0x0000000084a00000, 0x0000000084a00000| Untracked 
|  74|0x0000000084a00000, 0x0000000084b00000, 0x0000000084b00000|100%| O|  |TAMS 0x0000000084b00000, 0x0000000084b00000| Untracked 
|  75|0x0000000084b00000, 0x0000000084c00000, 0x0000000084c00000|100%| O|  |TAMS 0x0000000084c00000, 0x0000000084c00000| Untracked 
|  76|0x0000000084c00000, 0x0000000084d00000, 0x0000000084d00000|100%| O|  |TAMS 0x0000000084c00000, 0x0000000084d00000| Untracked 
|  77|0x0000000084d00000, 0x0000000084e00000, 0x0000000084e00000|100%|HS|  |TAMS 0x0000000084e00000, 0x0000000084e00000| Complete 
|  78|0x0000000084e00000, 0x0000000084f00000, 0x0000000084f00000|100%|HS|  |TAMS 0x0000000084f00000, 0x0000000084f00000| Complete 
|  79|0x0000000084f00000, 0x0000000085000000, 0x0000000085000000|100%|HC|  |TAMS 0x0000000085000000, 0x0000000085000000| Complete 
|  80|0x0000000085000000, 0x0000000085100000, 0x0000000085100000|100%|HC|  |TAMS 0x0000000085100000, 0x0000000085100000| Complete 
|  81|0x0000000085100000, 0x0000000085200000, 0x0000000085200000|100%|HC|  |TAMS 0x0000000085200000, 0x0000000085200000| Complete 
|  82|0x0000000085200000, 0x0000000085300000, 0x0000000085300000|100%| O|  |TAMS 0x0000000085300000, 0x0000000085300000| Untracked 
|  83|0x0000000085300000, 0x0000000085400000, 0x0000000085400000|100%| O|  |TAMS 0x0000000085300000, 0x0000000085300000| Untracked 
|  84|0x0000000085400000, 0x0000000085500000, 0x0000000085500000|100%| O|  |TAMS 0x0000000085500000, 0x0000000085500000| Untracked 
|  85|0x0000000085500000, 0x0000000085600000, 0x0000000085600000|100%| O|  |TAMS 0x0000000085600000, 0x0000000085600000| Untracked 
|  86|0x0000000085600000, 0x0000000085700000, 0x0000000085700000|100%| O|  |TAMS 0x0000000085700000, 0x0000000085700000| Untracked 
|  87|0x0000000085700000, 0x0000000085800000, 0x0000000085800000|100%| O|  |TAMS 0x0000000085800000, 0x0000000085800000| Untracked 
|  88|0x0000000085800000, 0x0000000085900000, 0x0000000085900000|100%| O|  |TAMS 0x0000000085900000, 0x0000000085900000| Untracked 
|  89|0x0000000085900000, 0x0000000085a00000, 0x0000000085a00000|100%| O|  |TAMS 0x0000000085a00000, 0x0000000085a00000| Untracked 
|  90|0x0000000085a00000, 0x0000000085b00000, 0x0000000085b00000|100%| O|  |TAMS 0x0000000085b00000, 0x0000000085b00000| Untracked 
|  91|0x0000000085b00000, 0x0000000085c00000, 0x0000000085c00000|100%| O|  |TAMS 0x0000000085c00000, 0x0000000085c00000| Untracked 
|  92|0x0000000085c00000, 0x0000000085d00000, 0x0000000085d00000|100%| O|  |TAMS 0x0000000085d00000, 0x0000000085d00000| Untracked 
|  93|0x0000000085d00000, 0x0000000085e00000, 0x0000000085e00000|100%| O|  |TAMS 0x0000000085e00000, 0x0000000085e00000| Untracked 
|  94|0x0000000085e00000, 0x0000000085f00000, 0x0000000085f00000|100%| O|  |TAMS 0x0000000085f00000, 0x0000000085f00000| Untracked 
|  95|0x0000000085f00000, 0x0000000086000000, 0x0000000086000000|100%| O|  |TAMS 0x0000000086000000, 0x0000000086000000| Untracked 
|  96|0x0000000086000000, 0x0000000086100000, 0x0000000086100000|100%| O|  |TAMS 0x0000000086100000, 0x0000000086100000| Untracked 
|  97|0x0000000086100000, 0x0000000086200000, 0x0000000086200000|100%| O|  |TAMS 0x0000000086200000, 0x0000000086200000| Untracked 
|  98|0x0000000086200000, 0x0000000086300000, 0x0000000086300000|100%| O|  |TAMS 0x0000000086300000, 0x0000000086300000| Untracked 
|  99|0x0000000086300000, 0x0000000086400000, 0x0000000086400000|100%| O|  |TAMS 0x0000000086400000, 0x0000000086400000| Untracked 
| 100|0x0000000086400000, 0x0000000086500000, 0x0000000086500000|100%| O|  |TAMS 0x0000000086500000, 0x0000000086500000| Untracked 
| 101|0x0000000086500000, 0x0000000086600000, 0x0000000086600000|100%| O|  |TAMS 0x0000000086600000, 0x0000000086600000| Untracked 
| 102|0x0000000086600000, 0x0000000086700000, 0x0000000086700000|100%| O|  |TAMS 0x0000000086700000, 0x0000000086700000| Untracked 
| 103|0x0000000086700000, 0x0000000086800000, 0x0000000086800000|100%| O|  |TAMS 0x0000000086800000, 0x0000000086800000| Untracked 
| 104|0x0000000086800000, 0x0000000086900000, 0x0000000086900000|100%| O|  |TAMS 0x0000000086900000, 0x0000000086900000| Untracked 
| 105|0x0000000086900000, 0x0000000086a00000, 0x0000000086a00000|100%| O|  |TAMS 0x0000000086a00000, 0x0000000086a00000| Untracked 
| 106|0x0000000086a00000, 0x0000000086b00000, 0x0000000086b00000|100%| O|  |TAMS 0x0000000086b00000, 0x0000000086b00000| Untracked 
| 107|0x0000000086b00000, 0x0000000086c00000, 0x0000000086c00000|100%|HS|  |TAMS 0x0000000086c00000, 0x0000000086c00000| Complete 
| 108|0x0000000086c00000, 0x0000000086d00000, 0x0000000086d00000|100%|HC|  |TAMS 0x0000000086d00000, 0x0000000086d00000| Complete 
| 109|0x0000000086d00000, 0x0000000086e00000, 0x0000000086e00000|100%|HS|  |TAMS 0x0000000086e00000, 0x0000000086e00000| Complete 
| 110|0x0000000086e00000, 0x0000000086f00000, 0x0000000086f00000|100%|HC|  |TAMS 0x0000000086f00000, 0x0000000086f00000| Complete 
| 111|0x0000000086f00000, 0x0000000087000000, 0x0000000087000000|100%|HC|  |TAMS 0x0000000087000000, 0x0000000087000000| Complete 
| 112|0x0000000087000000, 0x0000000087100000, 0x0000000087100000|100%|HS|  |TAMS 0x0000000087100000, 0x0000000087100000| Complete 
| 113|0x0000000087100000, 0x0000000087200000, 0x0000000087200000|100%|HC|  |TAMS 0x0000000087200000, 0x0000000087200000| Complete 
| 114|0x0000000087200000, 0x0000000087300000, 0x0000000087300000|100%|HC|  |TAMS 0x0000000087300000, 0x0000000087300000| Complete 
| 115|0x0000000087300000, 0x0000000087400000, 0x0000000087400000|100%|HS|  |TAMS 0x0000000087400000, 0x0000000087400000| Complete 
| 116|0x0000000087400000, 0x0000000087500000, 0x0000000087500000|100%|HC|  |TAMS 0x0000000087500000, 0x0000000087500000| Complete 
| 117|0x0000000087500000, 0x0000000087600000, 0x0000000087600000|100%|HC|  |TAMS 0x0000000087600000, 0x0000000087600000| Complete 
| 118|0x0000000087600000, 0x0000000087700000, 0x0000000087700000|100%|HC|  |TAMS 0x0000000087700000, 0x0000000087700000| Complete 
| 119|0x0000000087700000, 0x0000000087800000, 0x0000000087800000|100%|HC|  |TAMS 0x0000000087800000, 0x0000000087800000| Complete 
| 120|0x0000000087800000, 0x0000000087900000, 0x0000000087900000|100%|HC|  |TAMS 0x0000000087900000, 0x0000000087900000| Complete 
| 121|0x0000000087900000, 0x0000000087a00000, 0x0000000087a00000|100%|HC|  |TAMS 0x0000000087a00000, 0x0000000087a00000| Complete 
| 122|0x0000000087a00000, 0x0000000087b00000, 0x0000000087b00000|100%|HC|  |TAMS 0x0000000087b00000, 0x0000000087b00000| Complete 
| 123|0x0000000087b00000, 0x0000000087c00000, 0x0000000087c00000|100%|HC|  |TAMS 0x0000000087c00000, 0x0000000087c00000| Complete 
| 124|0x0000000087c00000, 0x0000000087d00000, 0x0000000087d00000|100%|HC|  |TAMS 0x0000000087d00000, 0x0000000087d00000| Complete 
| 125|0x0000000087d00000, 0x0000000087e00000, 0x0000000087e00000|100%|HC|  |TAMS 0x0000000087e00000, 0x0000000087e00000| Complete 
| 126|0x0000000087e00000, 0x0000000087f00000, 0x0000000087f00000|100%|HC|  |TAMS 0x0000000087f00000, 0x0000000087f00000| Complete 
| 127|0x0000000087f00000, 0x0000000088000000, 0x0000000088000000|100%|HS|  |TAMS 0x0000000088000000, 0x0000000088000000| Complete 
| 128|0x0000000088000000, 0x0000000088100000, 0x0000000088100000|100%|HC|  |TAMS 0x0000000088100000, 0x0000000088100000| Complete 
| 129|0x0000000088100000, 0x0000000088200000, 0x0000000088200000|100%| O|  |TAMS 0x0000000088200000, 0x0000000088200000| Untracked 
| 130|0x0000000088200000, 0x0000000088300000, 0x0000000088300000|100%| O|  |TAMS 0x0000000088300000, 0x0000000088300000| Untracked 
| 131|0x0000000088300000, 0x0000000088400000, 0x0000000088400000|100%| O|  |TAMS 0x0000000088400000, 0x0000000088400000| Untracked 
| 132|0x0000000088400000, 0x0000000088500000, 0x0000000088500000|100%| O|  |TAMS 0x0000000088500000, 0x0000000088500000| Untracked 
| 133|0x0000000088500000, 0x0000000088600000, 0x0000000088600000|100%| O|  |TAMS 0x0000000088600000, 0x0000000088600000| Untracked 
| 134|0x0000000088600000, 0x0000000088700000, 0x0000000088700000|100%| O|  |TAMS 0x0000000088700000, 0x0000000088700000| Untracked 
| 135|0x0000000088700000, 0x0000000088800000, 0x0000000088800000|100%| O|  |TAMS 0x0000000088800000, 0x0000000088800000| Untracked 
| 136|0x0000000088800000, 0x0000000088900000, 0x0000000088900000|100%| O|  |TAMS 0x0000000088900000, 0x0000000088900000| Untracked 
| 137|0x0000000088900000, 0x0000000088a00000, 0x0000000088a00000|100%| O|  |TAMS 0x0000000088a00000, 0x0000000088a00000| Untracked 
| 138|0x0000000088a00000, 0x0000000088b00000, 0x0000000088b00000|100%| O|  |TAMS 0x0000000088b00000, 0x0000000088b00000| Untracked 
| 139|0x0000000088b00000, 0x0000000088c00000, 0x0000000088c00000|100%| O|  |TAMS 0x0000000088b57800, 0x0000000088c00000| Untracked 
| 140|0x0000000088c00000, 0x0000000088d00000, 0x0000000088d00000|100%|HS|  |TAMS 0x0000000088c00000, 0x0000000088d00000| Complete 
| 141|0x0000000088d00000, 0x0000000088e00000, 0x0000000088e00000|100%|HC|  |TAMS 0x0000000088d00000, 0x0000000088e00000| Complete 
| 142|0x0000000088e00000, 0x0000000088f00000, 0x0000000088f00000|100%|HS|  |TAMS 0x0000000088e00000, 0x0000000088f00000| Complete 
| 143|0x0000000088f00000, 0x0000000089000000, 0x0000000089000000|100%|HC|  |TAMS 0x0000000088f00000, 0x0000000089000000| Complete 
| 144|0x0000000089000000, 0x0000000089100000, 0x0000000089100000|100%| O|  |TAMS 0x0000000089000000, 0x0000000089100000| Untracked 
| 145|0x0000000089100000, 0x0000000089200000, 0x0000000089200000|100%| O|  |TAMS 0x0000000089100000, 0x0000000089200000| Untracked 
| 146|0x0000000089200000, 0x0000000089300000, 0x0000000089300000|100%| O|  |TAMS 0x0000000089200000, 0x0000000089300000| Untracked 
| 147|0x0000000089300000, 0x0000000089400000, 0x0000000089400000|100%| O|  |TAMS 0x0000000089300000, 0x0000000089400000| Untracked 
| 148|0x0000000089400000, 0x0000000089500000, 0x0000000089500000|100%| O|  |TAMS 0x0000000089400000, 0x0000000089500000| Untracked 
| 149|0x0000000089500000, 0x0000000089600000, 0x0000000089600000|100%| O|  |TAMS 0x0000000089500000, 0x0000000089600000| Untracked 
| 150|0x0000000089600000, 0x0000000089700000, 0x0000000089700000|100%| O|  |TAMS 0x0000000089600000, 0x0000000089700000| Untracked 
| 151|0x0000000089700000, 0x0000000089800000, 0x0000000089800000|100%| O|  |TAMS 0x0000000089700000, 0x0000000089800000| Untracked 
| 152|0x0000000089800000, 0x0000000089900000, 0x0000000089900000|100%| O|  |TAMS 0x0000000089800000, 0x000000008983fe00| Untracked 
| 153|0x0000000089900000, 0x0000000089a00000, 0x0000000089a00000|100%| O|  |TAMS 0x0000000089900000, 0x0000000089900000| Untracked 
| 154|0x0000000089a00000, 0x0000000089b00000, 0x0000000089b00000|100%| O|  |TAMS 0x0000000089a00000, 0x0000000089a00000| Untracked 
| 155|0x0000000089b00000, 0x0000000089c00000, 0x0000000089c00000|100%| O|  |TAMS 0x0000000089b00000, 0x0000000089b00000| Untracked 
| 156|0x0000000089c00000, 0x0000000089d00000, 0x0000000089d00000|100%| O|  |TAMS 0x0000000089c00000, 0x0000000089c00000| Untracked 
| 157|0x0000000089d00000, 0x0000000089e00000, 0x0000000089e00000|100%| O|  |TAMS 0x0000000089d00000, 0x0000000089d00000| Untracked 
| 158|0x0000000089e00000, 0x0000000089e24800, 0x0000000089f00000| 14%| O|  |TAMS 0x0000000089e00000, 0x0000000089e00000| Untracked 
| 159|0x0000000089f00000, 0x0000000089f00000, 0x000000008a000000|  0%| F|  |TAMS 0x0000000089f00000, 0x0000000089f00000| Untracked 
| 160|0x000000008a000000, 0x000000008a000000, 0x000000008a100000|  0%| F|  |TAMS 0x000000008a000000, 0x000000008a000000| Untracked 
| 161|0x000000008a100000, 0x000000008a100000, 0x000000008a200000|  0%| F|  |TAMS 0x000000008a100000, 0x000000008a100000| Untracked 
| 162|0x000000008a200000, 0x000000008a200000, 0x000000008a300000|  0%| F|  |TAMS 0x000000008a200000, 0x000000008a200000| Untracked 
| 163|0x000000008a300000, 0x000000008a300000, 0x000000008a400000|  0%| F|  |TAMS 0x000000008a300000, 0x000000008a300000| Untracked 
| 164|0x000000008a400000, 0x000000008a400000, 0x000000008a500000|  0%| F|  |TAMS 0x000000008a400000, 0x000000008a400000| Untracked 
| 165|0x000000008a500000, 0x000000008a500000, 0x000000008a600000|  0%| F|  |TAMS 0x000000008a500000, 0x000000008a500000| Untracked 
| 166|0x000000008a600000, 0x000000008a600000, 0x000000008a700000|  0%| F|  |TAMS 0x000000008a600000, 0x000000008a600000| Untracked 
| 167|0x000000008a700000, 0x000000008a700000, 0x000000008a800000|  0%| F|  |TAMS 0x000000008a700000, 0x000000008a700000| Untracked 
| 168|0x000000008a800000, 0x000000008a800000, 0x000000008a900000|  0%| F|  |TAMS 0x000000008a800000, 0x000000008a800000| Untracked 
| 169|0x000000008a900000, 0x000000008a900000, 0x000000008aa00000|  0%| F|  |TAMS 0x000000008a900000, 0x000000008a900000| Untracked 
| 170|0x000000008aa00000, 0x000000008aa00000, 0x000000008ab00000|  0%| F|  |TAMS 0x000000008aa00000, 0x000000008aa00000| Untracked 
| 171|0x000000008ab00000, 0x000000008ab00000, 0x000000008ac00000|  0%| F|  |TAMS 0x000000008ab00000, 0x000000008ab00000| Untracked 
| 172|0x000000008ac00000, 0x000000008ac00000, 0x000000008ad00000|  0%| F|  |TAMS 0x000000008ac00000, 0x000000008ac00000| Untracked 
| 173|0x000000008ad00000, 0x000000008ad00000, 0x000000008ae00000|  0%| F|  |TAMS 0x000000008ad00000, 0x000000008ad00000| Untracked 
| 174|0x000000008ae00000, 0x000000008ae00000, 0x000000008af00000|  0%| F|  |TAMS 0x000000008ae00000, 0x000000008ae00000| Untracked 
| 175|0x000000008af00000, 0x000000008af00000, 0x000000008b000000|  0%| F|  |TAMS 0x000000008af00000, 0x000000008af00000| Untracked 
| 176|0x000000008b000000, 0x000000008b000000, 0x000000008b100000|  0%| F|  |TAMS 0x000000008b000000, 0x000000008b000000| Untracked 
| 177|0x000000008b100000, 0x000000008b100000, 0x000000008b200000|  0%| F|  |TAMS 0x000000008b100000, 0x000000008b100000| Untracked 
| 178|0x000000008b200000, 0x000000008b200000, 0x000000008b300000|  0%| F|  |TAMS 0x000000008b200000, 0x000000008b200000| Untracked 
| 179|0x000000008b300000, 0x000000008b300000, 0x000000008b400000|  0%| F|  |TAMS 0x000000008b300000, 0x000000008b300000| Untracked 
| 180|0x000000008b400000, 0x000000008b400000, 0x000000008b500000|  0%| F|  |TAMS 0x000000008b400000, 0x000000008b400000| Untracked 
| 181|0x000000008b500000, 0x000000008b500000, 0x000000008b600000|  0%| F|  |TAMS 0x000000008b500000, 0x000000008b500000| Untracked 
| 182|0x000000008b600000, 0x000000008b600000, 0x000000008b700000|  0%| F|  |TAMS 0x000000008b600000, 0x000000008b600000| Untracked 
| 183|0x000000008b700000, 0x000000008b700000, 0x000000008b800000|  0%| F|  |TAMS 0x000000008b700000, 0x000000008b700000| Untracked 
| 184|0x000000008b800000, 0x000000008b800000, 0x000000008b900000|  0%| F|  |TAMS 0x000000008b800000, 0x000000008b800000| Untracked 
| 185|0x000000008b900000, 0x000000008b900000, 0x000000008ba00000|  0%| F|  |TAMS 0x000000008b900000, 0x000000008b900000| Untracked 
| 186|0x000000008ba00000, 0x000000008ba00000, 0x000000008bb00000|  0%| F|  |TAMS 0x000000008ba00000, 0x000000008ba00000| Untracked 
| 187|0x000000008bb00000, 0x000000008bb00000, 0x000000008bc00000|  0%| F|  |TAMS 0x000000008bb00000, 0x000000008bb00000| Untracked 
| 188|0x000000008bc00000, 0x000000008bc00000, 0x000000008bd00000|  0%| F|  |TAMS 0x000000008bc00000, 0x000000008bc00000| Untracked 
| 189|0x000000008bd00000, 0x000000008bd00000, 0x000000008be00000|  0%| F|  |TAMS 0x000000008bd00000, 0x000000008bd00000| Untracked 
| 190|0x000000008be00000, 0x000000008bf00000, 0x000000008bf00000|100%| S|CS|TAMS 0x000000008be00000, 0x000000008be00000| Complete 
| 191|0x000000008bf00000, 0x000000008c000000, 0x000000008c000000|100%| S|CS|TAMS 0x000000008bf00000, 0x000000008bf00000| Complete 
| 192|0x000000008c000000, 0x000000008c100000, 0x000000008c100000|100%| S|CS|TAMS 0x000000008c000000, 0x000000008c000000| Complete 
| 193|0x000000008c100000, 0x000000008c200000, 0x000000008c200000|100%| S|CS|TAMS 0x000000008c100000, 0x000000008c100000| Complete 
| 194|0x000000008c200000, 0x000000008c300000, 0x000000008c300000|100%| S|CS|TAMS 0x000000008c200000, 0x000000008c200000| Complete 
| 195|0x000000008c300000, 0x000000008c400000, 0x000000008c400000|100%| S|CS|TAMS 0x000000008c300000, 0x000000008c300000| Complete 
| 196|0x000000008c400000, 0x000000008c400000, 0x000000008c500000|  0%| F|  |TAMS 0x000000008c400000, 0x000000008c400000| Untracked 
| 197|0x000000008c500000, 0x000000008c500000, 0x000000008c600000|  0%| F|  |TAMS 0x000000008c500000, 0x000000008c500000| Untracked 
| 198|0x000000008c600000, 0x000000008c600000, 0x000000008c700000|  0%| F|  |TAMS 0x000000008c600000, 0x000000008c600000| Untracked 
| 199|0x000000008c700000, 0x000000008c700000, 0x000000008c800000|  0%| F|  |TAMS 0x000000008c700000, 0x000000008c700000| Untracked 
| 200|0x000000008c800000, 0x000000008c800000, 0x000000008c900000|  0%| F|  |TAMS 0x000000008c800000, 0x000000008c800000| Untracked 
| 201|0x000000008c900000, 0x000000008c900000, 0x000000008ca00000|  0%| F|  |TAMS 0x000000008c900000, 0x000000008c900000| Untracked 
| 202|0x000000008ca00000, 0x000000008ca00000, 0x000000008cb00000|  0%| F|  |TAMS 0x000000008ca00000, 0x000000008ca00000| Untracked 
| 203|0x000000008cb00000, 0x000000008cb00000, 0x000000008cc00000|  0%| F|  |TAMS 0x000000008cb00000, 0x000000008cb00000| Untracked 
| 204|0x000000008cc00000, 0x000000008cc00000, 0x000000008cd00000|  0%| F|  |TAMS 0x000000008cc00000, 0x000000008cc00000| Untracked 
| 205|0x000000008cd00000, 0x000000008cd00000, 0x000000008ce00000|  0%| F|  |TAMS 0x000000008cd00000, 0x000000008cd00000| Untracked 
| 206|0x000000008ce00000, 0x000000008ce00000, 0x000000008cf00000|  0%| F|  |TAMS 0x000000008ce00000, 0x000000008ce00000| Untracked 
| 207|0x000000008cf00000, 0x000000008cf00000, 0x000000008d000000|  0%| F|  |TAMS 0x000000008cf00000, 0x000000008cf00000| Untracked 
| 208|0x000000008d000000, 0x000000008d000000, 0x000000008d100000|  0%| F|  |TAMS 0x000000008d000000, 0x000000008d000000| Untracked 
| 209|0x000000008d100000, 0x000000008d100000, 0x000000008d200000|  0%| F|  |TAMS 0x000000008d100000, 0x000000008d100000| Untracked 
| 210|0x000000008d200000, 0x000000008d200000, 0x000000008d300000|  0%| F|  |TAMS 0x000000008d200000, 0x000000008d200000| Untracked 
| 211|0x000000008d300000, 0x000000008d300000, 0x000000008d400000|  0%| F|  |TAMS 0x000000008d300000, 0x000000008d300000| Untracked 
| 212|0x000000008d400000, 0x000000008d400000, 0x000000008d500000|  0%| F|  |TAMS 0x000000008d400000, 0x000000008d400000| Untracked 
| 213|0x000000008d500000, 0x000000008d500000, 0x000000008d600000|  0%| F|  |TAMS 0x000000008d500000, 0x000000008d500000| Untracked 
| 214|0x000000008d600000, 0x000000008d600000, 0x000000008d700000|  0%| F|  |TAMS 0x000000008d600000, 0x000000008d600000| Untracked 
| 215|0x000000008d700000, 0x000000008d700000, 0x000000008d800000|  0%| F|  |TAMS 0x000000008d700000, 0x000000008d700000| Untracked 
| 216|0x000000008d800000, 0x000000008d800000, 0x000000008d900000|  0%| F|  |TAMS 0x000000008d800000, 0x000000008d800000| Untracked 
| 217|0x000000008d900000, 0x000000008d900000, 0x000000008da00000|  0%| F|  |TAMS 0x000000008d900000, 0x000000008d900000| Untracked 
| 218|0x000000008da00000, 0x000000008da00000, 0x000000008db00000|  0%| F|  |TAMS 0x000000008da00000, 0x000000008da00000| Untracked 
| 219|0x000000008db00000, 0x000000008db00000, 0x000000008dc00000|  0%| F|  |TAMS 0x000000008db00000, 0x000000008db00000| Untracked 
| 220|0x000000008dc00000, 0x000000008dc00000, 0x000000008dd00000|  0%| F|  |TAMS 0x000000008dc00000, 0x000000008dc00000| Untracked 
| 221|0x000000008dd00000, 0x000000008dd00000, 0x000000008de00000|  0%| F|  |TAMS 0x000000008dd00000, 0x000000008dd00000| Untracked 
| 222|0x000000008de00000, 0x000000008de00000, 0x000000008df00000|  0%| F|  |TAMS 0x000000008de00000, 0x000000008de00000| Untracked 
| 223|0x000000008df00000, 0x000000008df00000, 0x000000008e000000|  0%| F|  |TAMS 0x000000008df00000, 0x000000008df00000| Untracked 
| 224|0x000000008e000000, 0x000000008e000000, 0x000000008e100000|  0%| F|  |TAMS 0x000000008e000000, 0x000000008e000000| Untracked 
| 225|0x000000008e100000, 0x000000008e100000, 0x000000008e200000|  0%| F|  |TAMS 0x000000008e100000, 0x000000008e100000| Untracked 
| 226|0x000000008e200000, 0x000000008e200000, 0x000000008e300000|  0%| F|  |TAMS 0x000000008e200000, 0x000000008e200000| Untracked 
| 227|0x000000008e300000, 0x000000008e300000, 0x000000008e400000|  0%| F|  |TAMS 0x000000008e300000, 0x000000008e300000| Untracked 
| 228|0x000000008e400000, 0x000000008e400000, 0x000000008e500000|  0%| F|  |TAMS 0x000000008e400000, 0x000000008e400000| Untracked 
| 229|0x000000008e500000, 0x000000008e500000, 0x000000008e600000|  0%| F|  |TAMS 0x000000008e500000, 0x000000008e500000| Untracked 
| 230|0x000000008e600000, 0x000000008e600000, 0x000000008e700000|  0%| F|  |TAMS 0x000000008e600000, 0x000000008e600000| Untracked 
| 231|0x000000008e700000, 0x000000008e700000, 0x000000008e800000|  0%| F|  |TAMS 0x000000008e700000, 0x000000008e700000| Untracked 
| 232|0x000000008e800000, 0x000000008e800000, 0x000000008e900000|  0%| F|  |TAMS 0x000000008e800000, 0x000000008e800000| Untracked 
| 233|0x000000008e900000, 0x000000008e900000, 0x000000008ea00000|  0%| F|  |TAMS 0x000000008e900000, 0x000000008e900000| Untracked 
| 234|0x000000008ea00000, 0x000000008ea00000, 0x000000008eb00000|  0%| F|  |TAMS 0x000000008ea00000, 0x000000008ea00000| Untracked 
| 235|0x000000008eb00000, 0x000000008eb00000, 0x000000008ec00000|  0%| F|  |TAMS 0x000000008eb00000, 0x000000008eb00000| Untracked 
| 236|0x000000008ec00000, 0x000000008ec00000, 0x000000008ed00000|  0%| F|  |TAMS 0x000000008ec00000, 0x000000008ec00000| Untracked 
| 237|0x000000008ed00000, 0x000000008ed00000, 0x000000008ee00000|  0%| F|  |TAMS 0x000000008ed00000, 0x000000008ed00000| Untracked 
| 238|0x000000008ee00000, 0x000000008ee00000, 0x000000008ef00000|  0%| F|  |TAMS 0x000000008ee00000, 0x000000008ee00000| Untracked 
| 239|0x000000008ef00000, 0x000000008ef00000, 0x000000008f000000|  0%| F|  |TAMS 0x000000008ef00000, 0x000000008ef00000| Untracked 
| 240|0x000000008f000000, 0x000000008f000000, 0x000000008f100000|  0%| F|  |TAMS 0x000000008f000000, 0x000000008f000000| Untracked 
| 241|0x000000008f100000, 0x000000008f100000, 0x000000008f200000|  0%| F|  |TAMS 0x000000008f100000, 0x000000008f100000| Untracked 
| 242|0x000000008f200000, 0x000000008f200000, 0x000000008f300000|  0%| F|  |TAMS 0x000000008f200000, 0x000000008f200000| Untracked 
| 243|0x000000008f300000, 0x000000008f300000, 0x000000008f400000|  0%| F|  |TAMS 0x000000008f300000, 0x000000008f300000| Untracked 
| 244|0x000000008f400000, 0x000000008f400000, 0x000000008f500000|  0%| F|  |TAMS 0x000000008f400000, 0x000000008f400000| Untracked 
| 245|0x000000008f500000, 0x000000008f500000, 0x000000008f600000|  0%| F|  |TAMS 0x000000008f500000, 0x000000008f500000| Untracked 
| 246|0x000000008f600000, 0x000000008f600000, 0x000000008f700000|  0%| F|  |TAMS 0x000000008f600000, 0x000000008f600000| Untracked 
| 247|0x000000008f700000, 0x000000008f700000, 0x000000008f800000|  0%| F|  |TAMS 0x000000008f700000, 0x000000008f700000| Untracked 
| 248|0x000000008f800000, 0x000000008f800000, 0x000000008f900000|  0%| F|  |TAMS 0x000000008f800000, 0x000000008f800000| Untracked 
| 249|0x000000008f900000, 0x000000008f900000, 0x000000008fa00000|  0%| F|  |TAMS 0x000000008f900000, 0x000000008f900000| Untracked 
| 250|0x000000008fa00000, 0x000000008fa00000, 0x000000008fb00000|  0%| F|  |TAMS 0x000000008fa00000, 0x000000008fa00000| Untracked 
| 251|0x000000008fb00000, 0x000000008fb00000, 0x000000008fc00000|  0%| F|  |TAMS 0x000000008fb00000, 0x000000008fb00000| Untracked 
| 252|0x000000008fc00000, 0x000000008fc00000, 0x000000008fd00000|  0%| F|  |TAMS 0x000000008fc00000, 0x000000008fc00000| Untracked 
| 253|0x000000008fd00000, 0x000000008fd00000, 0x000000008fe00000|  0%| F|  |TAMS 0x000000008fd00000, 0x000000008fd00000| Untracked 
| 254|0x000000008fe00000, 0x000000008fe00000, 0x000000008ff00000|  0%| F|  |TAMS 0x000000008fe00000, 0x000000008fe00000| Untracked 
| 255|0x000000008ff00000, 0x000000008ff00000, 0x0000000090000000|  0%| F|  |TAMS 0x000000008ff00000, 0x000000008ff00000| Untracked 

Card table byte_map: [0x000001b1ede10000,0x000001b1ee210000] _byte_map_base: 0x000001b1eda10000

Marking Bits (Prev, Next): (CMBitMap*) 0x000001b1db489930, (CMBitMap*) 0x000001b1db489970
 Prev Bits: [0x000001b1ee610000, 0x000001b1f0610000)
 Next Bits: [0x000001b1f0610000, 0x000001b1f2610000)

Polling page: 0x000001b1dac00000

Metaspace:

Usage:
  Non-class:     80.29 MB used.
      Class:     12.51 MB used.
       Both:     92.80 MB used.

Virtual space:
  Non-class space:       88.00 MB reserved,      80.69 MB ( 92%) committed,  11 nodes.
      Class space:        1.00 GB reserved,      12.88 MB (  1%) committed,  1 nodes.
             Both:        1.09 GB reserved,      93.56 MB (  8%) committed. 

Chunk freelists:
   Non-Class:  3.23 MB
       Class:  3.01 MB
        Both:  6.25 MB

MaxMetaspaceSize: unlimited
CompressedClassSpaceSize: 1.00 GB
Initial GC threshold: 21.00 MB
Current GC threshold: 155.25 MB
CDS: off
MetaspaceReclaimPolicy: balanced
 - commit_granule_bytes: 65536.
 - commit_granule_words: 8192.
 - virtual_space_node_default_size: 1048576.
 - enlarge_chunks_in_place: 1.
 - new_chunks_are_fully_committed: 0.
 - uncommit_free_chunks: 1.
 - use_allocation_guard: 0.
 - handle_deallocations: 1.


Internal statistics:

num_allocs_failed_limit: 3.
num_arena_births: 984.
num_arena_deaths: 0.
num_vsnodes_births: 12.
num_vsnodes_deaths: 0.
num_space_committed: 1496.
num_space_uncommitted: 0.
num_chunks_returned_to_freelist: 3.
num_chunks_taken_from_freelist: 4487.
num_chunk_merges: 3.
num_chunk_splits: 3009.
num_chunks_enlarged: 2034.
num_purges: 0.
num_inconsistent_stats: 0.

CodeHeap 'non-profiled nmethods': size=120000Kb used=3737Kb max_used=3737Kb free=116262Kb
 bounds [0x000001b1e63d0000, 0x000001b1e6780000, 0x000001b1ed900000]
CodeHeap 'profiled nmethods': size=120000Kb used=15523Kb max_used=15523Kb free=104476Kb
 bounds [0x000001b1de900000, 0x000001b1df830000, 0x000001b1e5e30000]
CodeHeap 'non-nmethods': size=5760Kb used=2396Kb max_used=2473Kb free=3363Kb
 bounds [0x000001b1e5e30000, 0x000001b1e60a0000, 0x000001b1e63d0000]
 total_blobs=9653 nmethods=8719 adapters=844
 compilation: enabled
              stopped_count=0, restarted_count=0
 full_count=0

Compilation events (20 events):
Event: 10.553 Thread 0x000001b1f586b480 9639       3       org.gradle.internal.file.FileHierarchySet$Node::contains (101 bytes)
Event: 10.554 Thread 0x000001b1f586b480 nmethod 9639 0x000001b1df823590 code [0x000001b1df8237e0, 0x000001b1df824198]
Event: 10.554 Thread 0x000001b1f586b480 9640       3       java.util.concurrent.locks.AbstractQueuedSynchronizer::enqueue (60 bytes)
Event: 10.554 Thread 0x000001b1f586b480 nmethod 9640 0x000001b1df824490 code [0x000001b1df824680, 0x000001b1df824b18]
Event: 10.557 Thread 0x000001b1f586b480 9641       3       java.util.stream.ReferencePipeline$3::opWrapSink (10 bytes)
Event: 10.557 Thread 0x000001b1f586b480 nmethod 9641 0x000001b1df824d10 code [0x000001b1df824f00, 0x000001b1df8254a8]
Event: 10.558 Thread 0x000001b1f586aad0 9642       4       java.util.concurrent.locks.ReentrantLock$FairSync::initialTryLock (70 bytes)
Event: 10.558 Thread 0x000001b1f586b480 9644       3       java.util.Comparator$$Lambda$409/0x000000010025a290::compare (14 bytes)
Event: 10.558 Thread 0x000001b1f586b480 nmethod 9644 0x000001b1df825690 code [0x000001b1df825860, 0x000001b1df825c28]
Event: 10.558 Thread 0x000001b1f586b480 9645       3       org.gradle.internal.snapshot.FileSystemLocationSnapshot$$Lambda$408/0x0000000100506870::compare (12 bytes)
Event: 10.558 Thread 0x000001b1f586b480 nmethod 9645 0x000001b1df825d90 code [0x000001b1df825f80, 0x000001b1df826498]
Event: 10.559 Thread 0x000001b1f586aad0 nmethod 9642 0x000001b1e6775090 code [0x000001b1e6775200, 0x000001b1e6775438]
Event: 10.559 Thread 0x000001b1f586aad0 9643       4       java.util.concurrent.locks.AbstractQueuedSynchronizer::hasQueuedThreads (38 bytes)
Event: 10.559 Thread 0x000001b1f586aad0 nmethod 9643 0x000001b1e6775590 code [0x000001b1e6775700, 0x000001b1e67757b8]
Event: 10.562 Thread 0x000001b1f586aad0 9646       4       java.util.stream.ReduceOps::makeRef (42 bytes)
Event: 10.563 Thread 0x000001b1f586aad0 nmethod 9646 0x000001b1e6775890 code [0x000001b1e6775a20, 0x000001b1e6775b58]
Event: 10.563 Thread 0x000001b1f586aad0 9647       4       java.util.ArrayList::grow (60 bytes)
Event: 10.565 Thread 0x000001b1f586b480 9648   !   3       org.gradle.internal.concurrent.ExecutorPolicy$CatchAndRecordFailures::onExecute (29 bytes)
Event: 10.566 Thread 0x000001b1f586aad0 nmethod 9647 0x000001b1e6775c90 code [0x000001b1e6775e20, 0x000001b1e6776498]
Event: 10.566 Thread 0x000001b1f586b480 nmethod 9648 0x000001b1df826690 code [0x000001b1df826a40, 0x000001b1df828348]

GC Heap History (20 events):
Event: 8.160 GC heap after
{Heap after GC invocations=37 (full 0):
 garbage-first heap   total 181248K, used 102386K [0x0000000080000000, 0x0000000100000000)
  region size 1024K, 6 young (6144K), 6 survivors (6144K)
 Metaspace       used 78993K, committed 79680K, reserved 1122304K
  class space    used 10508K, committed 10816K, reserved 1048576K
}
Event: 8.499 GC heap before
{Heap before GC invocations=37 (full 0):
 garbage-first heap   total 181248K, used 142322K [0x0000000080000000, 0x0000000100000000)
  region size 1024K, 45 young (46080K), 6 survivors (6144K)
 Metaspace       used 81381K, committed 82112K, reserved 1122304K
  class space    used 10823K, committed 11136K, reserved 1048576K
}
Event: 8.504 GC heap after
{Heap after GC invocations=38 (full 0):
 garbage-first heap   total 181248K, used 105854K [0x0000000080000000, 0x0000000100000000)
  region size 1024K, 6 young (6144K), 6 survivors (6144K)
 Metaspace       used 81381K, committed 82112K, reserved 1122304K
  class space    used 10823K, committed 11136K, reserved 1048576K
}
Event: 8.929 GC heap before
{Heap before GC invocations=39 (full 0):
 garbage-first heap   total 183296K, used 145790K [0x0000000080000000, 0x0000000100000000)
  region size 1024K, 44 young (45056K), 6 survivors (6144K)
 Metaspace       used 85997K, committed 86656K, reserved 1130496K
  class space    used 11639K, committed 11968K, reserved 1048576K
}
Event: 8.933 GC heap after
{Heap after GC invocations=40 (full 0):
 garbage-first heap   total 183296K, used 108408K [0x0000000080000000, 0x0000000100000000)
  region size 1024K, 3 young (3072K), 3 survivors (3072K)
 Metaspace       used 85997K, committed 86656K, reserved 1130496K
  class space    used 11639K, committed 11968K, reserved 1048576K
}
Event: 8.967 GC heap before
{Heap before GC invocations=40 (full 0):
 garbage-first heap   total 183296K, used 113528K [0x0000000080000000, 0x0000000100000000)
  region size 1024K, 8 young (8192K), 3 survivors (3072K)
 Metaspace       used 86382K, committed 87040K, reserved 1130496K
  class space    used 11705K, committed 12032K, reserved 1048576K
}
Event: 8.969 GC heap after
{Heap after GC invocations=41 (full 0):
 garbage-first heap   total 183296K, used 108706K [0x0000000080000000, 0x0000000100000000)
  region size 1024K, 1 young (1024K), 1 survivors (1024K)
 Metaspace       used 86382K, committed 87040K, reserved 1130496K
  class space    used 11705K, committed 12032K, reserved 1048576K
}
Event: 9.235 GC heap before
{Heap before GC invocations=41 (full 0):
 garbage-first heap   total 183296K, used 134306K [0x0000000080000000, 0x0000000100000000)
  region size 1024K, 28 young (28672K), 1 survivors (1024K)
 Metaspace       used 89130K, committed 89792K, reserved 1130496K
  class space    used 12051K, committed 12352K, reserved 1048576K
}
Event: 9.239 GC heap after
{Heap after GC invocations=42 (full 0):
 garbage-first heap   total 183296K, used 112666K [0x0000000080000000, 0x0000000100000000)
  region size 1024K, 5 young (5120K), 5 survivors (5120K)
 Metaspace       used 89130K, committed 89792K, reserved 1130496K
  class space    used 12051K, committed 12352K, reserved 1048576K
}
Event: 9.762 GC heap before
{Heap before GC invocations=43 (full 0):
 garbage-first heap   total 194560K, used 172058K [0x0000000080000000, 0x0000000100000000)
  region size 1024K, 41 young (41984K), 5 survivors (5120K)
 Metaspace       used 93614K, committed 94336K, reserved 1130496K
  class space    used 12634K, committed 12992K, reserved 1048576K
}
Event: 9.768 GC heap after
{Heap after GC invocations=44 (full 0):
 garbage-first heap   total 194560K, used 141484K [0x0000000080000000, 0x0000000100000000)
  region size 1024K, 6 young (6144K), 6 survivors (6144K)
 Metaspace       used 93614K, committed 94336K, reserved 1130496K
  class space    used 12634K, committed 12992K, reserved 1048576K
}
Event: 9.796 GC heap before
{Heap before GC invocations=44 (full 0):
 garbage-first heap   total 194560K, used 143532K [0x0000000080000000, 0x0000000100000000)
  region size 1024K, 9 young (9216K), 6 survivors (6144K)
 Metaspace       used 93644K, committed 94400K, reserved 1130496K
  class space    used 12634K, committed 12992K, reserved 1048576K
}
Event: 9.798 GC heap after
{Heap after GC invocations=45 (full 0):
 garbage-first heap   total 194560K, used 142222K [0x0000000080000000, 0x0000000100000000)
  region size 1024K, 1 young (1024K), 1 survivors (1024K)
 Metaspace       used 93644K, committed 94400K, reserved 1130496K
  class space    used 12634K, committed 12992K, reserved 1048576K
}
Event: 9.925 GC heap before
{Heap before GC invocations=45 (full 0):
 garbage-first heap   total 194560K, used 163726K [0x0000000080000000, 0x0000000100000000)
  region size 1024K, 23 young (23552K), 1 survivors (1024K)
 Metaspace       used 94352K, committed 95168K, reserved 1138688K
  class space    used 12726K, committed 13120K, reserved 1048576K
}
Event: 9.927 GC heap after
{Heap after GC invocations=46 (full 0):
 garbage-first heap   total 194560K, used 143624K [0x0000000080000000, 0x0000000100000000)
  region size 1024K, 2 young (2048K), 2 survivors (2048K)
 Metaspace       used 94352K, committed 95168K, reserved 1138688K
  class space    used 12726K, committed 13120K, reserved 1048576K
}
Event: 10.106 GC heap before
{Heap before GC invocations=47 (full 0):
 garbage-first heap   total 249856K, used 170248K [0x0000000080000000, 0x0000000100000000)
  region size 1024K, 24 young (24576K), 2 survivors (2048K)
 Metaspace       used 95002K, committed 95744K, reserved 1138688K
  class space    used 12813K, committed 13184K, reserved 1048576K
}
Event: 10.111 GC heap after
{Heap after GC invocations=48 (full 0):
 garbage-first heap   total 249856K, used 153847K [0x0000000080000000, 0x0000000100000000)
  region size 1024K, 3 young (3072K), 3 survivors (3072K)
 Metaspace       used 95002K, committed 95744K, reserved 1138688K
  class space    used 12813K, committed 13184K, reserved 1048576K
}
Event: 10.132 GC heap before
{Heap before GC invocations=48 (full 0):
 garbage-first heap   total 249856K, used 163063K [0x0000000080000000, 0x0000000100000000)
  region size 1024K, 12 young (12288K), 3 survivors (3072K)
 Metaspace       used 95002K, committed 95744K, reserved 1138688K
  class space    used 12813K, committed 13184K, reserved 1048576K
}
Event: 10.137 GC heap after
{Heap after GC invocations=49 (full 0):
 garbage-first heap   total 249856K, used 156927K [0x0000000080000000, 0x0000000100000000)
  region size 1024K, 2 young (2048K), 2 survivors (2048K)
 Metaspace       used 95002K, committed 95744K, reserved 1138688K
  class space    used 12813K, committed 13184K, reserved 1048576K
}
Event: 10.567 GC heap before
{Heap before GC invocations=49 (full 0):
 garbage-first heap   total 249856K, used 203007K [0x0000000080000000, 0x0000000100000000)
  region size 1024K, 48 young (49152K), 2 survivors (2048K)
 Metaspace       used 95029K, committed 95808K, reserved 1138688K
  class space    used 12813K, committed 13184K, reserved 1048576K
}

Dll operation events (2 events):
Event: 0.007 Loaded shared library C:\Program Files\Android\Android Studio\jbr\bin\java.dll
Event: 0.649 Loaded shared library C:\Program Files\Android\Android Studio\jbr\bin\verify.dll

Deoptimization events (20 events):
Event: 10.006 Thread 0x000001b1f709d910 DEOPT PACKING pc=0x000001b1e662c86c sp=0x0000002ad8efa820
Event: 10.006 Thread 0x000001b1f709d910 DEOPT UNPACKING pc=0x000001b1e5e869a3 sp=0x0000002ad8efa7c0 mode 2
Event: 10.073 Thread 0x000001b1f8422230 DEOPT PACKING pc=0x000001b1df31eee2 sp=0x0000002ada3fe070
Event: 10.073 Thread 0x000001b1f8422230 DEOPT UNPACKING pc=0x000001b1e5e87143 sp=0x0000002ada3fd530 mode 0
Event: 10.073 Thread 0x000001b1f8422230 DEOPT PACKING pc=0x000001b1df31e3d1 sp=0x0000002ada3fe2a0
Event: 10.073 Thread 0x000001b1f8422230 DEOPT UNPACKING pc=0x000001b1e5e87143 sp=0x0000002ada3fd7a8 mode 0
Event: 10.207 Thread 0x000001b1f89631e0 Uncommon trap: trap_request=0xffffff45 fr.pc=0x000001b1e65db2a0 relative=0x0000000000000560
Event: 10.207 Thread 0x000001b1f89631e0 Uncommon trap: reason=unstable_if action=reinterpret pc=0x000001b1e65db2a0 method=java.lang.StringLatin1.compareToCI([B[B)I @ 68 c2
Event: 10.207 Thread 0x000001b1f89631e0 DEOPT PACKING pc=0x000001b1e65db2a0 sp=0x0000002adc1fc020
Event: 10.207 Thread 0x000001b1f89631e0 DEOPT UNPACKING pc=0x000001b1e5e869a3 sp=0x0000002adc1fbf10 mode 2
Event: 10.207 Thread 0x000001b1f89631e0 Uncommon trap: trap_request=0xffffff45 fr.pc=0x000001b1e654083c relative=0x00000000000004fc
Event: 10.207 Thread 0x000001b1f89631e0 Uncommon trap: reason=unstable_if action=reinterpret pc=0x000001b1e654083c method=java.lang.StringLatin1.compareToCI([B[B)I @ 68 c2
Event: 10.207 Thread 0x000001b1f89631e0 DEOPT PACKING pc=0x000001b1e654083c sp=0x0000002adc1fbf80
Event: 10.207 Thread 0x000001b1f89631e0 DEOPT UNPACKING pc=0x000001b1e5e869a3 sp=0x0000002adc1fbf08 mode 2
Event: 10.251 Thread 0x000001b1f6d8b3c0 DEOPT PACKING pc=0x000001b1df3960a0 sp=0x0000002ad95fe290
Event: 10.251 Thread 0x000001b1f6d8b3c0 DEOPT UNPACKING pc=0x000001b1e5e87143 sp=0x0000002ad95fd750 mode 0
Event: 10.282 Thread 0x000001b1f6d8b3c0 DEOPT PACKING pc=0x000001b1df3960a0 sp=0x0000002ad95fe290
Event: 10.282 Thread 0x000001b1f6d8b3c0 DEOPT UNPACKING pc=0x000001b1e5e87143 sp=0x0000002ad95fd750 mode 0
Event: 10.380 Thread 0x000001b1f6d8b3c0 DEOPT PACKING pc=0x000001b1df2f4e16 sp=0x0000002ad95fe5f0
Event: 10.380 Thread 0x000001b1f6d8b3c0 DEOPT UNPACKING pc=0x000001b1e5e87143 sp=0x0000002ad95fda60 mode 0

Classes unloaded (0 events):
No events

Classes redefined (0 events):
No events

Internal exceptions (20 events):
Event: 9.896 Thread 0x000001b1f709d910 Exception <a 'java/lang/ClassNotFoundException'{0x000000008aba6940}: org/gradle/internal/extensibility/ExtensionsStorage$ExtensionHolderBeanInfo> (0x000000008aba6940) 
thrown [s\src\hotspot\share\classfile\systemDictionary.cpp, line 256]
Event: 9.896 Thread 0x000001b1f709d910 Exception <a 'java/lang/ClassNotFoundException'{0x000000008abaf478}: org/gradle/internal/extensibility/ExtensionsStorage$ExtensionHolderCustomizer> (0x000000008abaf478) 
thrown [s\src\hotspot\share\classfile\systemDictionary.cpp, line 256]
Event: 9.902 Thread 0x000001b1f709d910 Exception <a 'java/lang/ClassNotFoundException'{0x000000008aa77f38}: org/gradle/internal/service/scopes/ProjectScopeServicesBeanInfo> (0x000000008aa77f38) 
thrown [s\src\hotspot\share\classfile\systemDictionary.cpp, line 256]
Event: 9.902 Thread 0x000001b1f709d910 Exception <a 'java/lang/ClassNotFoundException'{0x000000008aa80950}: org/gradle/internal/service/scopes/ProjectScopeServicesCustomizer> (0x000000008aa80950) 
thrown [s\src\hotspot\share\classfile\systemDictionary.cpp, line 256]
Event: 9.904 Thread 0x000001b1f709d910 Exception <a 'java/lang/ClassNotFoundException'{0x000000008aaa2c38}: org/gradle/api/internal/catalog/DefaultDependenciesAccessorsBeanInfo> (0x000000008aaa2c38) 
thrown [s\src\hotspot\share\classfile\systemDictionary.cpp, line 256]
Event: 9.904 Thread 0x000001b1f709d910 Exception <a 'java/lang/ClassNotFoundException'{0x000000008aaadfb0}: org/gradle/api/internal/catalog/DefaultDependenciesAccessorsCustomizer> (0x000000008aaadfb0) 
thrown [s\src\hotspot\share\classfile\systemDictionary.cpp, line 256]
Event: 9.905 Thread 0x000001b1f709d910 Exception <a 'java/lang/ClassNotFoundException'{0x000000008aad04d0}: org/gradle/internal/classpath/DefaultClassPathBeanInfo> (0x000000008aad04d0) 
thrown [s\src\hotspot\share\classfile\systemDictionary.cpp, line 256]
Event: 9.905 Thread 0x000001b1f709d910 Exception <a 'java/lang/ClassNotFoundException'{0x000000008aad8ec0}: org/gradle/internal/classpath/DefaultClassPathCustomizer> (0x000000008aad8ec0) 
thrown [s\src\hotspot\share\classfile\systemDictionary.cpp, line 256]
Event: 9.908 Thread 0x000001b1f709d910 Exception <a 'java/lang/ClassNotFoundException'{0x000000008a9f0120}: org/gradle/internal/classpath/DefaultClassPath$ImmutableUniqueListBeanInfo> (0x000000008a9f0120) 
thrown [s\src\hotspot\share\classfile\systemDictionary.cpp, line 256]
Event: 9.908 Thread 0x000001b1f709d910 Exception <a 'java/lang/ClassNotFoundException'{0x000000008a9f49b0}: java/util/AbstractListBeanInfo> (0x000000008a9f49b0) 
thrown [s\src\hotspot\share\classfile\systemDictionary.cpp, line 256]
Event: 9.908 Thread 0x000001b1f709d910 Exception <a 'java/lang/ClassNotFoundException'{0x000000008a9f9218}: java/util/AbstractListCustomizer> (0x000000008a9f9218) 
thrown [s\src\hotspot\share\classfile\systemDictionary.cpp, line 256]
Event: 9.909 Thread 0x000001b1f709d910 Exception <a 'java/lang/ClassNotFoundException'{0x000000008a80d630}: org/gradle/internal/classpath/DefaultClassPath$ImmutableUniqueListCustomizer> (0x000000008a80d630) 
thrown [s\src\hotspot\share\classfile\systemDictionary.cpp, line 256]
Event: 9.913 Thread 0x000001b1f709d910 Exception <a 'java/lang/ClassNotFoundException'{0x000000008a850f88}: org/jetbrains/plugins/gradle/model/DefaultDependencyAccessorsModelBeanInfo> (0x000000008a850f88) 
thrown [s\src\hotspot\share\classfile\systemDictionary.cpp, line 256]
Event: 9.913 Thread 0x000001b1f709d910 Exception <a 'java/lang/ClassNotFoundException'{0x000000008a859738}: org/jetbrains/plugins/gradle/model/DefaultDependencyAccessorsModelCustomizer> (0x000000008a859738) 
thrown [s\src\hotspot\share\classfile\systemDictionary.cpp, line 256]
Event: 9.917 Thread 0x000001b1f5d6a7c0 Exception <a 'java/lang/NoSuchMethodError'{0x000000008a8ce3e8}: static Lorg/jetbrains/plugins/gradle/tooling/internal/VersionCatalogsModelImpl;.<clinit>()V> (0x000000008a8ce3e8) 
thrown [s\src\hotspot\share\prims\jni.cpp, line 1108]
Event: 9.929 Thread 0x000001b1f709d910 Exception <a 'java/lang/ClassNotFoundException'{0x000000008fff3520}: org/gradle/api/internal/tasks/DefaultSourceSetContainer_DecoratedBeanInfo> (0x000000008fff3520) 
thrown [s\src\hotspot\share\classfile\systemDictionary.cpp, line 256]
Event: 9.929 Thread 0x000001b1f709d910 Exception <a 'java/lang/ClassNotFoundException'{0x000000008fffe830}: org/gradle/api/internal/tasks/DefaultSourceSetContainerBeanInfo> (0x000000008fffe830) 
thrown [s\src\hotspot\share\classfile\systemDictionary.cpp, line 256]
Event: 9.929 Thread 0x000001b1f709d910 Exception <a 'java/lang/ClassNotFoundException'{0x000000008d30a920}: org/gradle/api/internal/tasks/DefaultSourceSetContainerCustomizer> (0x000000008d30a920) 
thrown [s\src\hotspot\share\classfile\systemDictionary.cpp, line 256]
Event: 9.930 Thread 0x000001b1f709d910 Exception <a 'java/lang/ClassNotFoundException'{0x000000008d321428}: org/gradle/api/internal/tasks/DefaultSourceSetContainer_DecoratedCustomizer> (0x000000008d321428) 
thrown [s\src\hotspot\share\classfile\systemDictionary.cpp, line 256]
Event: 10.018 Thread 0x000001b1f89631e0 Exception <a 'java/lang/NoSuchMethodError'{0x000000008f0e4b38}: 'java.lang.Object java.lang.invoke.DirectMethodHandle$Holder.invokeSpecialIFC(java.lang.Object, java.lang.Object, java.lang.Object)'> (0x000000008f0e4b38) 
thrown [s\src\hotspot\share\interpreter\linkResolver.cpp, line 771]

VM Operations (20 events):
Event: 9.768 Executing VM operation: G1CollectForAllocation done
Event: 9.795 Executing VM operation: G1CollectForAllocation
Event: 9.798 Executing VM operation: G1CollectForAllocation done
Event: 9.925 Executing VM operation: G1CollectForAllocation
Event: 9.927 Executing VM operation: G1CollectForAllocation done
Event: 9.970 Executing VM operation: G1Concurrent
Event: 9.973 Executing VM operation: G1Concurrent done
Event: 9.992 Executing VM operation: G1Concurrent
Event: 9.992 Executing VM operation: G1Concurrent done
Event: 9.999 Executing VM operation: HandshakeAllThreads
Event: 9.999 Executing VM operation: HandshakeAllThreads done
Event: 10.000 Executing VM operation: HandshakeAllThreads
Event: 10.000 Executing VM operation: HandshakeAllThreads done
Event: 10.011 Executing VM operation: HandshakeAllThreads
Event: 10.011 Executing VM operation: HandshakeAllThreads done
Event: 10.106 Executing VM operation: G1CollectForAllocation
Event: 10.111 Executing VM operation: G1CollectForAllocation done
Event: 10.132 Executing VM operation: G1CollectForAllocation
Event: 10.137 Executing VM operation: G1CollectForAllocation done
Event: 10.566 Executing VM operation: G1CollectForAllocation

Events (20 events):
Event: 9.887 loading class java/lang/NumberBeanInfo
Event: 9.887 loading class java/lang/NumberBeanInfo done
Event: 9.887 loading class java/lang/NumberCustomizer
Event: 9.887 loading class java/lang/NumberCustomizer done
Event: 9.887 loading class java/lang/NumberCustomizer
Event: 9.887 loading class java/lang/NumberCustomizer done
Event: 9.887 loading class java/lang/IntegerCustomizer
Event: 9.887 loading class java/lang/IntegerCustomizer done
Event: 9.887 loading class java/lang/IntegerCustomizer
Event: 9.887 loading class java/lang/IntegerCustomizer done
Event: 9.888 loading class jdk/internal/ValueBased
Event: 9.888 loading class jdk/internal/ValueBased done
Event: 9.908 loading class java/util/AbstractListBeanInfo
Event: 9.908 loading class java/util/AbstractListBeanInfo done
Event: 9.908 loading class java/util/AbstractListBeanInfo
Event: 9.908 loading class java/util/AbstractListBeanInfo done
Event: 9.908 loading class java/util/AbstractListCustomizer
Event: 9.908 loading class java/util/AbstractListCustomizer done
Event: 9.908 loading class java/util/AbstractListCustomizer
Event: 9.908 loading class java/util/AbstractListCustomizer done


Dynamic libraries:
0x00007ff69b430000 - 0x00007ff69b43a000 	C:\Program Files\Android\Android Studio\jbr\bin\java.exe
0x00007ffacb550000 - 0x00007ffacb748000 	C:\WINDOWS\SYSTEM32\ntdll.dll
0x00007ffaca400000 - 0x00007ffaca4bd000 	C:\WINDOWS\System32\KERNEL32.DLL
0x00007ffac8ce0000 - 0x00007ffac8fd6000 	C:\WINDOWS\System32\KERNELBASE.dll
0x00007ffac9280000 - 0x00007ffac9380000 	C:\WINDOWS\System32\ucrtbase.dll
0x00007ffabdd70000 - 0x00007ffabdd87000 	C:\Program Files\Android\Android Studio\jbr\bin\jli.dll
0x00007ffaca990000 - 0x00007ffacab2e000 	C:\WINDOWS\System32\USER32.dll
0x00007ffac9580000 - 0x00007ffac95a2000 	C:\WINDOWS\System32\win32u.dll
0x00007ffac9610000 - 0x00007ffac963c000 	C:\WINDOWS\System32\GDI32.dll
0x00007ffac9160000 - 0x00007ffac927a000 	C:\WINDOWS\System32\gdi32full.dll
0x00007ffac9380000 - 0x00007ffac941d000 	C:\WINDOWS\System32\msvcp_win.dll
0x00007ffabdf30000 - 0x00007ffabdf4b000 	C:\Program Files\Android\Android Studio\jbr\bin\VCRUNTIME140.dll
0x00007ffab4b20000 - 0x00007ffab4dba000 	C:\WINDOWS\WinSxS\amd64_microsoft.windows.common-controls_6595b64144ccf1df_6.0.19041.3636_none_60b6a03d71f818d5\COMCTL32.dll
0x00007ffac9a80000 - 0x00007ffac9b1e000 	C:\WINDOWS\System32\msvcrt.dll
0x00007ffacb190000 - 0x00007ffacb1c0000 	C:\WINDOWS\System32\IMM32.DLL
0x00007ffac6440000 - 0x00007ffac644c000 	C:\Program Files\Android\Android Studio\jbr\bin\vcruntime140_1.dll
0x00007ffab5f80000 - 0x00007ffab600d000 	C:\Program Files\Android\Android Studio\jbr\bin\msvcp140.dll
0x00007ffa346d0000 - 0x00007ffa3533e000 	C:\Program Files\Android\Android Studio\jbr\bin\server\jvm.dll
0x00007ffaca860000 - 0x00007ffaca90f000 	C:\WINDOWS\System32\ADVAPI32.dll
0x00007ffacb250000 - 0x00007ffacb2ec000 	C:\WINDOWS\System32\sechost.dll
0x00007ffaca2d0000 - 0x00007ffaca3f6000 	C:\WINDOWS\System32\RPCRT4.dll
0x00007ffac3ff0000 - 0x00007ffac3ff9000 	C:\WINDOWS\SYSTEM32\WSOCK32.dll
0x00007ffaca920000 - 0x00007ffaca98b000 	C:\WINDOWS\System32\WS2_32.dll
0x00007ffac1750000 - 0x00007ffac1777000 	C:\WINDOWS\SYSTEM32\WINMM.dll
0x00007ffac3080000 - 0x00007ffac308a000 	C:\WINDOWS\SYSTEM32\VERSION.dll
0x00007ffac6b10000 - 0x00007ffac6b22000 	C:\WINDOWS\SYSTEM32\kernel.appcore.dll
0x00007ffac3dd0000 - 0x00007ffac3dda000 	C:\Program Files\Android\Android Studio\jbr\bin\jimage.dll
0x00007ffac1ab0000 - 0x00007ffac1c94000 	C:\WINDOWS\SYSTEM32\DBGHELP.DLL
0x00007ffaae850000 - 0x00007ffaae884000 	C:\WINDOWS\SYSTEM32\dbgcore.DLL
0x00007ffac90d0000 - 0x00007ffac9152000 	C:\WINDOWS\System32\bcryptPrimitives.dll
0x00007ffabf1e0000 - 0x00007ffabf205000 	C:\Program Files\Android\Android Studio\jbr\bin\java.dll
0x00007ffac3db0000 - 0x00007ffac3dc8000 	C:\Program Files\Android\Android Studio\jbr\bin\zip.dll
0x00007ffac9b20000 - 0x00007ffaca264000 	C:\WINDOWS\System32\SHELL32.dll
0x00007ffac6d10000 - 0x00007ffac74ab000 	C:\WINDOWS\SYSTEM32\windows.storage.dll
0x00007ffac9720000 - 0x00007ffac9a74000 	C:\WINDOWS\System32\combase.dll
0x00007ffac8670000 - 0x00007ffac869d000 	C:\WINDOWS\SYSTEM32\Wldp.dll
0x00007ffacab30000 - 0x00007ffacabdd000 	C:\WINDOWS\System32\SHCORE.dll
0x00007ffac96c0000 - 0x00007ffac9715000 	C:\WINDOWS\System32\shlwapi.dll
0x00007ffac8b60000 - 0x00007ffac8b85000 	C:\WINDOWS\SYSTEM32\profapi.dll
0x00007ffac3130000 - 0x00007ffac3149000 	C:\Program Files\Android\Android Studio\jbr\bin\net.dll
0x00007ffac2ba0000 - 0x00007ffac2caa000 	C:\WINDOWS\SYSTEM32\WINHTTP.dll
0x00007ffac83d0000 - 0x00007ffac843a000 	C:\WINDOWS\system32\mswsock.dll
0x00007ffabf1a0000 - 0x00007ffabf1b6000 	C:\Program Files\Android\Android Studio\jbr\bin\nio.dll
0x00007ffac46e0000 - 0x00007ffac46f0000 	C:\Program Files\Android\Android Studio\jbr\bin\verify.dll
0x00007ffab6c40000 - 0x00007ffab6c67000 	C:\Users\marco\.gradle\native\68d5fa5c4cc2d200863cafc0d521ce42e7d3e7ee720ec0a83991735586a16f82\windows-amd64\native-platform.dll
0x00007ffa92030000 - 0x00007ffa92174000 	C:\Users\marco\.gradle\native\e376f236ea51e6404a007f0833ffe2c6e607c4080706a723a18a27aeea778392\windows-amd64\native-platform-file-events.dll
0x00007ffac46d0000 - 0x00007ffac46d9000 	C:\Program Files\Android\Android Studio\jbr\bin\management.dll
0x00007ffac3d80000 - 0x00007ffac3d8b000 	C:\Program Files\Android\Android Studio\jbr\bin\management_ext.dll
0x00007ffaca910000 - 0x00007ffaca918000 	C:\WINDOWS\System32\PSAPI.DLL
0x00007ffac85c0000 - 0x00007ffac85d8000 	C:\WINDOWS\SYSTEM32\CRYPTSP.dll
0x00007ffac7c90000 - 0x00007ffac7cc4000 	C:\WINDOWS\system32\rsaenh.dll
0x00007ffac90a0000 - 0x00007ffac90c7000 	C:\WINDOWS\System32\bcrypt.dll
0x00007ffac8ae0000 - 0x00007ffac8b0e000 	C:\WINDOWS\SYSTEM32\USERENV.dll
0x00007ffac85e0000 - 0x00007ffac85ec000 	C:\WINDOWS\SYSTEM32\CRYPTBASE.dll
0x00007ffac8070000 - 0x00007ffac80ab000 	C:\WINDOWS\SYSTEM32\IPHLPAPI.DLL
0x00007ffacb2f0000 - 0x00007ffacb2f8000 	C:\WINDOWS\System32\NSI.dll
0x00007ffac3620000 - 0x00007ffac3637000 	C:\WINDOWS\SYSTEM32\dhcpcsvc6.DLL
0x00007ffac3600000 - 0x00007ffac361d000 	C:\WINDOWS\SYSTEM32\dhcpcsvc.DLL
0x00007ffac80b0000 - 0x00007ffac817a000 	C:\WINDOWS\SYSTEM32\DNSAPI.dll
0x00007ffab50a0000 - 0x00007ffab50a7000 	C:\WINDOWS\system32\wshunix.dll

dbghelp: loaded successfully - version: 4.0.5 - missing functions: none
symbol engine: initialized successfully - sym options: 0x614 - pdb path: .;C:\Program Files\Android\Android Studio\jbr\bin;C:\WINDOWS\SYSTEM32;C:\WINDOWS\WinSxS\amd64_microsoft.windows.common-controls_6595b64144ccf1df_6.0.19041.3636_none_60b6a03d71f818d5;C:\Program Files\Android\Android Studio\jbr\bin\server;C:\Users\marco\.gradle\native\68d5fa5c4cc2d200863cafc0d521ce42e7d3e7ee720ec0a83991735586a16f82\windows-amd64;C:\Users\marco\.gradle\native\e376f236ea51e6404a007f0833ffe2c6e607c4080706a723a18a27aeea778392\windows-amd64

VM Arguments:
jvm_args: --add-opens=java.base/java.util=ALL-UNNAMED --add-opens=java.base/java.lang=ALL-UNNAMED --add-opens=java.base/java.lang.invoke=ALL-UNNAMED --add-opens=java.prefs/java.util.prefs=ALL-UNNAMED --add-opens=java.base/java.nio.charset=ALL-UNNAMED --add-opens=java.base/java.net=ALL-UNNAMED --add-opens=java.base/java.util.concurrent.atomic=ALL-UNNAMED -Xmx2048m -Dfile.encoding=UTF-8 -Duser.country=BR -Duser.language=pt -Duser.variant 
java_command: org.gradle.launcher.daemon.bootstrap.GradleDaemon 8.0
java_class_path (initial): C:\Users\marco\.gradle\wrapper\dists\gradle-8.0-bin\ca5e32bp14vu59qr306oxotwh\gradle-8.0\lib\gradle-launcher-8.0.jar
Launcher Type: SUN_STANDARD

[Global flags]
     intx CICompilerCount                          = 3                                         {product} {ergonomic}
     uint ConcGCThreads                            = 2                                         {product} {ergonomic}
     uint G1ConcRefinementThreads                  = 6                                         {product} {ergonomic}
   size_t G1HeapRegionSize                         = 1048576                                   {product} {ergonomic}
    uintx GCDrainStackTargetSize                   = 64                                        {product} {ergonomic}
   size_t InitialHeapSize                          = 268435456                                 {product} {ergonomic}
   size_t MarkStackSize                            = 4194304                                   {product} {ergonomic}
   size_t MaxHeapSize                              = 2147483648                                {product} {command line}
   size_t MaxNewSize                               = 1287651328                                {product} {ergonomic}
   size_t MinHeapDeltaBytes                        = 1048576                                   {product} {ergonomic}
   size_t MinHeapSize                              = 8388608                                   {product} {ergonomic}
    uintx NonNMethodCodeHeapSize                   = 5832780                                {pd product} {ergonomic}
    uintx NonProfiledCodeHeapSize                  = 122912730                              {pd product} {ergonomic}
    uintx ProfiledCodeHeapSize                     = 122912730                              {pd product} {ergonomic}
    uintx ReservedCodeCacheSize                    = 251658240                              {pd product} {ergonomic}
     bool SegmentedCodeCache                       = true                                      {product} {ergonomic}
   size_t SoftMaxHeapSize                          = 2147483648                             {manageable} {ergonomic}
     bool UseCompressedClassPointers               = true                           {product lp64_product} {ergonomic}
     bool UseCompressedOops                        = true                           {product lp64_product} {ergonomic}
     bool UseG1GC                                  = true                                      {product} {ergonomic}
     bool UseLargePagesIndividualAllocation        = false                                  {pd product} {ergonomic}

Logging:
Log output configuration:
 #0: stdout all=warning uptime,level,tags
 #1: stderr all=off uptime,level,tags

Environment Variables:
JAVA_HOME=C:\Program Files\Java\jdk1.8.0_202
PATH=C:\Program Files\Common Files\Oracle\Java\javapath;C:\Program Files (x86)\Common Files\Oracle\Java\javapath;C:\Python310\Scripts\;C:\Python310\;C:\Windows\system32;C:\Windows;C:\Windows\System32\Wbem;C:\Windows\System32\WindowsPowerShell\v1.0\;C:\Windows\System32\OpenSSH\;C:\Users\marco\AppData\Roaming\itch\apps\butler\butler.exe;C:\Program Files (x86)\NVIDIA Corporation\PhysX\Common;C:\Program Files\NVIDIA Corporation\NVIDIA NvDLISR;C:\WINDOWS\system32;C:\WINDOWS;C:\WINDOWS\System32\Wbem;C:\WINDOWS\System32\WindowsPowerShell\v1.0\;C:\WINDOWS\System32\OpenSSH\;C:\Program Files\dotnet\;C:\Program Files (x86)\dotnet\;C:\ProgramData\chocolatey\bin;C:\Program Files\Git\cmd;C:\Program Files\Java\jdk1.8.0_202\bin;C:\Program Files\nodejs\;C:\xamppNovo\php;C:\ProgramData\ComposerSetup\bin;C:\Users\marco\AppData\Local\Programs\Python\Python39\Scripts\;C:\Users\marco\AppData\Local\Programs\Python\Python39\;C:\Users\marco\AppData\Local\Microsoft\WindowsApps;C:\Users\marco\AppData\Local\GitHubDesktop\bin;C:\Users\marco\.dotnet\tools;C:\Users\marco\AppData\Local\Programs\Microsoft VS Code\bin;C:\Users\marco\AppData\Roaming\npm;C:\Users\marco\AppData\Roaming\Composer\vendor\bin;D:\PyCharm\PyCharm Community Edition 2023.2.3\bin;
USERNAME=marco
OS=Windows_NT
PROCESSOR_IDENTIFIER=Intel64 Family 6 Model 158 Stepping 10, GenuineIntel
TMP=C:\Users\marco\AppData\Local\Temp
TEMP=C:\Users\marco\AppData\Local\Temp


JNI global refs:
JNI global refs: 24, weak refs: 0

JNI global refs memory usage: 843, weak refs: 841


---------------  S Y S T E M  ---------------

OS:
 Windows 10 , 64 bit Build 19041 (10.0.19041.3636)
OS uptime: 5 days 0:01 hours

CPU: total 6 (initial active 6) (6 cores per cpu, 1 threads per core) family 6 model 158 stepping 10 microcode 0xb4, cx8, cmov, fxsr, mmx, 3dnowpref, sse, sse2, sse3, ssse3, sse4.1, sse4.2, popcnt, lzcnt, tsc, tscinvbit, avx, avx2, aes, erms, clmul, bmi1, bmi2, adx, fma, vzeroupper, clflush, clflushopt

Memory: 4k page, system-wide physical 16315M (204M free)
TotalPageFile size 26555M (AvailPageFile size 83M)
current process WorkingSet (physical memory assigned to process): 473M, peak: 473M
current process commit charge ("private bytes"): 529M, peak: 735M

vm_info: OpenJDK 64-Bit Server VM (17.0.6+0-b2043.56-10027231) for windows-amd64 JRE (17.0.6+0-b2043.56-10027231), built on Apr 28 2023 00:43:19 by "androidbuild" with MS VC++ 16.10 / 16.11 (VS2019)

END.
