#
# There is insufficient memory for the Java Runtime Environment to continue.
# Native memory allocation (malloc) failed to allocate 1864656 bytes for Chunk::new
# Possible reasons:
#   The system is out of physical RAM or swap space
#   The process is running with CompressedOops enabled, and the Java Heap may be blocking the growth of the native heap
# Possible solutions:
#   Reduce memory load on the system
#   Increase physical memory or swap space
#   Check if swap backing store is full
#   Decrease Java heap size (-Xmx/-Xms)
#   Decrease number of Java threads
#   Decrease Java thread stack sizes (-Xss)
#   Set larger code cache with -XX:ReservedCodeCacheSize=
#   JVM is running with Unscaled Compressed Oops mode in which the Java heap is
#     placed in the first 4GB address space. The Java Heap base address is the
#     maximum limit for the native heap growth. Please use -XX:HeapBaseMinAddress
#     to set the Java Heap base and to place the Java Heap above 4GB virtual address.
# This output file may be truncated or incomplete.
#
#  Out of Memory Error (arena.cpp:189), pid=13260, tid=11192
#
# JRE version: OpenJDK Runtime Environment (17.0.6) (build 17.0.6+0-b2043.56-10027231)
# Java VM: OpenJDK 64-Bit Server VM (17.0.6+0-b2043.56-10027231, mixed mode, tiered, compressed oops, compressed class ptrs, g1 gc, windows-amd64)
# No core dump will be written. Minidumps are not enabled by default on client versions of Windows
#

---------------  S U M M A R Y ------------

Command Line: --add-opens=java.base/java.util=ALL-UNNAMED --add-opens=java.base/java.lang=ALL-UNNAMED --add-opens=java.base/java.lang.invoke=ALL-UNNAMED --add-opens=java.prefs/java.util.prefs=ALL-UNNAMED --add-opens=java.base/java.nio.charset=ALL-UNNAMED --add-opens=java.base/java.net=ALL-UNNAMED --add-opens=java.base/java.util.concurrent.atomic=ALL-UNNAMED -Xmx2048m -Dfile.encoding=UTF-8 -Duser.country=BR -Duser.language=pt -Duser.variant org.gradle.launcher.daemon.bootstrap.GradleDaemon 8.0

Host: Intel(R) Core(TM) i5-9400F CPU @ 2.90GHz, 6 cores, 15G,  Windows 10 , 64 bit Build 19041 (10.0.19041.3636)
Time: Wed Nov 29 18:53:47 2023 Hora Padrão de Buenos Aires elapsed time: 7.189809 seconds (0d 0h 0m 7s)

---------------  T H R E A D  ---------------

Current thread (0x000001874d80c0b0):  JavaThread "C2 CompilerThread1" daemon [_thread_in_native, id=11192, stack(0x0000005352900000,0x0000005352a00000)]


Current CompileTask:
C2:   7189 7250       4       sun.reflect.generics.parser.SignatureParser::parsePackageNameAndSimpleClassTypeSignature (119 bytes)

Stack: [0x0000005352900000,0x0000005352a00000]
Native frames: (J=compiled Java code, j=interpreted, Vv=VM code, C=native code)
V  [jvm.dll+0x683c9a]
V  [jvm.dll+0x8427a4]
V  [jvm.dll+0x843f9e]
V  [jvm.dll+0x844603]
V  [jvm.dll+0x249b75]
V  [jvm.dll+0xabcac]
V  [jvm.dll+0xac27c]
V  [jvm.dll+0x368802]
V  [jvm.dll+0x332f31]
V  [jvm.dll+0x3323da]
V  [jvm.dll+0x21c201]
V  [jvm.dll+0x21b621]
V  [jvm.dll+0x1a4fdd]
V  [jvm.dll+0x22b098]
V  [jvm.dll+0x229159]
V  [jvm.dll+0x7f81ec]
V  [jvm.dll+0x7f274a]
V  [jvm.dll+0x682ad5]
C  [ucrtbase.dll+0x21bb2]
C  [KERNEL32.DLL+0x17344]
C  [ntdll.dll+0x526b1]


---------------  P R O C E S S  ---------------

Threads class SMR info:
_java_thread_list=0x000001875328f260, length=104, elements={
0x0000018732e9a690, 0x000001874d441260, 0x000001874d441fe0, 0x000001874d4479b0,
0x000001874d46b420, 0x000001874d46bce0, 0x000001874d46c5a0, 0x000001874d46d190,
0x000001874d470f90, 0x000001874d494460, 0x000001874d624030, 0x000001874d624d10,
0x000001874d80c0b0, 0x000001874ebe26d0, 0x000001874ebe4d50, 0x000001874ebe4880,
0x000001874ebe3070, 0x000001874ebe2200, 0x000001874ebe2ba0, 0x000001874ebe3540,
0x000001874ebe3a10, 0x000001874ebe56f0, 0x000001874ebe43b0, 0x000001874ebe5220,
0x000001874ebe1d30, 0x000001874ebe3ee0, 0x000001874fed16d0, 0x000001874fed5f00,
0x000001874fed80b0, 0x000001874fed7240, 0x000001874fed3880, 0x000001874fed5560,
0x000001874fed46f0, 0x000001874fed5090, 0x000001874fed4bc0, 0x000001874fed2070,
0x000001874fed2540, 0x000001874fed8580, 0x000001874fed5a30, 0x000001874fed63d0,
0x000001874fed1ba0, 0x000001874fed7be0, 0x000001874fed8a50, 0x000001874fed2ee0,
0x000001874fed8f20, 0x000001874fed4220, 0x000001874e476240, 0x000001874e471ee0,
0x000001874e470200, 0x000001874e46f860, 0x000001874e46fd30, 0x000001874e4706d0,
0x000001874e476710, 0x000001874e473bc0, 0x000001874e473220, 0x000001874e470ba0,
0x000001874e474a30, 0x000001874e46eec0, 0x000001874e474f00, 0x000001874e474560,
0x000001874e472880, 0x000001874e46f390, 0x000001874e4723b0, 0x000001874e4736f0,
0x000001874e4753d0, 0x000001874e474090, 0x000001874e471070, 0x000001874e4758a0,
0x000001874e471540, 0x000001874e471a10, 0x000001874e475d70, 0x000001874e472d50,
0x000001874f9d9dd0, 0x000001874f9df470, 0x000001874f9d8a90, 0x000001874f9dd2c0,
0x000001874f9dd790, 0x000001874f9df940, 0x000001874f9d8f60, 0x000001874f9db110,
0x000001874f9d9430, 0x000001874f9dac40, 0x000001874f9dbab0, 0x000001874f9da2a0,
0x000001874f9de130, 0x000001874f9de600, 0x000001874f9dc450, 0x000001874f9d9900,
0x000001874f9dc920, 0x000001874f9defa0, 0x000001874f9dfe10, 0x000001874f9da770,
0x000001874f9db5e0, 0x000001874f9d85c0, 0x000001874f9dbf80, 0x000001874f9dcdf0,
0x000001874f9ddc60, 0x000001874f9dead0, 0x000001874ec88840, 0x000001874ec8ed50,
0x000001874ec87500, 0x000001874ec8b860, 0x000001874ec8bd30, 0x000001874ec88d10
}

Java Threads: ( => current thread )
  0x0000018732e9a690 JavaThread "main" [_thread_blocked, id=6016, stack(0x0000005351600000,0x0000005351700000)]
  0x000001874d441260 JavaThread "Reference Handler" daemon [_thread_blocked, id=516, stack(0x0000005351d00000,0x0000005351e00000)]
  0x000001874d441fe0 JavaThread "Finalizer" daemon [_thread_blocked, id=19144, stack(0x0000005351e00000,0x0000005351f00000)]
  0x000001874d4479b0 JavaThread "Signal Dispatcher" daemon [_thread_blocked, id=16472, stack(0x0000005351f00000,0x0000005352000000)]
  0x000001874d46b420 JavaThread "Attach Listener" daemon [_thread_blocked, id=13416, stack(0x0000005352000000,0x0000005352100000)]
  0x000001874d46bce0 JavaThread "Service Thread" daemon [_thread_blocked, id=6264, stack(0x0000005352100000,0x0000005352200000)]
  0x000001874d46c5a0 JavaThread "Monitor Deflation Thread" daemon [_thread_blocked, id=11092, stack(0x0000005352200000,0x0000005352300000)]
  0x000001874d46d190 JavaThread "C2 CompilerThread0" daemon [_thread_blocked, id=15584, stack(0x0000005352300000,0x0000005352400000)]
  0x000001874d470f90 JavaThread "C1 CompilerThread0" daemon [_thread_blocked, id=900, stack(0x0000005352400000,0x0000005352500000)]
  0x000001874d494460 JavaThread "Sweeper thread" daemon [_thread_blocked, id=19568, stack(0x0000005352500000,0x0000005352600000)]
  0x000001874d624030 JavaThread "Common-Cleaner" daemon [_thread_blocked, id=16984, stack(0x0000005352600000,0x0000005352700000)]
  0x000001874d624d10 JavaThread "Notification Thread" daemon [_thread_blocked, id=15852, stack(0x0000005352700000,0x0000005352800000)]
=>0x000001874d80c0b0 JavaThread "C2 CompilerThread1" daemon [_thread_in_native, id=11192, stack(0x0000005352900000,0x0000005352a00000)]
  0x000001874ebe26d0 JavaThread "Daemon health stats" [_thread_blocked, id=9464, stack(0x0000005352f00000,0x0000005353000000)]
  0x000001874ebe4d50 JavaThread "Incoming local TCP Connector on port 53253" [_thread_in_native, id=18444, stack(0x0000005353000000,0x0000005353100000)]
  0x000001874ebe4880 JavaThread "Daemon periodic checks" [_thread_blocked, id=4056, stack(0x0000005353100000,0x0000005353200000)]
  0x000001874ebe3070 JavaThread "Daemon" [_thread_blocked, id=12392, stack(0x0000005353200000,0x0000005353300000)]
  0x000001874ebe2200 JavaThread "Handler for socket connection from /127.0.0.1:53253 to /127.0.0.1:53254" [_thread_in_native, id=19704, stack(0x0000005353300000,0x0000005353400000)]
  0x000001874ebe2ba0 JavaThread "Cancel handler" [_thread_blocked, id=20752, stack(0x0000005353400000,0x0000005353500000)]
  0x000001874ebe3540 JavaThread "Daemon worker" [_thread_in_native, id=1692, stack(0x0000005353500000,0x0000005353600000)]
  0x000001874ebe3a10 JavaThread "Asynchronous log dispatcher for DefaultDaemonConnection: socket connection from /127.0.0.1:53253 to /127.0.0.1:53254" [_thread_blocked, id=19540, stack(0x0000005353600000,0x0000005353700000)]
  0x000001874ebe56f0 JavaThread "Stdin handler" [_thread_blocked, id=10152, stack(0x0000005353700000,0x0000005353800000)]
  0x000001874ebe43b0 JavaThread "Daemon client event forwarder" [_thread_blocked, id=1532, stack(0x0000005353800000,0x0000005353900000)]
  0x000001874ebe5220 JavaThread "Cache worker for journal cache (C:\Users\marco\.gradle\caches\journal-1)" [_thread_blocked, id=3936, stack(0x0000005353a00000,0x0000005353b00000)]
  0x000001874ebe1d30 JavaThread "File lock request listener" [_thread_in_native, id=4076, stack(0x0000005353b00000,0x0000005353c00000)]
  0x000001874ebe3ee0 JavaThread "Cache worker for file hash cache (C:\Users\marco\.gradle\caches\8.0\fileHashes)" [_thread_blocked, id=11180, stack(0x0000005353c00000,0x0000005353d00000)]
  0x000001874fed16d0 JavaThread "File watcher server" daemon [_thread_in_native, id=19808, stack(0x0000005353d00000,0x0000005353e00000)]
  0x000001874fed5f00 JavaThread "File watcher consumer" daemon [_thread_blocked, id=6240, stack(0x0000005353e00000,0x0000005353f00000)]
  0x000001874fed80b0 JavaThread "jar transforms" [_thread_blocked, id=6720, stack(0x0000005353f00000,0x0000005354000000)]
  0x000001874fed7240 JavaThread "jar transforms Thread 2" [_thread_blocked, id=13712, stack(0x0000005354000000,0x0000005354100000)]
  0x000001874fed3880 JavaThread "jar transforms Thread 3" [_thread_blocked, id=10544, stack(0x0000005354100000,0x0000005354200000)]
  0x000001874fed5560 JavaThread "jar transforms Thread 4" [_thread_blocked, id=20996, stack(0x0000005354200000,0x0000005354300000)]
  0x000001874fed46f0 JavaThread "jar transforms Thread 5" [_thread_blocked, id=13700, stack(0x0000005354300000,0x0000005354400000)]
  0x000001874fed5090 JavaThread "jar transforms Thread 6" [_thread_blocked, id=8788, stack(0x0000005354400000,0x0000005354500000)]
  0x000001874fed4bc0 JavaThread "Cache worker for checksums cache (D:\AplicativosAndroid\.gradle\8.0\checksums)" [_thread_blocked, id=18288, stack(0x0000005354500000,0x0000005354600000)]
  0x000001874fed2070 JavaThread "Cache worker for cache directory md-rule (C:\Users\marco\.gradle\caches\8.0\md-rule)" [_thread_blocked, id=2768, stack(0x0000005354600000,0x0000005354700000)]
  0x000001874fed2540 JavaThread "Cache worker for file content cache (C:\Users\marco\.gradle\caches\8.0\fileContent)" [_thread_blocked, id=2324, stack(0x0000005354700000,0x0000005354800000)]
  0x000001874fed8580 JavaThread "Cache worker for file hash cache (D:\AplicativosAndroid\.gradle\8.0\fileHashes)" [_thread_blocked, id=14556, stack(0x0000005354800000,0x0000005354900000)]
  0x000001874fed5a30 JavaThread "Cache worker for cache directory md-supplier (C:\Users\marco\.gradle\caches\8.0\md-supplier)" [_thread_blocked, id=7856, stack(0x0000005354900000,0x0000005354a00000)]
  0x000001874fed63d0 JavaThread "Cache worker for execution history cache (C:\Users\marco\.gradle\caches\8.0\executionHistory)" [_thread_blocked, id=17844, stack(0x0000005354a00000,0x0000005354b00000)]
  0x000001874fed1ba0 JavaThread "Cache worker for kotlin-dsl (C:\Users\marco\.gradle\caches\8.0\kotlin-dsl)" [_thread_blocked, id=9600, stack(0x0000005354b00000,0x0000005354c00000)]
  0x000001874fed7be0 JavaThread "Cache worker for dependencies-accessors (D:\AplicativosAndroid\.gradle\8.0\dependencies-accessors)" [_thread_blocked, id=3264, stack(0x0000005354c00000,0x0000005354d00000)]
  0x000001874fed8a50 JavaThread "Cache worker for Build Output Cleanup Cache (D:\AplicativosAndroid\.gradle\buildOutputCleanup)" [_thread_blocked, id=2648, stack(0x0000005354d00000,0x0000005354e00000)]
  0x000001874fed2ee0 JavaThread "Unconstrained build operations" [_thread_blocked, id=21172, stack(0x0000005354e00000,0x0000005354f00000)]
  0x000001874fed8f20 JavaThread "Unconstrained build operations Thread 2" [_thread_blocked, id=6548, stack(0x0000005354f00000,0x0000005355000000)]
  0x000001874fed4220 JavaThread "Unconstrained build operations Thread 3" [_thread_blocked, id=12260, stack(0x0000005355000000,0x0000005355100000)]
  0x000001874e476240 JavaThread "Unconstrained build operations Thread 4" [_thread_blocked, id=12552, stack(0x0000005355100000,0x0000005355200000)]
  0x000001874e471ee0 JavaThread "Unconstrained build operations Thread 5" [_thread_blocked, id=6916, stack(0x0000005355200000,0x0000005355300000)]
  0x000001874e470200 JavaThread "Unconstrained build operations Thread 6" [_thread_blocked, id=14532, stack(0x0000005355300000,0x0000005355400000)]
  0x000001874e46f860 JavaThread "Unconstrained build operations Thread 7" [_thread_blocked, id=14936, stack(0x0000005355400000,0x0000005355500000)]
  0x000001874e46fd30 JavaThread "Unconstrained build operations Thread 8" [_thread_blocked, id=8720, stack(0x0000005355500000,0x0000005355600000)]
  0x000001874e4706d0 JavaThread "Unconstrained build operations Thread 9" [_thread_blocked, id=19652, stack(0x0000005355600000,0x0000005355700000)]
  0x000001874e476710 JavaThread "Unconstrained build operations Thread 10" [_thread_blocked, id=15708, stack(0x0000005355700000,0x0000005355800000)]
  0x000001874e473bc0 JavaThread "Unconstrained build operations Thread 11" [_thread_blocked, id=10772, stack(0x0000005355800000,0x0000005355900000)]
  0x000001874e473220 JavaThread "Unconstrained build operations Thread 12" [_thread_blocked, id=12856, stack(0x0000005355900000,0x0000005355a00000)]
  0x000001874e470ba0 JavaThread "Unconstrained build operations Thread 13" [_thread_blocked, id=19016, stack(0x0000005355a00000,0x0000005355b00000)]
  0x000001874e474a30 JavaThread "Unconstrained build operations Thread 14" [_thread_blocked, id=20152, stack(0x0000005355b00000,0x0000005355c00000)]
  0x000001874e46eec0 JavaThread "Unconstrained build operations Thread 15" [_thread_blocked, id=18232, stack(0x0000005355c00000,0x0000005355d00000)]
  0x000001874e474f00 JavaThread "Unconstrained build operations Thread 16" [_thread_blocked, id=3340, stack(0x0000005355d00000,0x0000005355e00000)]
  0x000001874e474560 JavaThread "Unconstrained build operations Thread 17" [_thread_blocked, id=2156, stack(0x0000005355e00000,0x0000005355f00000)]
  0x000001874e472880 JavaThread "Unconstrained build operations Thread 18" [_thread_blocked, id=18872, stack(0x0000005355f00000,0x0000005356000000)]
  0x000001874e46f390 JavaThread "Unconstrained build operations Thread 19" [_thread_blocked, id=15076, stack(0x0000005356000000,0x0000005356100000)]
  0x000001874e4723b0 JavaThread "Unconstrained build operations Thread 20" [_thread_blocked, id=5168, stack(0x0000005356100000,0x0000005356200000)]
  0x000001874e4736f0 JavaThread "Unconstrained build operations Thread 21" [_thread_blocked, id=8612, stack(0x0000005356200000,0x0000005356300000)]
  0x000001874e4753d0 JavaThread "Unconstrained build operations Thread 22" [_thread_blocked, id=8800, stack(0x0000005356300000,0x0000005356400000)]
  0x000001874e474090 JavaThread "Unconstrained build operations Thread 23" [_thread_blocked, id=2172, stack(0x0000005356400000,0x0000005356500000)]
  0x000001874e471070 JavaThread "Unconstrained build operations Thread 24" [_thread_blocked, id=14156, stack(0x0000005356500000,0x0000005356600000)]
  0x000001874e4758a0 JavaThread "Unconstrained build operations Thread 25" [_thread_blocked, id=1484, stack(0x0000005356600000,0x0000005356700000)]
  0x000001874e471540 JavaThread "Unconstrained build operations Thread 26" [_thread_blocked, id=19036, stack(0x0000005356700000,0x0000005356800000)]
  0x000001874e471a10 JavaThread "Unconstrained build operations Thread 27" [_thread_blocked, id=13940, stack(0x0000005356800000,0x0000005356900000)]
  0x000001874e475d70 JavaThread "Unconstrained build operations Thread 28" [_thread_blocked, id=10932, stack(0x0000005356900000,0x0000005356a00000)]
  0x000001874e472d50 JavaThread "Unconstrained build operations Thread 29" [_thread_blocked, id=9852, stack(0x0000005356a00000,0x0000005356b00000)]
  0x000001874f9d9dd0 JavaThread "Unconstrained build operations Thread 30" [_thread_blocked, id=5116, stack(0x0000005356b00000,0x0000005356c00000)]
  0x000001874f9df470 JavaThread "Unconstrained build operations Thread 31" [_thread_blocked, id=13328, stack(0x0000005356c00000,0x0000005356d00000)]
  0x000001874f9d8a90 JavaThread "Unconstrained build operations Thread 32" [_thread_blocked, id=9476, stack(0x0000005356d00000,0x0000005356e00000)]
  0x000001874f9dd2c0 JavaThread "Unconstrained build operations Thread 33" [_thread_blocked, id=9028, stack(0x0000005356e00000,0x0000005356f00000)]
  0x000001874f9dd790 JavaThread "Unconstrained build operations Thread 34" [_thread_blocked, id=17404, stack(0x0000005356f00000,0x0000005357000000)]
  0x000001874f9df940 JavaThread "Unconstrained build operations Thread 35" [_thread_blocked, id=5408, stack(0x0000005357000000,0x0000005357100000)]
  0x000001874f9d8f60 JavaThread "Unconstrained build operations Thread 36" [_thread_blocked, id=12192, stack(0x0000005357100000,0x0000005357200000)]
  0x000001874f9db110 JavaThread "Unconstrained build operations Thread 37" [_thread_blocked, id=1352, stack(0x0000005357200000,0x0000005357300000)]
  0x000001874f9d9430 JavaThread "Unconstrained build operations Thread 38" [_thread_blocked, id=13804, stack(0x0000005357300000,0x0000005357400000)]
  0x000001874f9dac40 JavaThread "Unconstrained build operations Thread 39" [_thread_blocked, id=10668, stack(0x0000005357400000,0x0000005357500000)]
  0x000001874f9dbab0 JavaThread "Unconstrained build operations Thread 40" [_thread_blocked, id=7216, stack(0x0000005357500000,0x0000005357600000)]
  0x000001874f9da2a0 JavaThread "Unconstrained build operations Thread 41" [_thread_blocked, id=12816, stack(0x0000005357600000,0x0000005357700000)]
  0x000001874f9de130 JavaThread "Unconstrained build operations Thread 42" [_thread_blocked, id=328, stack(0x0000005357700000,0x0000005357800000)]
  0x000001874f9de600 JavaThread "Unconstrained build operations Thread 43" [_thread_blocked, id=4760, stack(0x0000005357800000,0x0000005357900000)]
  0x000001874f9dc450 JavaThread "Unconstrained build operations Thread 44" [_thread_blocked, id=13844, stack(0x0000005357900000,0x0000005357a00000)]
  0x000001874f9d9900 JavaThread "Unconstrained build operations Thread 45" [_thread_blocked, id=16380, stack(0x0000005357a00000,0x0000005357b00000)]
  0x000001874f9dc920 JavaThread "Unconstrained build operations Thread 46" [_thread_blocked, id=7576, stack(0x0000005357b00000,0x0000005357c00000)]
  0x000001874f9defa0 JavaThread "Unconstrained build operations Thread 47" [_thread_blocked, id=20552, stack(0x0000005357c00000,0x0000005357d00000)]
  0x000001874f9dfe10 JavaThread "Unconstrained build operations Thread 48" [_thread_blocked, id=4480, stack(0x0000005357d00000,0x0000005357e00000)]
  0x000001874f9da770 JavaThread "Unconstrained build operations Thread 49" [_thread_blocked, id=15820, stack(0x0000005357e00000,0x0000005357f00000)]
  0x000001874f9db5e0 JavaThread "Unconstrained build operations Thread 50" [_thread_blocked, id=11040, stack(0x0000005357f00000,0x0000005358000000)]
  0x000001874f9d85c0 JavaThread "Unconstrained build operations Thread 51" [_thread_blocked, id=964, stack(0x0000005358000000,0x0000005358100000)]
  0x000001874f9dbf80 JavaThread "Unconstrained build operations Thread 52" [_thread_blocked, id=13024, stack(0x0000005358100000,0x0000005358200000)]
  0x000001874f9dcdf0 JavaThread "Unconstrained build operations Thread 53" [_thread_blocked, id=12880, stack(0x0000005358200000,0x0000005358300000)]
  0x000001874f9ddc60 JavaThread "Unconstrained build operations Thread 54" [_thread_blocked, id=15636, stack(0x0000005358300000,0x0000005358400000)]
  0x000001874f9dead0 JavaThread "Unconstrained build operations Thread 55" [_thread_blocked, id=9400, stack(0x0000005358400000,0x0000005358500000)]
  0x000001874ec88840 JavaThread "Unconstrained build operations Thread 56" [_thread_blocked, id=7288, stack(0x0000005358500000,0x0000005358600000)]
  0x000001874ec8ed50 JavaThread "Unconstrained build operations Thread 57" [_thread_blocked, id=3804, stack(0x0000005358600000,0x0000005358700000)]
  0x000001874ec87500 JavaThread "Unconstrained build operations Thread 58" [_thread_blocked, id=19776, stack(0x0000005358700000,0x0000005358800000)]
  0x000001874ec8b860 JavaThread "Unconstrained build operations Thread 59" [_thread_blocked, id=13192, stack(0x0000005358800000,0x0000005358900000)]
  0x000001874ec8bd30 JavaThread "Unconstrained build operations Thread 60" [_thread_blocked, id=12464, stack(0x0000005358900000,0x0000005358a00000)]
  0x000001874ec88d10 JavaThread "Memory manager" [_thread_blocked, id=6968, stack(0x0000005358a00000,0x0000005358b00000)]

Other Threads:
  0x000001874c8de860 VMThread "VM Thread" [stack: 0x0000005351c00000,0x0000005351d00000] [id=20652]
  0x000001874d6261f0 WatcherThread [stack: 0x0000005352800000,0x0000005352900000] [id=3028]
  0x0000018732ef92f0 GCTaskThread "GC Thread#0" [stack: 0x0000005351700000,0x0000005351800000] [id=15452]
  0x000001874dbf5a90 GCTaskThread "GC Thread#1" [stack: 0x0000005352a00000,0x0000005352b00000] [id=17280]
  0x000001874dbf5d40 GCTaskThread "GC Thread#2" [stack: 0x0000005352b00000,0x0000005352c00000] [id=11312]
  0x000001874dbf4d20 GCTaskThread "GC Thread#3" [stack: 0x0000005352c00000,0x0000005352d00000] [id=21280]
  0x000001874dbf5530 GCTaskThread "GC Thread#4" [stack: 0x0000005352d00000,0x0000005352e00000] [id=13500]
  0x000001874dbf5ff0 GCTaskThread "GC Thread#5" [stack: 0x0000005352e00000,0x0000005352f00000] [id=10436]
  0x0000018732f0a140 ConcurrentGCThread "G1 Main Marker" [stack: 0x0000005351800000,0x0000005351900000] [id=2696]
  0x0000018732f0c210 ConcurrentGCThread "G1 Conc#0" [stack: 0x0000005351900000,0x0000005351a00000] [id=2244]
  0x000001874dbf5280 ConcurrentGCThread "G1 Conc#1" [stack: 0x0000005353900000,0x0000005353a00000] [id=16548]
  0x0000018732f6dd90 ConcurrentGCThread "G1 Refine#0" [stack: 0x0000005351a00000,0x0000005351b00000] [id=21300]
  0x0000018732f6e6c0 ConcurrentGCThread "G1 Service" [stack: 0x0000005351b00000,0x0000005351c00000] [id=15620]

Threads with active compile tasks:
C2 CompilerThread1     7217 7250       4       sun.reflect.generics.parser.SignatureParser::parsePackageNameAndSimpleClassTypeSignature (119 bytes)

VM state: not at safepoint (normal execution)

VM Mutex/Monitor currently owned by a thread: None

Heap address: 0x0000000080000000, size: 2048 MB, Compressed Oops mode: 32-bit

CDS archive(s) not mapped
Compressed class space mapped at: 0x0000000100000000-0x0000000140000000, reserved size: 1073741824
Narrow klass base: 0x0000000000000000, Narrow klass shift: 3, Narrow klass range: 0x140000000

GC Precious Log:
 CPUs: 6 total, 6 available
 Memory: 16315M
 Large Page Support: Disabled
 NUMA Support: Disabled
 Compressed Oops: Enabled (32-bit)
 Heap Region Size: 1M
 Heap Min Capacity: 8M
 Heap Initial Capacity: 256M
 Heap Max Capacity: 2G
 Pre-touch: Disabled
 Parallel Workers: 6
 Concurrent Workers: 2
 Concurrent Refinement Workers: 6
 Periodic GC: Disabled

Heap:
 garbage-first heap   total 162816K, used 119014K [0x0000000080000000, 0x0000000100000000)
  region size 1024K, 23 young (23552K), 1 survivors (1024K)
 Metaspace       used 71569K, committed 72256K, reserved 1114112K
  class space    used 9510K, committed 9792K, reserved 1048576K

Heap Regions: E=young(eden), S=young(survivor), O=old, HS=humongous(starts), HC=humongous(continues), CS=collection set, F=free, OA=open archive, CA=closed archive, TAMS=top-at-mark-start (previous, next)
|   0|0x0000000080000000, 0x0000000080100000, 0x0000000080100000|100%|HS|  |TAMS 0x0000000080100000, 0x0000000080000000| Complete 
|   1|0x0000000080100000, 0x0000000080200000, 0x0000000080200000|100%|HC|  |TAMS 0x0000000080200000, 0x0000000080100000| Complete 
|   2|0x0000000080200000, 0x0000000080300000, 0x0000000080300000|100%|HC|  |TAMS 0x0000000080300000, 0x0000000080200000| Complete 
|   3|0x0000000080300000, 0x0000000080400000, 0x0000000080400000|100%|HC|  |TAMS 0x0000000080400000, 0x0000000080300000| Complete 
|   4|0x0000000080400000, 0x0000000080500000, 0x0000000080500000|100%| O|  |TAMS 0x0000000080400000, 0x0000000080400000| Untracked 
|   5|0x0000000080500000, 0x0000000080600000, 0x0000000080600000|100%| O|  |TAMS 0x0000000080600000, 0x0000000080500000| Untracked 
|   6|0x0000000080600000, 0x0000000080700000, 0x0000000080700000|100%| O|  |TAMS 0x0000000080700000, 0x0000000080600000| Untracked 
|   7|0x0000000080700000, 0x0000000080800000, 0x0000000080800000|100%| O|  |TAMS 0x0000000080800000, 0x0000000080700000| Untracked 
|   8|0x0000000080800000, 0x0000000080900000, 0x0000000080900000|100%| O|  |TAMS 0x0000000080900000, 0x0000000080800000| Untracked 
|   9|0x0000000080900000, 0x0000000080a00000, 0x0000000080a00000|100%| O|  |TAMS 0x0000000080a00000, 0x0000000080900000| Untracked 
|  10|0x0000000080a00000, 0x0000000080b00000, 0x0000000080b00000|100%| O|  |TAMS 0x0000000080b00000, 0x0000000080a00000| Untracked 
|  11|0x0000000080b00000, 0x0000000080c00000, 0x0000000080c00000|100%| O|  |TAMS 0x0000000080c00000, 0x0000000080b00000| Untracked 
|  12|0x0000000080c00000, 0x0000000080d00000, 0x0000000080d00000|100%| O|  |TAMS 0x0000000080d00000, 0x0000000080c00000| Untracked 
|  13|0x0000000080d00000, 0x0000000080e00000, 0x0000000080e00000|100%| O|  |TAMS 0x0000000080e00000, 0x0000000080d00000| Untracked 
|  14|0x0000000080e00000, 0x0000000080f00000, 0x0000000080f00000|100%| O|  |TAMS 0x0000000080f00000, 0x0000000080e00000| Untracked 
|  15|0x0000000080f00000, 0x0000000081000000, 0x0000000081000000|100%| O|  |TAMS 0x0000000081000000, 0x0000000080f00000| Untracked 
|  16|0x0000000081000000, 0x0000000081100000, 0x0000000081100000|100%| O|  |TAMS 0x0000000081100000, 0x0000000081000000| Untracked 
|  17|0x0000000081100000, 0x0000000081200000, 0x0000000081200000|100%| O|  |TAMS 0x0000000081200000, 0x0000000081100000| Untracked 
|  18|0x0000000081200000, 0x0000000081300000, 0x0000000081300000|100%| O|  |TAMS 0x0000000081300000, 0x0000000081200000| Untracked 
|  19|0x0000000081300000, 0x0000000081400000, 0x0000000081400000|100%|HS|  |TAMS 0x0000000081400000, 0x0000000081300000| Complete 
|  20|0x0000000081400000, 0x0000000081500000, 0x0000000081500000|100%|HC|  |TAMS 0x0000000081500000, 0x0000000081400000| Complete 
|  21|0x0000000081500000, 0x0000000081600000, 0x0000000081600000|100%|HS|  |TAMS 0x0000000081600000, 0x0000000081500000| Complete 
|  22|0x0000000081600000, 0x0000000081700000, 0x0000000081700000|100%|HC|  |TAMS 0x0000000081700000, 0x0000000081600000| Complete 
|  23|0x0000000081700000, 0x0000000081800000, 0x0000000081800000|100%|HC|  |TAMS 0x0000000081800000, 0x0000000081700000| Complete 
|  24|0x0000000081800000, 0x0000000081900000, 0x0000000081900000|100%| O|  |TAMS 0x0000000081900000, 0x0000000081800000| Untracked 
|  25|0x0000000081900000, 0x0000000081a00000, 0x0000000081a00000|100%| O|  |TAMS 0x0000000081a00000, 0x0000000081900000| Untracked 
|  26|0x0000000081a00000, 0x0000000081b00000, 0x0000000081b00000|100%| O|  |TAMS 0x0000000081b00000, 0x0000000081a00000| Untracked 
|  27|0x0000000081b00000, 0x0000000081c00000, 0x0000000081c00000|100%| O|  |TAMS 0x0000000081c00000, 0x0000000081b00000| Untracked 
|  28|0x0000000081c00000, 0x0000000081d00000, 0x0000000081d00000|100%|HS|  |TAMS 0x0000000081d00000, 0x0000000081c00000| Complete 
|  29|0x0000000081d00000, 0x0000000081e00000, 0x0000000081e00000|100%|HC|  |TAMS 0x0000000081e00000, 0x0000000081d00000| Complete 
|  30|0x0000000081e00000, 0x0000000081f00000, 0x0000000081f00000|100%|HC|  |TAMS 0x0000000081f00000, 0x0000000081e00000| Complete 
|  31|0x0000000081f00000, 0x0000000082000000, 0x0000000082000000|100%| O|  |TAMS 0x0000000082000000, 0x0000000081f00000| Untracked 
|  32|0x0000000082000000, 0x0000000082100000, 0x0000000082100000|100%| O|  |TAMS 0x0000000082100000, 0x0000000082000000| Untracked 
|  33|0x0000000082100000, 0x0000000082200000, 0x0000000082200000|100%|HS|  |TAMS 0x0000000082200000, 0x0000000082100000| Complete 
|  34|0x0000000082200000, 0x0000000082300000, 0x0000000082300000|100%|HC|  |TAMS 0x0000000082300000, 0x0000000082200000| Complete 
|  35|0x0000000082300000, 0x0000000082400000, 0x0000000082400000|100%|HC|  |TAMS 0x0000000082400000, 0x0000000082300000| Complete 
|  36|0x0000000082400000, 0x0000000082500000, 0x0000000082500000|100%|HC|  |TAMS 0x0000000082500000, 0x0000000082400000| Complete 
|  37|0x0000000082500000, 0x0000000082600000, 0x0000000082600000|100%|HC|  |TAMS 0x0000000082600000, 0x0000000082500000| Complete 
|  38|0x0000000082600000, 0x0000000082700000, 0x0000000082700000|100%|HC|  |TAMS 0x0000000082700000, 0x0000000082600000| Complete 
|  39|0x0000000082700000, 0x0000000082800000, 0x0000000082800000|100%|HC|  |TAMS 0x0000000082800000, 0x0000000082700000| Complete 
|  40|0x0000000082800000, 0x0000000082900000, 0x0000000082900000|100%|HC|  |TAMS 0x0000000082900000, 0x0000000082800000| Complete 
|  41|0x0000000082900000, 0x0000000082a00000, 0x0000000082a00000|100%|HC|  |TAMS 0x0000000082a00000, 0x0000000082900000| Complete 
|  42|0x0000000082a00000, 0x0000000082b00000, 0x0000000082b00000|100%|HC|  |TAMS 0x0000000082b00000, 0x0000000082a00000| Complete 
|  43|0x0000000082b00000, 0x0000000082c00000, 0x0000000082c00000|100%|HC|  |TAMS 0x0000000082c00000, 0x0000000082b00000| Complete 
|  44|0x0000000082c00000, 0x0000000082d00000, 0x0000000082d00000|100%|HC|  |TAMS 0x0000000082d00000, 0x0000000082c00000| Complete 
|  45|0x0000000082d00000, 0x0000000082d00000, 0x0000000082e00000|  0%| F|  |TAMS 0x0000000082d00000, 0x0000000082d00000| Untracked 
|  46|0x0000000082e00000, 0x0000000082f00000, 0x0000000082f00000|100%|HS|  |TAMS 0x0000000082f00000, 0x0000000082e00000| Complete 
|  47|0x0000000082f00000, 0x0000000083000000, 0x0000000083000000|100%|HC|  |TAMS 0x0000000083000000, 0x0000000082f00000| Complete 
|  48|0x0000000083000000, 0x0000000083100000, 0x0000000083100000|100%| O|  |TAMS 0x0000000083100000, 0x0000000083000000| Untracked 
|  49|0x0000000083100000, 0x0000000083200000, 0x0000000083200000|100%|HS|  |TAMS 0x0000000083200000, 0x0000000083100000| Complete 
|  50|0x0000000083200000, 0x0000000083300000, 0x0000000083300000|100%| O|  |TAMS 0x0000000083300000, 0x0000000083200000| Untracked 
|  51|0x0000000083300000, 0x0000000083400000, 0x0000000083400000|100%| O|  |TAMS 0x0000000083400000, 0x0000000083300000| Untracked 
|  52|0x0000000083400000, 0x0000000083500000, 0x0000000083500000|100%| O|  |TAMS 0x0000000083500000, 0x0000000083400000| Untracked 
|  53|0x0000000083500000, 0x0000000083600000, 0x0000000083600000|100%| O|  |TAMS 0x0000000083600000, 0x0000000083500000| Untracked 
|  54|0x0000000083600000, 0x0000000083700000, 0x0000000083700000|100%| O|  |TAMS 0x0000000083700000, 0x0000000083600000| Untracked 
|  55|0x0000000083700000, 0x0000000083800000, 0x0000000083800000|100%| O|  |TAMS 0x0000000083800000, 0x0000000083700000| Untracked 
|  56|0x0000000083800000, 0x0000000083900000, 0x0000000083900000|100%| O|  |TAMS 0x0000000083900000, 0x0000000083800000| Untracked 
|  57|0x0000000083900000, 0x0000000083a00000, 0x0000000083a00000|100%| O|  |TAMS 0x0000000083a00000, 0x0000000083900000| Untracked 
|  58|0x0000000083a00000, 0x0000000083b00000, 0x0000000083b00000|100%| O|  |TAMS 0x0000000083b00000, 0x0000000083a00000| Untracked 
|  59|0x0000000083b00000, 0x0000000083c00000, 0x0000000083c00000|100%| O|  |TAMS 0x0000000083c00000, 0x0000000083b00000| Untracked 
|  60|0x0000000083c00000, 0x0000000083d00000, 0x0000000083d00000|100%|HS|  |TAMS 0x0000000083d00000, 0x0000000083c00000| Complete 
|  61|0x0000000083d00000, 0x0000000083e00000, 0x0000000083e00000|100%|HC|  |TAMS 0x0000000083e00000, 0x0000000083d00000| Complete 
|  62|0x0000000083e00000, 0x0000000083f00000, 0x0000000083f00000|100%|HC|  |TAMS 0x0000000083f00000, 0x0000000083e00000| Complete 
|  63|0x0000000083f00000, 0x0000000084000000, 0x0000000084000000|100%|HS|  |TAMS 0x0000000084000000, 0x0000000083f00000| Complete 
|  64|0x0000000084000000, 0x0000000084100000, 0x0000000084100000|100%|HC|  |TAMS 0x0000000084100000, 0x0000000084000000| Complete 
|  65|0x0000000084100000, 0x0000000084200000, 0x0000000084200000|100%|HC|  |TAMS 0x0000000084200000, 0x0000000084100000| Complete 
|  66|0x0000000084200000, 0x0000000084300000, 0x0000000084300000|100%| O|  |TAMS 0x0000000084300000, 0x0000000084200000| Untracked 
|  67|0x0000000084300000, 0x0000000084400000, 0x0000000084400000|100%| O|  |TAMS 0x0000000084400000, 0x0000000084300000| Untracked 
|  68|0x0000000084400000, 0x0000000084500000, 0x0000000084500000|100%| O|  |TAMS 0x0000000084500000, 0x0000000084400000| Untracked 
|  69|0x0000000084500000, 0x0000000084600000, 0x0000000084600000|100%| O|  |TAMS 0x0000000084600000, 0x0000000084500000| Untracked 
|  70|0x0000000084600000, 0x0000000084700000, 0x0000000084700000|100%| O|  |TAMS 0x0000000084700000, 0x0000000084600000| Untracked 
|  71|0x0000000084700000, 0x0000000084800000, 0x0000000084800000|100%| O|  |TAMS 0x0000000084800000, 0x0000000084700000| Untracked 
|  72|0x0000000084800000, 0x0000000084900000, 0x0000000084900000|100%|HS|  |TAMS 0x0000000084900000, 0x0000000084800000| Complete 
|  73|0x0000000084900000, 0x0000000084a00000, 0x0000000084a00000|100%|HS|  |TAMS 0x0000000084a00000, 0x0000000084900000| Complete 
|  74|0x0000000084a00000, 0x0000000084b00000, 0x0000000084b00000|100%|HC|  |TAMS 0x0000000084b00000, 0x0000000084a00000| Complete 
|  75|0x0000000084b00000, 0x0000000084c00000, 0x0000000084c00000|100%|HS|  |TAMS 0x0000000084c00000, 0x0000000084b00000| Complete 
|  76|0x0000000084c00000, 0x0000000084d00000, 0x0000000084d00000|100%|HS|  |TAMS 0x0000000084d00000, 0x0000000084c00000| Complete 
|  77|0x0000000084d00000, 0x0000000084e00000, 0x0000000084e00000|100%|HC|  |TAMS 0x0000000084e00000, 0x0000000084d00000| Complete 
|  78|0x0000000084e00000, 0x0000000084f00000, 0x0000000084f00000|100%|HC|  |TAMS 0x0000000084f00000, 0x0000000084e00000| Complete 
|  79|0x0000000084f00000, 0x0000000085000000, 0x0000000085000000|100%|HC|  |TAMS 0x0000000085000000, 0x0000000084f00000| Complete 
|  80|0x0000000085000000, 0x0000000085100000, 0x0000000085100000|100%| O|  |TAMS 0x0000000085100000, 0x0000000085000000| Untracked 
|  81|0x0000000085100000, 0x0000000085200000, 0x0000000085200000|100%| O|  |TAMS 0x0000000085200000, 0x0000000085100000| Untracked 
|  82|0x0000000085200000, 0x0000000085300000, 0x0000000085300000|100%| O|  |TAMS 0x0000000085300000, 0x0000000085200000| Untracked 
|  83|0x0000000085300000, 0x0000000085300000, 0x0000000085400000|  0%| F|  |TAMS 0x0000000085300000, 0x0000000085300000| Untracked 
|  84|0x0000000085400000, 0x0000000085500000, 0x0000000085500000|100%| O|  |TAMS 0x0000000085500000, 0x0000000085400000| Untracked 
|  85|0x0000000085500000, 0x0000000085600000, 0x0000000085600000|100%| O|  |TAMS 0x0000000085600000, 0x0000000085500000| Untracked 
|  86|0x0000000085600000, 0x0000000085700000, 0x0000000085700000|100%| O|  |TAMS 0x0000000085700000, 0x0000000085600000| Untracked 
|  87|0x0000000085700000, 0x0000000085800000, 0x0000000085800000|100%| O|  |TAMS 0x0000000085800000, 0x0000000085700000| Untracked 
|  88|0x0000000085800000, 0x0000000085900000, 0x0000000085900000|100%| O|  |TAMS 0x0000000085900000, 0x0000000085800000| Untracked 
|  89|0x0000000085900000, 0x0000000085a00000, 0x0000000085a00000|100%| O|  |TAMS 0x0000000085a00000, 0x0000000085900000| Untracked 
|  90|0x0000000085a00000, 0x0000000085b00000, 0x0000000085b00000|100%| O|  |TAMS 0x0000000085b00000, 0x0000000085a00000| Untracked 
|  91|0x0000000085b00000, 0x0000000085c00000, 0x0000000085c00000|100%| O|  |TAMS 0x0000000085b2ba00, 0x0000000085b00000| Untracked 
|  92|0x0000000085c00000, 0x0000000085d00000, 0x0000000085d00000|100%| O|  |TAMS 0x0000000085c00000, 0x0000000085c00000| Untracked 
|  93|0x0000000085d00000, 0x0000000085e00000, 0x0000000085e00000|100%| O|  |TAMS 0x0000000085d00000, 0x0000000085d00000| Untracked 
|  94|0x0000000085e00000, 0x0000000085f00000, 0x0000000085f00000|100%| O|  |TAMS 0x0000000085e00000, 0x0000000085e00000| Untracked 
|  95|0x0000000085f00000, 0x0000000085f94000, 0x0000000086000000| 57%| O|  |TAMS 0x0000000085f00000, 0x0000000085f00000| Untracked 
|  96|0x0000000086000000, 0x0000000086000000, 0x0000000086100000|  0%| F|  |TAMS 0x0000000086000000, 0x0000000086000000| Untracked 
|  97|0x0000000086100000, 0x0000000086200000, 0x0000000086200000|100%| O|  |TAMS 0x0000000086100000, 0x0000000086100000| Untracked 
|  98|0x0000000086200000, 0x0000000086200000, 0x0000000086300000|  0%| F|  |TAMS 0x0000000086200000, 0x0000000086200000| Untracked 
|  99|0x0000000086300000, 0x0000000086300000, 0x0000000086400000|  0%| F|  |TAMS 0x0000000086300000, 0x0000000086300000| Untracked 
| 100|0x0000000086400000, 0x0000000086400000, 0x0000000086500000|  0%| F|  |TAMS 0x0000000086400000, 0x0000000086400000| Untracked 
| 101|0x0000000086500000, 0x0000000086500000, 0x0000000086600000|  0%| F|  |TAMS 0x0000000086500000, 0x0000000086500000| Untracked 
| 102|0x0000000086600000, 0x0000000086600000, 0x0000000086700000|  0%| F|  |TAMS 0x0000000086600000, 0x0000000086600000| Untracked 
| 103|0x0000000086700000, 0x0000000086700000, 0x0000000086800000|  0%| F|  |TAMS 0x0000000086700000, 0x0000000086700000| Untracked 
| 104|0x0000000086800000, 0x0000000086800000, 0x0000000086900000|  0%| F|  |TAMS 0x0000000086800000, 0x0000000086800000| Untracked 
| 105|0x0000000086900000, 0x0000000086900000, 0x0000000086a00000|  0%| F|  |TAMS 0x0000000086900000, 0x0000000086900000| Untracked 
| 106|0x0000000086a00000, 0x0000000086a00000, 0x0000000086b00000|  0%| F|  |TAMS 0x0000000086a00000, 0x0000000086a00000| Untracked 
| 107|0x0000000086b00000, 0x0000000086b00000, 0x0000000086c00000|  0%| F|  |TAMS 0x0000000086b00000, 0x0000000086b00000| Untracked 
| 108|0x0000000086c00000, 0x0000000086c00000, 0x0000000086d00000|  0%| F|  |TAMS 0x0000000086c00000, 0x0000000086c00000| Untracked 
| 109|0x0000000086d00000, 0x0000000086d00000, 0x0000000086e00000|  0%| F|  |TAMS 0x0000000086d00000, 0x0000000086d00000| Untracked 
| 110|0x0000000086e00000, 0x0000000086e00000, 0x0000000086f00000|  0%| F|  |TAMS 0x0000000086e00000, 0x0000000086e00000| Untracked 
| 111|0x0000000086f00000, 0x0000000086f00000, 0x0000000087000000|  0%| F|  |TAMS 0x0000000086f00000, 0x0000000086f00000| Untracked 
| 112|0x0000000087000000, 0x0000000087000000, 0x0000000087100000|  0%| F|  |TAMS 0x0000000087000000, 0x0000000087000000| Untracked 
| 113|0x0000000087100000, 0x0000000087100000, 0x0000000087200000|  0%| F|  |TAMS 0x0000000087100000, 0x0000000087100000| Untracked 
| 114|0x0000000087200000, 0x0000000087200000, 0x0000000087300000|  0%| F|  |TAMS 0x0000000087200000, 0x0000000087200000| Untracked 
| 115|0x0000000087300000, 0x0000000087300000, 0x0000000087400000|  0%| F|  |TAMS 0x0000000087300000, 0x0000000087300000| Untracked 
| 116|0x0000000087400000, 0x0000000087400000, 0x0000000087500000|  0%| F|  |TAMS 0x0000000087400000, 0x0000000087400000| Untracked 
| 117|0x0000000087500000, 0x0000000087500000, 0x0000000087600000|  0%| F|  |TAMS 0x0000000087500000, 0x0000000087500000| Untracked 
| 118|0x0000000087600000, 0x0000000087600000, 0x0000000087700000|  0%| F|  |TAMS 0x0000000087600000, 0x0000000087600000| Untracked 
| 119|0x0000000087700000, 0x0000000087700000, 0x0000000087800000|  0%| F|  |TAMS 0x0000000087700000, 0x0000000087700000| Untracked 
| 120|0x0000000087800000, 0x0000000087800000, 0x0000000087900000|  0%| F|  |TAMS 0x0000000087800000, 0x0000000087800000| Untracked 
| 121|0x0000000087900000, 0x0000000087900000, 0x0000000087a00000|  0%| F|  |TAMS 0x0000000087900000, 0x0000000087900000| Untracked 
| 122|0x0000000087a00000, 0x0000000087a00000, 0x0000000087b00000|  0%| F|  |TAMS 0x0000000087a00000, 0x0000000087a00000| Untracked 
| 123|0x0000000087b00000, 0x0000000087b00000, 0x0000000087c00000|  0%| F|  |TAMS 0x0000000087b00000, 0x0000000087b00000| Untracked 
| 124|0x0000000087c00000, 0x0000000087c00000, 0x0000000087d00000|  0%| F|  |TAMS 0x0000000087c00000, 0x0000000087c00000| Untracked 
| 125|0x0000000087d00000, 0x0000000087d00000, 0x0000000087e00000|  0%| F|  |TAMS 0x0000000087d00000, 0x0000000087d00000| Untracked 
| 126|0x0000000087e00000, 0x0000000087e00000, 0x0000000087f00000|  0%| F|  |TAMS 0x0000000087e00000, 0x0000000087e00000| Untracked 
| 127|0x0000000087f00000, 0x0000000087f00000, 0x0000000088000000|  0%| F|  |TAMS 0x0000000087f00000, 0x0000000087f00000| Untracked 
| 128|0x0000000088000000, 0x0000000088000000, 0x0000000088100000|  0%| F|  |TAMS 0x0000000088000000, 0x0000000088000000| Untracked 
| 129|0x0000000088100000, 0x0000000088100000, 0x0000000088200000|  0%| F|  |TAMS 0x0000000088100000, 0x0000000088100000| Untracked 
| 130|0x0000000088200000, 0x0000000088200000, 0x0000000088300000|  0%| F|  |TAMS 0x0000000088200000, 0x0000000088200000| Untracked 
| 131|0x0000000088300000, 0x0000000088300000, 0x0000000088400000|  0%| F|  |TAMS 0x0000000088300000, 0x0000000088300000| Untracked 
| 132|0x0000000088400000, 0x0000000088400000, 0x0000000088500000|  0%| F|  |TAMS 0x0000000088400000, 0x0000000088400000| Untracked 
| 133|0x0000000088500000, 0x0000000088500000, 0x0000000088600000|  0%| F|  |TAMS 0x0000000088500000, 0x0000000088500000| Untracked 
| 134|0x0000000088600000, 0x0000000088600000, 0x0000000088700000|  0%| F|  |TAMS 0x0000000088600000, 0x0000000088600000| Untracked 
| 135|0x0000000088700000, 0x0000000088780800, 0x0000000088800000| 50%| E|  |TAMS 0x0000000088700000, 0x0000000088700000| Complete 
| 136|0x0000000088800000, 0x0000000088900000, 0x0000000088900000|100%| E|CS|TAMS 0x0000000088800000, 0x0000000088800000| Complete 
| 137|0x0000000088900000, 0x0000000088a00000, 0x0000000088a00000|100%| E|CS|TAMS 0x0000000088900000, 0x0000000088900000| Complete 
| 138|0x0000000088a00000, 0x0000000088b00000, 0x0000000088b00000|100%| E|CS|TAMS 0x0000000088a00000, 0x0000000088a00000| Complete 
| 139|0x0000000088b00000, 0x0000000088c00000, 0x0000000088c00000|100%| E|CS|TAMS 0x0000000088b00000, 0x0000000088b00000| Complete 
| 140|0x0000000088c00000, 0x0000000088d00000, 0x0000000088d00000|100%| E|CS|TAMS 0x0000000088c00000, 0x0000000088c00000| Complete 
| 141|0x0000000088d00000, 0x0000000088e00000, 0x0000000088e00000|100%| E|CS|TAMS 0x0000000088d00000, 0x0000000088d00000| Complete 
| 142|0x0000000088e00000, 0x0000000088f00000, 0x0000000088f00000|100%| E|CS|TAMS 0x0000000088e00000, 0x0000000088e00000| Complete 
| 143|0x0000000088f00000, 0x0000000089000000, 0x0000000089000000|100%| E|CS|TAMS 0x0000000088f00000, 0x0000000088f00000| Complete 
| 144|0x0000000089000000, 0x0000000089100000, 0x0000000089100000|100%| E|CS|TAMS 0x0000000089000000, 0x0000000089000000| Complete 
| 145|0x0000000089100000, 0x0000000089200000, 0x0000000089200000|100%| E|CS|TAMS 0x0000000089100000, 0x0000000089100000| Complete 
| 146|0x0000000089200000, 0x0000000089300000, 0x0000000089300000|100%| E|CS|TAMS 0x0000000089200000, 0x0000000089200000| Complete 
| 147|0x0000000089300000, 0x0000000089400000, 0x0000000089400000|100%| E|CS|TAMS 0x0000000089300000, 0x0000000089300000| Complete 
| 148|0x0000000089400000, 0x0000000089500000, 0x0000000089500000|100%| E|CS|TAMS 0x0000000089400000, 0x0000000089400000| Complete 
| 204|0x000000008cc00000, 0x000000008cd00000, 0x000000008cd00000|100%| E|CS|TAMS 0x000000008cc00000, 0x000000008cc00000| Complete 
| 205|0x000000008cd00000, 0x000000008ce00000, 0x000000008ce00000|100%| E|CS|TAMS 0x000000008cd00000, 0x000000008cd00000| Complete 
| 206|0x000000008ce00000, 0x000000008cf00000, 0x000000008cf00000|100%| E|CS|TAMS 0x000000008ce00000, 0x000000008ce00000| Complete 
| 207|0x000000008cf00000, 0x000000008d000000, 0x000000008d000000|100%| E|CS|TAMS 0x000000008cf00000, 0x000000008cf00000| Complete 
| 208|0x000000008d000000, 0x000000008d100000, 0x000000008d100000|100%| E|CS|TAMS 0x000000008d000000, 0x000000008d000000| Complete 
| 209|0x000000008d100000, 0x000000008d200000, 0x000000008d200000|100%| E|CS|TAMS 0x000000008d100000, 0x000000008d100000| Complete 
| 210|0x000000008d200000, 0x000000008d2a5870, 0x000000008d300000| 64%| S|CS|TAMS 0x000000008d200000, 0x000000008d200000| Complete 
| 211|0x000000008d300000, 0x000000008d400000, 0x000000008d400000|100%| E|CS|TAMS 0x000000008d300000, 0x000000008d300000| Complete 
| 212|0x000000008d400000, 0x000000008d500000, 0x000000008d500000|100%| E|CS|TAMS 0x000000008d400000, 0x000000008d400000| Complete 
| 255|0x000000008ff00000, 0x0000000090000000, 0x0000000090000000|100%| E|CS|TAMS 0x000000008ff00000, 0x000000008ff00000| Complete 

Card table byte_map: [0x0000018745880000,0x0000018745c80000] _byte_map_base: 0x0000018745480000

Marking Bits (Prev, Next): (CMBitMap*) 0x0000018732ef9810, (CMBitMap*) 0x0000018732ef9850
 Prev Bits: [0x0000018746080000, 0x0000018748080000)
 Next Bits: [0x0000018748080000, 0x000001874a080000)

Polling page: 0x0000018730dd0000

Metaspace:

Usage:
  Non-class:     60.62 MB used.
      Class:      9.29 MB used.
       Both:     69.92 MB used.

Virtual space:
  Non-class space:       64.00 MB reserved,      61.00 MB ( 95%) committed,  8 nodes.
      Class space:        1.00 GB reserved,       9.56 MB ( <1%) committed,  1 nodes.
             Both:        1.06 GB reserved,      70.56 MB (  6%) committed. 

Chunk freelists:
   Non-Class:  2.97 MB
       Class:  2.38 MB
        Both:  5.34 MB

MaxMetaspaceSize: unlimited
CompressedClassSpaceSize: 1.00 GB
Initial GC threshold: 21.00 MB
Current GC threshold: 109.38 MB
CDS: off
MetaspaceReclaimPolicy: balanced
 - commit_granule_bytes: 65536.
 - commit_granule_words: 8192.
 - virtual_space_node_default_size: 1048576.
 - enlarge_chunks_in_place: 1.
 - new_chunks_are_fully_committed: 0.
 - uncommit_free_chunks: 1.
 - use_allocation_guard: 0.
 - handle_deallocations: 1.


Internal statistics:

num_allocs_failed_limit: 3.
num_arena_births: 816.
num_arena_deaths: 0.
num_vsnodes_births: 9.
num_vsnodes_deaths: 0.
num_space_committed: 1129.
num_space_uncommitted: 0.
num_chunks_returned_to_freelist: 3.
num_chunks_taken_from_freelist: 3270.
num_chunk_merges: 3.
num_chunk_splits: 2161.
num_chunks_enlarged: 1445.
num_purges: 0.
num_inconsistent_stats: 0.

CodeHeap 'non-profiled nmethods': size=120000Kb used=3689Kb max_used=3689Kb free=116310Kb
 bounds [0x000001873de40000, 0x000001873e1e0000, 0x0000018745370000]
CodeHeap 'profiled nmethods': size=120000Kb used=12591Kb max_used=12591Kb free=107409Kb
 bounds [0x0000018736370000, 0x0000018736fc0000, 0x000001873d8a0000]
CodeHeap 'non-nmethods': size=5760Kb used=2358Kb max_used=2447Kb free=3401Kb
 bounds [0x000001873d8a0000, 0x000001873db20000, 0x000001873de40000]
 total_blobs=7385 nmethods=6497 adapters=799
 compilation: enabled
              stopped_count=0, restarted_count=0
 full_count=0

Compilation events (20 events):
Event: 7.185 Thread 0x000001874d470f90 7285       1       org.objectweb.asm.SymbolTable::getSource (5 bytes)
Event: 7.185 Thread 0x000001874d46d190 nmethod 7266 0x000001873e1d4290 code [0x000001873e1d4500, 0x000001873e1d5d40]
Event: 7.185 Thread 0x000001874d470f90 nmethod 7285 0x000001873e1d6990 code [0x000001873e1d6b20, 0x000001873e1d6bf8]
Event: 7.185 Thread 0x000001874d46d190 7277       4       java.util.AbstractQueue::add (20 bytes)
Event: 7.185 Thread 0x000001874d46d190 nmethod 7277 0x000001873e1d6c90 code [0x000001873e1d6e00, 0x000001873e1d6eb8]
Event: 7.185 Thread 0x000001874d46d190 7283       4       org.objectweb.asm.ClassReader::readUtf (161 bytes)
Event: 7.186 Thread 0x000001874d470f90 7289       3       org.gradle.internal.ImmutableActionSet::<init> (5 bytes)
Event: 7.186 Thread 0x000001874d470f90 nmethod 7289 0x0000018736facb10 code [0x0000018736facca0, 0x0000018736facdf8]
Event: 7.186 Thread 0x000001874d470f90 7290       3       org.gradle.internal.ImmutableActionSet::add (93 bytes)
Event: 7.186 Thread 0x000001874d470f90 nmethod 7290 0x0000018736face90 code [0x0000018736fad0e0, 0x0000018736fade58]
Event: 7.186 Thread 0x000001874d470f90 7291       1       org.gradle.api.internal.collections.DefaultCollectionEventRegister::getDecorator (5 bytes)
Event: 7.186 Thread 0x000001874d470f90 nmethod 7291 0x000001873e1d6f90 code [0x000001873e1d7120, 0x000001873e1d71f8]
Event: 7.187 Thread 0x000001874d470f90 7292       1       org.gradle.api.internal.project.DefaultProjectStateRegistry$CalculatedModelValueImpl::getOrNull (5 bytes)
Event: 7.187 Thread 0x000001874d470f90 nmethod 7292 0x000001873e1d7290 code [0x000001873e1d7420, 0x000001873e1d74f8]
Event: 7.187 Thread 0x000001874d470f90 7293       3       org.gradle.internal.ImmutableActionSet$EmptySet::addOne (9 bytes)
Event: 7.187 Thread 0x000001874d470f90 nmethod 7293 0x0000018736fae090 code [0x0000018736fae240, 0x0000018736fae518]
Event: 7.187 Thread 0x000001874d470f90 7294       3       org.gradle.internal.ImmutableActionSet$SingletonSet::<init> (10 bytes)
Event: 7.187 Thread 0x000001874d470f90 nmethod 7294 0x0000018736fae690 code [0x0000018736fae840, 0x0000018736faea58]
Event: 7.187 Thread 0x000001874d470f90 7295       1       org.gradle.configuration.internal.DefaultUserCodeApplicationContext::access$000 (5 bytes)
Event: 7.187 Thread 0x000001874d470f90 nmethod 7295 0x000001873e1d7590 code [0x000001873e1d7720, 0x000001873e1d77d8]

GC Heap History (20 events):
Event: 4.176 GC heap before
{Heap before GC invocations=19 (full 0):
 garbage-first heap   total 112640K, used 71157K [0x0000000080000000, 0x0000000100000000)
  region size 1024K, 5 young (5120K), 3 survivors (3072K)
 Metaspace       used 49325K, committed 49856K, reserved 1097728K
  class space    used 6465K, committed 6720K, reserved 1048576K
}
Event: 4.178 GC heap after
{Heap after GC invocations=20 (full 0):
 garbage-first heap   total 112640K, used 69177K [0x0000000080000000, 0x0000000100000000)
  region size 1024K, 1 young (1024K), 1 survivors (1024K)
 Metaspace       used 49325K, committed 49856K, reserved 1097728K
  class space    used 6465K, committed 6720K, reserved 1048576K
}
Event: 4.356 GC heap before
{Heap before GC invocations=20 (full 0):
 garbage-first heap   total 112640K, used 90681K [0x0000000080000000, 0x0000000100000000)
  region size 1024K, 22 young (22528K), 1 survivors (1024K)
 Metaspace       used 50800K, committed 51328K, reserved 1097728K
  class space    used 6734K, committed 6976K, reserved 1048576K
}
Event: 4.358 GC heap after
{Heap after GC invocations=21 (full 0):
 garbage-first heap   total 151552K, used 69841K [0x0000000080000000, 0x0000000100000000)
  region size 1024K, 2 young (2048K), 2 survivors (2048K)
 Metaspace       used 50800K, committed 51328K, reserved 1097728K
  class space    used 6734K, committed 6976K, reserved 1048576K
}
Event: 5.102 GC heap before
{Heap before GC invocations=22 (full 0):
 garbage-first heap   total 151552K, used 110801K [0x0000000080000000, 0x0000000100000000)
  region size 1024K, 42 young (43008K), 2 survivors (2048K)
 Metaspace       used 55566K, committed 56192K, reserved 1105920K
  class space    used 7508K, committed 7808K, reserved 1048576K
}
Event: 5.105 GC heap after
{Heap after GC invocations=23 (full 0):
 garbage-first heap   total 151552K, used 72566K [0x0000000080000000, 0x0000000100000000)
  region size 1024K, 4 young (4096K), 4 survivors (4096K)
 Metaspace       used 55566K, committed 56192K, reserved 1105920K
  class space    used 7508K, committed 7808K, reserved 1048576K
}
Event: 5.188 GC heap before
{Heap before GC invocations=23 (full 0):
 garbage-first heap   total 151552K, used 75638K [0x0000000080000000, 0x0000000100000000)
  region size 1024K, 7 young (7168K), 4 survivors (4096K)
 Metaspace       used 55654K, committed 56256K, reserved 1105920K
  class space    used 7512K, committed 7808K, reserved 1048576K
}
Event: 5.191 GC heap after
{Heap after GC invocations=24 (full 0):
 garbage-first heap   total 151552K, used 72955K [0x0000000080000000, 0x0000000100000000)
  region size 1024K, 1 young (1024K), 1 survivors (1024K)
 Metaspace       used 55654K, committed 56256K, reserved 1105920K
  class space    used 7512K, committed 7808K, reserved 1048576K
}
Event: 5.654 GC heap before
{Heap before GC invocations=24 (full 0):
 garbage-first heap   total 151552K, used 102651K [0x0000000080000000, 0x0000000100000000)
  region size 1024K, 32 young (32768K), 1 survivors (1024K)
 Metaspace       used 56443K, committed 57088K, reserved 1105920K
  class space    used 7577K, committed 7872K, reserved 1048576K
}
Event: 5.658 GC heap after
{Heap after GC invocations=25 (full 0):
 garbage-first heap   total 151552K, used 76185K [0x0000000080000000, 0x0000000100000000)
  region size 1024K, 5 young (5120K), 5 survivors (5120K)
 Metaspace       used 56443K, committed 57088K, reserved 1105920K
  class space    used 7577K, committed 7872K, reserved 1048576K
}
Event: 6.067 GC heap before
{Heap before GC invocations=26 (full 0):
 garbage-first heap   total 151552K, used 126361K [0x0000000080000000, 0x0000000100000000)
  region size 1024K, 44 young (45056K), 5 survivors (5120K)
 Metaspace       used 60987K, committed 61632K, reserved 1105920K
  class space    used 8156K, committed 8448K, reserved 1048576K
}
Event: 6.071 GC heap after
{Heap after GC invocations=27 (full 0):
 garbage-first heap   total 151552K, used 92327K [0x0000000080000000, 0x0000000100000000)
  region size 1024K, 6 young (6144K), 6 survivors (6144K)
 Metaspace       used 60987K, committed 61632K, reserved 1105920K
  class space    used 8156K, committed 8448K, reserved 1048576K
}
Event: 6.081 GC heap before
{Heap before GC invocations=27 (full 0):
 garbage-first heap   total 151552K, used 92327K [0x0000000080000000, 0x0000000100000000)
  region size 1024K, 7 young (7168K), 6 survivors (6144K)
 Metaspace       used 61115K, committed 61760K, reserved 1105920K
  class space    used 8179K, committed 8448K, reserved 1048576K
}
Event: 6.083 GC heap after
{Heap after GC invocations=28 (full 0):
 garbage-first heap   total 151552K, used 92595K [0x0000000080000000, 0x0000000100000000)
  region size 1024K, 1 young (1024K), 1 survivors (1024K)
 Metaspace       used 61115K, committed 61760K, reserved 1105920K
  class space    used 8179K, committed 8448K, reserved 1048576K
}
Event: 6.577 GC heap before
{Heap before GC invocations=28 (full 0):
 garbage-first heap   total 151552K, used 123315K [0x0000000080000000, 0x0000000100000000)
  region size 1024K, 31 young (31744K), 1 survivors (1024K)
 Metaspace       used 66363K, committed 67008K, reserved 1114112K
  class space    used 8846K, committed 9152K, reserved 1048576K
}
Event: 6.579 GC heap after
{Heap after GC invocations=29 (full 0):
 garbage-first heap   total 151552K, used 94085K [0x0000000080000000, 0x0000000100000000)
  region size 1024K, 2 young (2048K), 2 survivors (2048K)
 Metaspace       used 66363K, committed 67008K, reserved 1114112K
  class space    used 8846K, committed 9152K, reserved 1048576K
}
Event: 6.943 GC heap before
{Heap before GC invocations=30 (full 0):
 garbage-first heap   total 162816K, used 129925K [0x0000000080000000, 0x0000000100000000)
  region size 1024K, 31 young (31744K), 2 survivors (2048K)
 Metaspace       used 69244K, committed 69952K, reserved 1114112K
  class space    used 9207K, committed 9536K, reserved 1048576K
}
Event: 6.946 GC heap after
{Heap after GC invocations=31 (full 0):
 garbage-first heap   total 162816K, used 97539K [0x0000000080000000, 0x0000000100000000)
  region size 1024K, 4 young (4096K), 4 survivors (4096K)
 Metaspace       used 69244K, committed 69952K, reserved 1114112K
  class space    used 9207K, committed 9536K, reserved 1048576K
}
Event: 6.975 GC heap before
{Heap before GC invocations=31 (full 0):
 garbage-first heap   total 162816K, used 100611K [0x0000000080000000, 0x0000000100000000)
  region size 1024K, 7 young (7168K), 4 survivors (4096K)
 Metaspace       used 69509K, committed 70208K, reserved 1114112K
  class space    used 9244K, committed 9536K, reserved 1048576K
}
Event: 6.977 GC heap after
{Heap after GC invocations=32 (full 0):
 garbage-first heap   total 162816K, used 97510K [0x0000000080000000, 0x0000000100000000)
  region size 1024K, 1 young (1024K), 1 survivors (1024K)
 Metaspace       used 69509K, committed 70208K, reserved 1114112K
  class space    used 9244K, committed 9536K, reserved 1048576K
}

Dll operation events (2 events):
Event: 0.006 Loaded shared library C:\Program Files\Android\Android Studio\jbr\bin\java.dll
Event: 0.301 Loaded shared library C:\Program Files\Android\Android Studio\jbr\bin\verify.dll

Deoptimization events (20 events):
Event: 6.817 Thread 0x000001874ebe3540 Uncommon trap: trap_request=0xffffffc6 fr.pc=0x000001873e0421a0 relative=0x0000000000000060
Event: 6.817 Thread 0x000001874ebe3540 Uncommon trap: reason=bimorphic_or_optimized_type_check action=maybe_recompile pc=0x000001873e0421a0 method=java.util.AbstractQueue.add(Ljava/lang/Object;)Z @ 2 c2
Event: 6.817 Thread 0x000001874ebe3540 DEOPT PACKING pc=0x000001873e0421a0 sp=0x00000053535f6820
Event: 6.817 Thread 0x000001874ebe3540 DEOPT UNPACKING pc=0x000001873d8f69a3 sp=0x00000053535f67e8 mode 2
Event: 7.166 Thread 0x000001874ebe3540 Uncommon trap: trap_request=0xffffff45 fr.pc=0x000001873de8aa9c relative=0x000000000000035c
Event: 7.166 Thread 0x000001874ebe3540 Uncommon trap: reason=unstable_if action=reinterpret pc=0x000001873de8aa9c method=org.gradle.internal.reflect.PropertyAccessorType.of(Ljava/lang/reflect/Method;)Lorg/gradle/internal/reflect/PropertyAccessorType; @ 56 c2
Event: 7.166 Thread 0x000001874ebe3540 DEOPT PACKING pc=0x000001873de8aa9c sp=0x00000053535f6790
Event: 7.166 Thread 0x000001874ebe3540 DEOPT UNPACKING pc=0x000001873d8f69a3 sp=0x00000053535f6750 mode 2
Event: 7.183 Thread 0x000001874ebe3540 Uncommon trap: trap_request=0xffffff45 fr.pc=0x000001873e1c083c relative=0x000000000000013c
Event: 7.183 Thread 0x000001874ebe3540 Uncommon trap: reason=unstable_if action=reinterpret pc=0x000001873e1c083c method=org.objectweb.asm.ByteVector.putByteArray([BII)Lorg/objectweb/asm/ByteVector; @ 20 c2
Event: 7.183 Thread 0x000001874ebe3540 DEOPT PACKING pc=0x000001873e1c083c sp=0x00000053535f4bf0
Event: 7.183 Thread 0x000001874ebe3540 DEOPT UNPACKING pc=0x000001873d8f69a3 sp=0x00000053535f4bc0 mode 2
Event: 7.183 Thread 0x000001874ebe3540 Uncommon trap: trap_request=0xffffff45 fr.pc=0x000001873df8a070 relative=0x0000000000000b30
Event: 7.183 Thread 0x000001874ebe3540 Uncommon trap: reason=unstable_if action=reinterpret pc=0x000001873df8a070 method=org.objectweb.asm.Label.resolve([BI)Z @ 80 c2
Event: 7.183 Thread 0x000001874ebe3540 DEOPT PACKING pc=0x000001873df8a070 sp=0x00000053535f4c30
Event: 7.183 Thread 0x000001874ebe3540 DEOPT UNPACKING pc=0x000001873d8f69a3 sp=0x00000053535f4b50 mode 2
Event: 7.183 Thread 0x000001874ebe3540 Uncommon trap: trap_request=0xffffff45 fr.pc=0x000001873de61e20 relative=0x0000000000000200
Event: 7.183 Thread 0x000001874ebe3540 Uncommon trap: reason=unstable_if action=reinterpret pc=0x000001873de61e20 method=org.objectweb.asm.Label.resolve([BI)Z @ 80 c2
Event: 7.183 Thread 0x000001874ebe3540 DEOPT PACKING pc=0x000001873de61e20 sp=0x00000053535f4bc0
Event: 7.183 Thread 0x000001874ebe3540 DEOPT UNPACKING pc=0x000001873d8f69a3 sp=0x00000053535f4b40 mode 2

Classes unloaded (0 events):
No events

Classes redefined (0 events):
No events

Internal exceptions (20 events):
Event: 4.443 Thread 0x000001874ebe3540 Exception <a 'java/lang/ClassNotFoundException'{0x000000008d0d3ee0}: org/jetbrains/plugins/gradle/model/DependencyAccessorsModelCustomizer> (0x000000008d0d3ee0) 
thrown [s\src\hotspot\share\classfile\systemDictionary.cpp, line 256]
Event: 4.523 Thread 0x000001874ebe3540 Exception <a 'java/lang/ClassNotFoundException'{0x00000000887fdd40}: org/gradle/api/internal/project/DefaultProject_DecoratedBeanInfo> (0x00000000887fdd40) 
thrown [s\src\hotspot\share\classfile\systemDictionary.cpp, line 256]
Event: 4.524 Thread 0x000001874ebe3540 Exception <a 'java/lang/ClassNotFoundException'{0x000000008860ad58}: org/gradle/api/internal/project/DefaultProjectBeanInfo> (0x000000008860ad58) 
thrown [s\src\hotspot\share\classfile\systemDictionary.cpp, line 256]
Event: 4.524 Thread 0x000001874ebe3540 Exception <a 'java/lang/ClassNotFoundException'{0x00000000886178b8}: org/gradle/api/internal/project/DefaultProjectCustomizer> (0x00000000886178b8) 
thrown [s\src\hotspot\share\classfile\systemDictionary.cpp, line 256]
Event: 4.527 Thread 0x000001874ebe3540 Exception <a 'java/lang/ClassNotFoundException'{0x00000000886c0cb0}: org/gradle/api/internal/project/DefaultProject_DecoratedCustomizer> (0x00000000886c0cb0) 
thrown [s\src\hotspot\share\classfile\systemDictionary.cpp, line 256]
Event: 5.012 Thread 0x000001874ebe3540 Exception <a 'java/lang/NoSuchMethodError'{0x0000000086f6b908}: 'java.lang.Object java.lang.invoke.DirectMethodHandle$Holder.newInvokeSpecial(java.lang.Object, java.lang.Object, java.lang.Object, java.lang.Object, java.lang.Object, int)'> (0x0000000086f6b908) 
thrown [s\src\hotspot\share\interpreter\linkResolver.cpp, line 771]
Event: 5.013 Thread 0x000001874ebe3540 Exception <a 'java/lang/NoSuchMethodError'{0x0000000086f70f60}: 'java.lang.Object java.lang.invoke.DirectMethodHandle$Holder.invokeSpecial(java.lang.Object, java.lang.Object, java.lang.Object, java.lang.Object, java.lang.Object, java.lang.Object, int)'> (0x0000000086f70f60) 
thrown [s\src\hotspot\share\interpreter\linkResolver.cpp, line 771]
Event: 5.035 Thread 0x000001874ebe3540 Exception <a 'java/lang/NoSuchMethodError'{0x0000000086e10e78}: 'void java.lang.invoke.DirectMethodHandle$Holder.invokeStatic(java.lang.Object, java.lang.Object, java.lang.Object, int, java.lang.Object)'> (0x0000000086e10e78) 
thrown [s\src\hotspot\share\interpreter\linkResolver.cpp, line 771]
Event: 5.338 Thread 0x000001874ebe3540 Implicit null exception at 0x000001873e192aef to 0x000001873e192d4c
Event: 5.652 Thread 0x000001874ebe3540 Implicit null exception at 0x000001873e17350f to 0x000001873e173bcc
Event: 5.652 Thread 0x000001874ebe3540 Implicit null exception at 0x000001873e174414 to 0x000001873e174af0
Event: 5.824 Thread 0x000001874ebe3540 Exception <a 'java/lang/NoSuchMethodError'{0x00000000880a8d98}: 'java.lang.Object java.lang.invoke.DirectMethodHandle$Holder.newInvokeSpecial(java.lang.Object, java.lang.Object, java.lang.Object, java.lang.Object, int)'> (0x00000000880a8d98) 
thrown [s\src\hotspot\share\interpreter\linkResolver.cpp, line 771]
Event: 5.824 Thread 0x000001874ebe3540 Exception <a 'java/lang/NoSuchMethodError'{0x00000000880ae1e0}: 'java.lang.Object java.lang.invoke.DirectMethodHandle$Holder.invokeSpecial(java.lang.Object, java.lang.Object, java.lang.Object, java.lang.Object, java.lang.Object, int)'> (0x00000000880ae1e0) 
thrown [s\src\hotspot\share\interpreter\linkResolver.cpp, line 771]
Event: 5.824 Thread 0x000001874ebe3540 Exception <a 'java/lang/NoSuchMethodError'{0x00000000880b2f60}: 'java.lang.Object java.lang.invoke.Invokers$Holder.linkToTargetMethod(java.lang.Object, java.lang.Object, java.lang.Object, int, java.lang.Object)'> (0x00000000880b2f60) 
thrown [s\src\hotspot\share\interpreter\linkResolver.cpp, line 771]
Event: 5.975 Thread 0x000001874ebe3540 Exception <a 'java/lang/NoSuchMethodError'{0x0000000086e90598}: 'int java.lang.invoke.DirectMethodHandle$Holder.invokeInterface(java.lang.Object, java.lang.Object, java.lang.Object, java.lang.Object)'> (0x0000000086e90598) 
thrown [s\src\hotspot\share\interpreter\linkResolver.cpp, line 771]
Event: 6.424 Thread 0x000001874ebe3540 Exception <a 'java/lang/IncompatibleClassChangeError'{0x0000000087cca710}: Found class java.lang.Object, but interface was expected> (0x0000000087cca710) 
thrown [s\src\hotspot\share\interpreter\linkResolver.cpp, line 838]
Event: 6.503 Thread 0x000001874ebe3540 Implicit null exception at 0x000001873e0f60e0 to 0x000001873e0f628c
Event: 6.638 Thread 0x000001874ebe3540 Implicit null exception at 0x000001873e02c10c to 0x000001873e02c242
Event: 6.722 Thread 0x000001874ebe3540 Exception <a 'sun/nio/fs/WindowsException'{0x0000000088d5c1f0}> (0x0000000088d5c1f0) 
thrown [s\src\hotspot\share\prims\jni.cpp, line 517]
Event: 7.183 Thread 0x000001874ebe3540 Implicit null exception at 0x000001873e1c0749 to 0x000001873e1c081c

VM Operations (20 events):
Event: 5.968 Executing VM operation: HandshakeAllThreads
Event: 5.968 Executing VM operation: HandshakeAllThreads done
Event: 5.974 Executing VM operation: HandshakeAllThreads
Event: 5.974 Executing VM operation: HandshakeAllThreads done
Event: 6.067 Executing VM operation: G1CollectForAllocation
Event: 6.071 Executing VM operation: G1CollectForAllocation done
Event: 6.081 Executing VM operation: G1CollectForAllocation
Event: 6.083 Executing VM operation: G1CollectForAllocation done
Event: 6.577 Executing VM operation: G1CollectForAllocation
Event: 6.579 Executing VM operation: G1CollectForAllocation done
Event: 6.603 Executing VM operation: G1Concurrent
Event: 6.605 Executing VM operation: G1Concurrent done
Event: 6.616 Executing VM operation: G1Concurrent
Event: 6.617 Executing VM operation: G1Concurrent done
Event: 6.619 Executing VM operation: HandshakeAllThreads
Event: 6.619 Executing VM operation: HandshakeAllThreads done
Event: 6.943 Executing VM operation: G1CollectForAllocation
Event: 6.946 Executing VM operation: G1CollectForAllocation done
Event: 6.975 Executing VM operation: G1CollectForAllocation
Event: 6.977 Executing VM operation: G1CollectForAllocation done

Events (20 events):
Event: 6.661 loading class sun/security/provider/DSA$SHA256withDSA
Event: 6.662 loading class sun/security/provider/DSA$SHA256withDSA done
Event: 6.670 loading class java/util/Base64
Event: 6.670 loading class java/util/Base64 done
Event: 6.670 loading class java/util/Base64$Decoder
Event: 6.670 loading class java/util/Base64$Decoder done
Event: 6.670 loading class java/util/Base64$Encoder
Event: 6.670 loading class java/util/Base64$Encoder done
Event: 6.670 loading class java/util/jar/JarVerifier$VerifierStream
Event: 6.670 loading class java/util/jar/JarVerifier$VerifierStream done
Event: 6.671 loading class sun/security/util/ManifestEntryVerifier$SunProviderHolder
Event: 6.671 loading class sun/security/util/ManifestEntryVerifier$SunProviderHolder done
Event: 7.054 loading class java/security/KeyStore
Event: 7.054 loading class java/security/KeyStore done
Event: 7.054 loading class java/security/KeyStore$1
Event: 7.054 loading class java/security/KeyStore$1 done
Event: 7.143 loading class javax/xml/stream/XMLStreamException
Event: 7.143 loading class javax/xml/stream/XMLStreamException done
Event: 7.163 loading class sun/reflect/annotation/AnnotationInvocationHandler$1
Event: 7.163 loading class sun/reflect/annotation/AnnotationInvocationHandler$1 done


Dynamic libraries:
0x00007ff69b430000 - 0x00007ff69b43a000 	C:\Program Files\Android\Android Studio\jbr\bin\java.exe
0x00007ffacb550000 - 0x00007ffacb748000 	C:\WINDOWS\SYSTEM32\ntdll.dll
0x00007ffaca400000 - 0x00007ffaca4bd000 	C:\WINDOWS\System32\KERNEL32.DLL
0x00007ffac8ce0000 - 0x00007ffac8fd6000 	C:\WINDOWS\System32\KERNELBASE.dll
0x00007ffac9280000 - 0x00007ffac9380000 	C:\WINDOWS\System32\ucrtbase.dll
0x00007ffabdd70000 - 0x00007ffabdd87000 	C:\Program Files\Android\Android Studio\jbr\bin\jli.dll
0x00007ffabdf30000 - 0x00007ffabdf4b000 	C:\Program Files\Android\Android Studio\jbr\bin\VCRUNTIME140.dll
0x00007ffaca990000 - 0x00007ffacab2e000 	C:\WINDOWS\System32\USER32.dll
0x00007ffab4b20000 - 0x00007ffab4dba000 	C:\WINDOWS\WinSxS\amd64_microsoft.windows.common-controls_6595b64144ccf1df_6.0.19041.3636_none_60b6a03d71f818d5\COMCTL32.dll
0x00007ffac9580000 - 0x00007ffac95a2000 	C:\WINDOWS\System32\win32u.dll
0x00007ffac9610000 - 0x00007ffac963c000 	C:\WINDOWS\System32\GDI32.dll
0x00007ffac9a80000 - 0x00007ffac9b1e000 	C:\WINDOWS\System32\msvcrt.dll
0x00007ffac9160000 - 0x00007ffac927a000 	C:\WINDOWS\System32\gdi32full.dll
0x00007ffac9380000 - 0x00007ffac941d000 	C:\WINDOWS\System32\msvcp_win.dll
0x00007ffacb190000 - 0x00007ffacb1c0000 	C:\WINDOWS\System32\IMM32.DLL
0x00007ffac6440000 - 0x00007ffac644c000 	C:\Program Files\Android\Android Studio\jbr\bin\vcruntime140_1.dll
0x00007ffab5f80000 - 0x00007ffab600d000 	C:\Program Files\Android\Android Studio\jbr\bin\msvcp140.dll
0x00007ffa346d0000 - 0x00007ffa3533e000 	C:\Program Files\Android\Android Studio\jbr\bin\server\jvm.dll
0x00007ffaca860000 - 0x00007ffaca90f000 	C:\WINDOWS\System32\ADVAPI32.dll
0x00007ffacb250000 - 0x00007ffacb2ec000 	C:\WINDOWS\System32\sechost.dll
0x00007ffaca2d0000 - 0x00007ffaca3f6000 	C:\WINDOWS\System32\RPCRT4.dll
0x00007ffac1750000 - 0x00007ffac1777000 	C:\WINDOWS\SYSTEM32\WINMM.dll
0x00007ffac3ff0000 - 0x00007ffac3ff9000 	C:\WINDOWS\SYSTEM32\WSOCK32.dll
0x00007ffac3080000 - 0x00007ffac308a000 	C:\WINDOWS\SYSTEM32\VERSION.dll
0x00007ffaca920000 - 0x00007ffaca98b000 	C:\WINDOWS\System32\WS2_32.dll
0x00007ffac6b10000 - 0x00007ffac6b22000 	C:\WINDOWS\SYSTEM32\kernel.appcore.dll
0x00007ffac3dd0000 - 0x00007ffac3dda000 	C:\Program Files\Android\Android Studio\jbr\bin\jimage.dll
0x00007ffac1ab0000 - 0x00007ffac1c94000 	C:\WINDOWS\SYSTEM32\DBGHELP.DLL
0x00007ffaae850000 - 0x00007ffaae884000 	C:\WINDOWS\SYSTEM32\dbgcore.DLL
0x00007ffac90d0000 - 0x00007ffac9152000 	C:\WINDOWS\System32\bcryptPrimitives.dll
0x00007ffabf1e0000 - 0x00007ffabf205000 	C:\Program Files\Android\Android Studio\jbr\bin\java.dll
0x00007ffac3db0000 - 0x00007ffac3dc8000 	C:\Program Files\Android\Android Studio\jbr\bin\zip.dll
0x00007ffac9b20000 - 0x00007ffaca264000 	C:\WINDOWS\System32\SHELL32.dll
0x00007ffac6d10000 - 0x00007ffac74ab000 	C:\WINDOWS\SYSTEM32\windows.storage.dll
0x00007ffac9720000 - 0x00007ffac9a74000 	C:\WINDOWS\System32\combase.dll
0x00007ffac8670000 - 0x00007ffac869d000 	C:\WINDOWS\SYSTEM32\Wldp.dll
0x00007ffacab30000 - 0x00007ffacabdd000 	C:\WINDOWS\System32\SHCORE.dll
0x00007ffac96c0000 - 0x00007ffac9715000 	C:\WINDOWS\System32\shlwapi.dll
0x00007ffac8b60000 - 0x00007ffac8b85000 	C:\WINDOWS\SYSTEM32\profapi.dll
0x00007ffac3130000 - 0x00007ffac3149000 	C:\Program Files\Android\Android Studio\jbr\bin\net.dll
0x00007ffac2ba0000 - 0x00007ffac2caa000 	C:\WINDOWS\SYSTEM32\WINHTTP.dll
0x00007ffac83d0000 - 0x00007ffac843a000 	C:\WINDOWS\system32\mswsock.dll
0x00007ffabf1a0000 - 0x00007ffabf1b6000 	C:\Program Files\Android\Android Studio\jbr\bin\nio.dll
0x00007ffac46e0000 - 0x00007ffac46f0000 	C:\Program Files\Android\Android Studio\jbr\bin\verify.dll
0x00007ffab6c40000 - 0x00007ffab6c67000 	C:\Users\marco\.gradle\native\68d5fa5c4cc2d200863cafc0d521ce42e7d3e7ee720ec0a83991735586a16f82\windows-amd64\native-platform.dll
0x00007ffa92030000 - 0x00007ffa92174000 	C:\Users\marco\.gradle\native\e376f236ea51e6404a007f0833ffe2c6e607c4080706a723a18a27aeea778392\windows-amd64\native-platform-file-events.dll
0x00007ffac46d0000 - 0x00007ffac46d9000 	C:\Program Files\Android\Android Studio\jbr\bin\management.dll
0x00007ffac3d80000 - 0x00007ffac3d8b000 	C:\Program Files\Android\Android Studio\jbr\bin\management_ext.dll
0x00007ffaca910000 - 0x00007ffaca918000 	C:\WINDOWS\System32\PSAPI.DLL
0x00007ffac85c0000 - 0x00007ffac85d8000 	C:\WINDOWS\SYSTEM32\CRYPTSP.dll
0x00007ffac7c90000 - 0x00007ffac7cc4000 	C:\WINDOWS\system32\rsaenh.dll
0x00007ffac90a0000 - 0x00007ffac90c7000 	C:\WINDOWS\System32\bcrypt.dll
0x00007ffac8ae0000 - 0x00007ffac8b0e000 	C:\WINDOWS\SYSTEM32\USERENV.dll
0x00007ffac85e0000 - 0x00007ffac85ec000 	C:\WINDOWS\SYSTEM32\CRYPTBASE.dll
0x00007ffac8070000 - 0x00007ffac80ab000 	C:\WINDOWS\SYSTEM32\IPHLPAPI.DLL
0x00007ffacb2f0000 - 0x00007ffacb2f8000 	C:\WINDOWS\System32\NSI.dll
0x00007ffac3620000 - 0x00007ffac3637000 	C:\WINDOWS\SYSTEM32\dhcpcsvc6.DLL
0x00007ffac3600000 - 0x00007ffac361d000 	C:\WINDOWS\SYSTEM32\dhcpcsvc.DLL
0x00007ffac80b0000 - 0x00007ffac817a000 	C:\WINDOWS\SYSTEM32\DNSAPI.dll
0x00007ffab50a0000 - 0x00007ffab50a7000 	C:\WINDOWS\system32\wshunix.dll

dbghelp: loaded successfully - version: 4.0.5 - missing functions: none
symbol engine: initialized successfully - sym options: 0x614 - pdb path: .;C:\Program Files\Android\Android Studio\jbr\bin;C:\WINDOWS\SYSTEM32;C:\WINDOWS\WinSxS\amd64_microsoft.windows.common-controls_6595b64144ccf1df_6.0.19041.3636_none_60b6a03d71f818d5;C:\Program Files\Android\Android Studio\jbr\bin\server;C:\Users\marco\.gradle\native\68d5fa5c4cc2d200863cafc0d521ce42e7d3e7ee720ec0a83991735586a16f82\windows-amd64;C:\Users\marco\.gradle\native\e376f236ea51e6404a007f0833ffe2c6e607c4080706a723a18a27aeea778392\windows-amd64

VM Arguments:
jvm_args: --add-opens=java.base/java.util=ALL-UNNAMED --add-opens=java.base/java.lang=ALL-UNNAMED --add-opens=java.base/java.lang.invoke=ALL-UNNAMED --add-opens=java.prefs/java.util.prefs=ALL-UNNAMED --add-opens=java.base/java.nio.charset=ALL-UNNAMED --add-opens=java.base/java.net=ALL-UNNAMED --add-opens=java.base/java.util.concurrent.atomic=ALL-UNNAMED -Xmx2048m -Dfile.encoding=UTF-8 -Duser.country=BR -Duser.language=pt -Duser.variant 
java_command: org.gradle.launcher.daemon.bootstrap.GradleDaemon 8.0
java_class_path (initial): C:\Users\marco\.gradle\wrapper\dists\gradle-8.0-bin\ca5e32bp14vu59qr306oxotwh\gradle-8.0\lib\gradle-launcher-8.0.jar
Launcher Type: SUN_STANDARD

[Global flags]
     intx CICompilerCount                          = 3                                         {product} {ergonomic}
     uint ConcGCThreads                            = 2                                         {product} {ergonomic}
     uint G1ConcRefinementThreads                  = 6                                         {product} {ergonomic}
   size_t G1HeapRegionSize                         = 1048576                                   {product} {ergonomic}
    uintx GCDrainStackTargetSize                   = 64                                        {product} {ergonomic}
   size_t InitialHeapSize                          = 268435456                                 {product} {ergonomic}
   size_t MarkStackSize                            = 4194304                                   {product} {ergonomic}
   size_t MaxHeapSize                              = 2147483648                                {product} {command line}
   size_t MaxNewSize                               = 1287651328                                {product} {ergonomic}
   size_t MinHeapDeltaBytes                        = 1048576                                   {product} {ergonomic}
   size_t MinHeapSize                              = 8388608                                   {product} {ergonomic}
    uintx NonNMethodCodeHeapSize                   = 5832780                                {pd product} {ergonomic}
    uintx NonProfiledCodeHeapSize                  = 122912730                              {pd product} {ergonomic}
    uintx ProfiledCodeHeapSize                     = 122912730                              {pd product} {ergonomic}
    uintx ReservedCodeCacheSize                    = 251658240                              {pd product} {ergonomic}
     bool SegmentedCodeCache                       = true                                      {product} {ergonomic}
   size_t SoftMaxHeapSize                          = 2147483648                             {manageable} {ergonomic}
     bool UseCompressedClassPointers               = true                           {product lp64_product} {ergonomic}
     bool UseCompressedOops                        = true                           {product lp64_product} {ergonomic}
     bool UseG1GC                                  = true                                      {product} {ergonomic}
     bool UseLargePagesIndividualAllocation        = false                                  {pd product} {ergonomic}

Logging:
Log output configuration:
 #0: stdout all=warning uptime,level,tags
 #1: stderr all=off uptime,level,tags

Environment Variables:
JAVA_HOME=C:\Program Files\Java\jdk1.8.0_202
PATH=C:\Program Files\Common Files\Oracle\Java\javapath;C:\Program Files (x86)\Common Files\Oracle\Java\javapath;C:\Python310\Scripts\;C:\Python310\;C:\Windows\system32;C:\Windows;C:\Windows\System32\Wbem;C:\Windows\System32\WindowsPowerShell\v1.0\;C:\Windows\System32\OpenSSH\;C:\Users\marco\AppData\Roaming\itch\apps\butler\butler.exe;C:\Program Files (x86)\NVIDIA Corporation\PhysX\Common;C:\Program Files\NVIDIA Corporation\NVIDIA NvDLISR;C:\WINDOWS\system32;C:\WINDOWS;C:\WINDOWS\System32\Wbem;C:\WINDOWS\System32\WindowsPowerShell\v1.0\;C:\WINDOWS\System32\OpenSSH\;C:\Program Files\dotnet\;C:\Program Files (x86)\dotnet\;C:\ProgramData\chocolatey\bin;C:\Program Files\Git\cmd;C:\Program Files\Java\jdk1.8.0_202\bin;C:\Program Files\nodejs\;C:\xamppNovo\php;C:\ProgramData\ComposerSetup\bin;C:\Users\marco\AppData\Local\Programs\Python\Python39\Scripts\;C:\Users\marco\AppData\Local\Programs\Python\Python39\;C:\Users\marco\AppData\Local\Microsoft\WindowsApps;C:\Users\marco\AppData\Local\GitHubDesktop\bin;C:\Users\marco\.dotnet\tools;C:\Users\marco\AppData\Local\Programs\Microsoft VS Code\bin;C:\Users\marco\AppData\Roaming\npm;C:\Users\marco\AppData\Roaming\Composer\vendor\bin;D:\PyCharm\PyCharm Community Edition 2023.2.3\bin;
USERNAME=marco
OS=Windows_NT
PROCESSOR_IDENTIFIER=Intel64 Family 6 Model 158 Stepping 10, GenuineIntel
TMP=C:\Users\marco\AppData\Local\Temp
TEMP=C:\Users\marco\AppData\Local\Temp


JNI global refs:
JNI global refs: 23, weak refs: 0

JNI global refs memory usage: 843, weak refs: 841


---------------  S Y S T E M  ---------------

OS:
 Windows 10 , 64 bit Build 19041 (10.0.19041.3636)
OS uptime: 5 days 0:02 hours

CPU: total 6 (initial active 6) (6 cores per cpu, 1 threads per core) family 6 model 158 stepping 10 microcode 0xb4, cx8, cmov, fxsr, mmx, 3dnowpref, sse, sse2, sse3, ssse3, sse4.1, sse4.2, popcnt, lzcnt, tsc, tscinvbit, avx, avx2, aes, erms, clmul, bmi1, bmi2, adx, fma, vzeroupper, clflush, clflushopt

Memory: 4k page, system-wide physical 16315M (418M free)
TotalPageFile size 26555M (AvailPageFile size 5M)
current process WorkingSet (physical memory assigned to process): 368M, peak: 368M
current process commit charge ("private bytes"): 401M, peak: 402M

vm_info: OpenJDK 64-Bit Server VM (17.0.6+0-b2043.56-10027231) for windows-amd64 JRE (17.0.6+0-b2043.56-10027231), built on Apr 28 2023 00:43:19 by "androidbuild" with MS VC++ 16.10 / 16.11 (VS2019)

END.
